10-Aug-2020-09:58:55 [DemoProject1.ComponentHelper.BrowserHelper] [INFO] [BrowserMaximize] - Browser Maximize
10-Aug-2020-09:58:56 [DemoProject1.ComponentHelper.NavigationHelper] [INFO] [NavigateToUrl] -  Navigate To Page http://disability-dts-sandbox.primussoft.com/?_token=1
10-Aug-2020-09:59:13 [DemoProject1.ComponentHelper.GenericHelper] [INFO] [IsElemetPresent] -  Checking for the element By.XPath: //a[contains(text(),'Word Template')]
10-Aug-2020-09:59:13 [DemoProject1.ComponentHelper.GenericHelper] [INFO] [GetWebdriverWait] -  Wait Object Created 
10-Aug-2020-09:59:13 [DemoProject1.ComponentHelper.GenericHelper] [INFO] [WaitForWebElement] -  Setting the Explicit wait Configured value 
10-Aug-2020-09:59:40 [DemoProject1.ComponentHelper.LinkHelper] [INFO] [ClickLink] -  Clicking on link : By.XPath: //a[contains(text(),'Word Template')]
10-Aug-2020-09:59:42 [DemoProject1.ComponentHelper.GenericHelper] [INFO] [IsElemetPresent] -  Checking for the element By.XPath: //input[@name='templateName']
10-Aug-2020-09:59:43 [DemoProject1.ComponentHelper.TextBoxHelper] [INFO] [TypeInTexBox] - Type in the textboxDevtest0810_0958
10-Aug-2020-09:59:44 [DemoProject1.ComponentHelper.GenericHelper] [INFO] [IsElemetPresent] -  Checking for the element By.XPath: //input[@name='GroupName']
10-Aug-2020-09:59:44 [DemoProject1.ComponentHelper.TextBoxHelper] [INFO] [TypeInTexBox] - Type in the textboxPrimus Test
10-Aug-2020-09:59:45 [DemoProject1.ComponentHelper.GenericHelper] [INFO] [IsElemetPresent] -  Checking for the element By.XPath: //input[@name='secondaryCat']
10-Aug-2020-09:59:45 [DemoProject1.ComponentHelper.TextBoxHelper] [INFO] [TypeInTexBox] - Type in the textboxBA
10-Aug-2020-09:59:46 [DemoProject1.ComponentHelper.GenericHelper] [INFO] [IsElemetPresent] -  Checking for the element By.XPath: //textarea[@name='description']
10-Aug-2020-09:59:46 [DemoProject1.ComponentHelper.TextBoxHelper] [INFO] [TypeInTexBox] - Type in the textboxDocument
10-Aug-2020-09:59:47 [DemoProject1.ComponentHelper.GenericHelper] [INFO] [IsElemetPresent] -  Checking for the element By.XPath: //label[contains(text(),'Attach file')]
10-Aug-2020-09:59:47 [DemoProject1.ComponentHelper.GenericHelper] [INFO] [GetWebdriverWait] -  Wait Object Created 
10-Aug-2020-09:59:47 [DemoProject1.ComponentHelper.GenericHelper] [INFO] [WaitForWebElement] -  Setting the Explicit wait Configured value 
10-Aug-2020-09:59:49 [DemoProject1.ComponentHelper.TakeScreenShots] [INFO] [CaptureScreenshoots] -  ScreenShot Taken : Word Template Properties with Attachement.jpeg2020-08-10-59-49
10-Aug-2020-09:59:49 [DemoProject1.ComponentHelper.NavigationHelper] [INFO] [NavigateToUrl] -  Navigate To Page http://disability-dts-sandbox.primussoft.com/?_token=1
10-Aug-2020-10:00:10 [DemoProject1.ComponentHelper.GenericHelper] [INFO] [IsElemetPresent] -  Checking for the element By.XPath: //a[contains(text(),'Word Template')]
10-Aug-2020-10:00:10 [DemoProject1.ComponentHelper.GenericHelper] [INFO] [GetWebdriverWait] -  Wait Object Created 
10-Aug-2020-10:00:10 [DemoProject1.ComponentHelper.GenericHelper] [INFO] [WaitForWebElement] -  Setting the Explicit wait Configured value 
10-Aug-2020-10:00:10 [DemoProject1.ComponentHelper.LinkHelper] [INFO] [ClickLink] -  Clicking on link : By.XPath: //a[contains(text(),'Word Template')]
10-Aug-2020-10:00:12 [DemoProject1.ComponentHelper.GenericHelper] [INFO] [IsElemetPresent] -  Checking for the element By.XPath: //input[@name='templateName']
10-Aug-2020-10:00:12 [DemoProject1.ComponentHelper.TextBoxHelper] [INFO] [TypeInTexBox] - Type in the textboxDevtest0810_0959
10-Aug-2020-10:00:13 [DemoProject1.ComponentHelper.GenericHelper] [INFO] [IsElemetPresent] -  Checking for the element By.XPath: //input[@name='GroupName']
10-Aug-2020-10:00:14 [DemoProject1.ComponentHelper.TextBoxHelper] [INFO] [TypeInTexBox] - Type in the textboxPrimus Test
10-Aug-2020-10:00:15 [DemoProject1.ComponentHelper.GenericHelper] [INFO] [IsElemetPresent] -  Checking for the element By.XPath: //input[@name='secondaryCat']
10-Aug-2020-10:00:15 [DemoProject1.ComponentHelper.TextBoxHelper] [INFO] [TypeInTexBox] - Type in the textboxBA
10-Aug-2020-10:00:16 [DemoProject1.ComponentHelper.GenericHelper] [INFO] [IsElemetPresent] -  Checking for the element By.XPath: //textarea[@name='description']
10-Aug-2020-10:00:16 [DemoProject1.ComponentHelper.TextBoxHelper] [INFO] [TypeInTexBox] - Type in the textboxDocument
10-Aug-2020-10:00:21 [DemoProject1.ComponentHelper.GenericHelper] [INFO] [IsElemetPresent] -  Checking for the element By.XPath: //span[text()='Save']
10-Aug-2020-10:00:21 [DemoProject1.ComponentHelper.ButtonHelper] [INFO] [ClickOnButton] -  Button Click @ By.XPath: //span[text()='Save']
10-Aug-2020-10:00:25 [DemoProject1.ComponentHelper.AssertHelper] [INFO] [AreEqual] - Actaual result is equal to expected result
10-Aug-2020-10:00:25 [DemoProject1.BaseClass.BaseClass] [INFO] [TearDown] -  Stopping the Driver  
