11-Aug-2020-05:51:16 [DemoProject1.ComponentHelper.BrowserHelper] [INFO] [BrowserMaximize] - Browser Maximize
11-Aug-2020-05:51:17 [DemoProject1.ComponentHelper.NavigationHelper] [INFO] [NavigateToUrl] -  Navigate To Page http://disability-dts-sandbox.primussoft.com/?_token=2
11-Aug-2020-05:51:25 [DemoProject1.ComponentHelper.GenericHelper] [INFO] [IsElemetPresent] -  Checking for the element By.XPath: //a[contains(text(),'Word Template')]
11-Aug-2020-05:51:25 [DemoProject1.ComponentHelper.GenericHelper] [INFO] [GetWebdriverWait] -  Wait Object Created 
11-Aug-2020-05:51:25 [DemoProject1.ComponentHelper.GenericHelper] [INFO] [WaitForWebElement] -  Setting the Explicit wait Configured value 
11-Aug-2020-05:51:25 [DemoProject1.ComponentHelper.LinkHelper] [INFO] [ClickLink] -  Clicking on link : By.XPath: //a[contains(text(),'Word Template')]
11-Aug-2020-05:51:27 [DemoProject1.ComponentHelper.GenericHelper] [INFO] [IsElemetPresent] -  Checking for the element By.XPath: //input[@name='templateName']
11-Aug-2020-05:51:28 [DemoProject1.ComponentHelper.TextBoxHelper] [INFO] [TypeInTexBox] - Type in the textboxDevtest0811_0551
11-Aug-2020-05:51:29 [DemoProject1.ComponentHelper.GenericHelper] [INFO] [IsElemetPresent] -  Checking for the element By.XPath: //input[@name='GroupName']
11-Aug-2020-05:51:29 [DemoProject1.ComponentHelper.TextBoxHelper] [INFO] [TypeInTexBox] - Type in the textboxPrimus Test
11-Aug-2020-05:51:30 [DemoProject1.ComponentHelper.GenericHelper] [INFO] [IsElemetPresent] -  Checking for the element By.XPath: //input[@name='secondaryCat']
11-Aug-2020-05:51:30 [DemoProject1.ComponentHelper.TextBoxHelper] [INFO] [TypeInTexBox] - Type in the textboxBA
11-Aug-2020-05:51:31 [DemoProject1.ComponentHelper.GenericHelper] [INFO] [IsElemetPresent] -  Checking for the element By.XPath: //textarea[@name='description']
11-Aug-2020-05:51:31 [DemoProject1.ComponentHelper.TextBoxHelper] [INFO] [TypeInTexBox] - Type in the textboxDocument
11-Aug-2020-05:51:32 [DemoProject1.ComponentHelper.GenericHelper] [INFO] [IsElemetPresent] -  Checking for the element By.XPath: //label[contains(text(),'Attach file')]
11-Aug-2020-05:51:32 [DemoProject1.ComponentHelper.GenericHelper] [INFO] [GetWebdriverWait] -  Wait Object Created 
11-Aug-2020-05:51:32 [DemoProject1.ComponentHelper.GenericHelper] [INFO] [WaitForWebElement] -  Setting the Explicit wait Configured value 
11-Aug-2020-05:51:32 [DemoProject1.ComponentHelper.LinkHelper] [INFO] [ClickLink] -  Clicking on link : By.XPath: //label[contains(text(),'Attach file')]
11-Aug-2020-05:51:38 [DemoProject1.ComponentHelper.GenericHelper] [INFO] [IsElemetPresent] -  Checking for the element By.XPath: //label[contains(text(),'Attach file')]
11-Aug-2020-05:51:38 [DemoProject1.ComponentHelper.GenericHelper] [INFO] [GetWebdriverWait] -  Wait Object Created 
11-Aug-2020-05:51:38 [DemoProject1.ComponentHelper.GenericHelper] [INFO] [WaitForWebElement] -  Setting the Explicit wait Configured value 
11-Aug-2020-05:51:38 [DemoProject1.ComponentHelper.LinkHelper] [INFO] [ClickLink] -  Clicking on link : By.XPath: //label[contains(text(),'Attach file')]
11-Aug-2020-05:51:42 [DemoProject1.ComponentHelper.GenericHelper] [INFO] [IsElemetPresent] -  Checking for the element By.XPath: //label[contains(text(),'Attach file')]
11-Aug-2020-05:51:42 [DemoProject1.ComponentHelper.GenericHelper] [INFO] [GetWebdriverWait] -  Wait Object Created 
11-Aug-2020-05:51:42 [DemoProject1.ComponentHelper.GenericHelper] [INFO] [WaitForWebElement] -  Setting the Explicit wait Configured value 
11-Aug-2020-05:51:42 [DemoProject1.ComponentHelper.LinkHelper] [INFO] [ClickLink] -  Clicking on link : By.XPath: //label[contains(text(),'Attach file')]
11-Aug-2020-05:51:52 [DemoProject1.ComponentHelper.GenericHelper] [INFO] [IsElemetPresent] -  Checking for the element By.XPath: //span[text()='Save']
11-Aug-2020-05:51:52 [DemoProject1.ComponentHelper.ButtonHelper] [INFO] [ClickOnButton] -  Button Click @ By.XPath: //span[text()='Save']
11-Aug-2020-05:52:06 [DemoProject1.ComponentHelper.AssertHelper] [INFO] [AreEqual] - Actaual result is not equal to expected result
11-Aug-2020-05:52:09 [DemoProject1.ComponentHelper.GenericHelper] [INFO] [IsElemetPresent] -  Checking for the element By.XPath: //span[contains(text(),'Email Template')]
11-Aug-2020-05:52:09 [DemoProject1.ComponentHelper.GenericHelper] [INFO] [GetWebdriverWait] -  Wait Object Created 
11-Aug-2020-05:52:09 [DemoProject1.ComponentHelper.GenericHelper] [INFO] [WaitForWebElement] -  Setting the Explicit wait Configured value 
11-Aug-2020-05:52:09 [DemoProject1.ComponentHelper.LinkHelper] [INFO] [ClickLink] -  Clicking on link : By.XPath: //span[contains(text(),'Email Template')]
11-Aug-2020-05:52:13 [DemoProject1.ComponentHelper.GenericHelper] [INFO] [IsElemetPresent] -  Checking for the element By.XPath: //span[contains(text(),'Word Template')]
11-Aug-2020-05:52:13 [DemoProject1.ComponentHelper.GenericHelper] [INFO] [GetWebdriverWait] -  Wait Object Created 
11-Aug-2020-05:52:13 [DemoProject1.ComponentHelper.GenericHelper] [INFO] [WaitForWebElement] -  Setting the Explicit wait Configured value 
11-Aug-2020-05:52:13 [DemoProject1.ComponentHelper.LinkHelper] [INFO] [ClickLink] -  Clicking on link : By.XPath: //span[contains(text(),'Word Template')]
11-Aug-2020-05:52:16 [DemoProject1.ComponentHelper.GenericHelper] [INFO] [IsElemetPresent] -  Checking for the element By.XPath: (//mat-select)[2]
11-Aug-2020-05:52:16 [DemoProject1.ComponentHelper.GenericHelper] [INFO] [GetWebdriverWait] -  Wait Object Created 
11-Aug-2020-05:52:16 [DemoProject1.ComponentHelper.GenericHelper] [INFO] [WaitForWebElement] -  Setting the Explicit wait Configured value 
11-Aug-2020-05:52:16 [DemoProject1.ComponentHelper.LinkHelper] [INFO] [ClickLink] -  Clicking on link : By.XPath: (//mat-select)[2]
11-Aug-2020-05:52:19 [DemoProject1.ComponentHelper.GenericHelper] [INFO] [IsElemetPresent] -  Checking for the element By.XPath: //span[@class='mat-option-text'][contains(text(),'Name')]
11-Aug-2020-05:52:19 [DemoProject1.ComponentHelper.GenericHelper] [INFO] [GetWebdriverWait] -  Wait Object Created 
11-Aug-2020-05:52:19 [DemoProject1.ComponentHelper.GenericHelper] [INFO] [WaitForWebElement] -  Setting the Explicit wait Configured value 
11-Aug-2020-05:52:20 [DemoProject1.ComponentHelper.LinkHelper] [INFO] [ClickLink] -  Clicking on link : By.XPath: //span[@class='mat-option-text'][contains(text(),'Name')]
11-Aug-2020-05:52:20 [DemoProject1.ComponentHelper.GenericHelper] [INFO] [IsElemetPresent] -  Checking for the element By.XPath: //input[@placeholder='Search in Template...']
11-Aug-2020-05:52:20 [DemoProject1.ComponentHelper.TextBoxHelper] [INFO] [TypeInTexBox] - Type in the textboxDevtest0811_0551
11-Aug-2020-05:52:23 [DemoProject1.ComponentHelper.GenericHelper] [INFO] [GetWebdriverWait] -  Wait Object Created 
11-Aug-2020-05:52:23 [DemoProject1.ComponentHelper.GenericHelper] [INFO] [WaitForWebElementInPage] -  Setting the Explicit wait Configured value 
11-Aug-2020-05:52:23 [DemoProject1.DTS_StepDefination.CreateNewWordTemplate] [INFO] [ThenTheWordTemplateShouldBePresent] - Saved Word template is present on searching at home page
11-Aug-2020-05:52:23 [DemoProject1.ComponentHelper.GenericHelper] [INFO] [IsElemetPresent] -  Checking for the element By.XPath: //tr[1]//td[4]//i[3]
11-Aug-2020-05:53:04 [DemoProject1.ComponentHelper.TakeScreenShots] [INFO] [CaptureScreenshoots] -  ScreenShot Taken : 2  Ability to delete a word template.jpeg2020-08-11-53-04
11-Aug-2020-05:53:04 [DemoProject1.BaseClass.BaseClass] [INFO] [TearDown] -  Stopping the Driver  
