11-Aug-2020-05:44:56 [DemoProject1.ComponentHelper.BrowserHelper] [INFO] [BrowserMaximize] - Browser Maximize
11-Aug-2020-05:44:56 [DemoProject1.ComponentHelper.NavigationHelper] [INFO] [NavigateToUrl] -  Navigate To Page http://disability-dts-sandbox.primussoft.com/?_token=2
11-Aug-2020-05:45:22 [DemoProject1.ComponentHelper.GenericHelper] [INFO] [IsElemetPresent] -  Checking for the element By.XPath: //a[contains(text(),'Word Template')]
11-Aug-2020-05:45:22 [DemoProject1.ComponentHelper.GenericHelper] [INFO] [GetWebdriverWait] -  Wait Object Created 
11-Aug-2020-05:45:22 [DemoProject1.ComponentHelper.GenericHelper] [INFO] [WaitForWebElement] -  Setting the Explicit wait Configured value 
11-Aug-2020-05:45:22 [DemoProject1.ComponentHelper.LinkHelper] [INFO] [ClickLink] -  Clicking on link : By.XPath: //a[contains(text(),'Word Template')]
11-Aug-2020-05:45:24 [DemoProject1.ComponentHelper.GenericHelper] [INFO] [IsElemetPresent] -  Checking for the element By.XPath: //input[@name='templateName']
11-Aug-2020-05:45:24 [DemoProject1.ComponentHelper.TextBoxHelper] [INFO] [TypeInTexBox] - Type in the textboxDevtest0811_0544
11-Aug-2020-05:45:25 [DemoProject1.ComponentHelper.GenericHelper] [INFO] [IsElemetPresent] -  Checking for the element By.XPath: //input[@name='GroupName']
11-Aug-2020-05:45:26 [DemoProject1.ComponentHelper.TextBoxHelper] [INFO] [TypeInTexBox] - Type in the textboxPrimus Test
11-Aug-2020-05:45:27 [DemoProject1.ComponentHelper.GenericHelper] [INFO] [IsElemetPresent] -  Checking for the element By.XPath: //input[@name='secondaryCat']
11-Aug-2020-05:45:27 [DemoProject1.ComponentHelper.TextBoxHelper] [INFO] [TypeInTexBox] - Type in the textboxBA
11-Aug-2020-05:45:28 [DemoProject1.ComponentHelper.GenericHelper] [INFO] [IsElemetPresent] -  Checking for the element By.XPath: //textarea[@name='description']
11-Aug-2020-05:45:28 [DemoProject1.ComponentHelper.TextBoxHelper] [INFO] [TypeInTexBox] - Type in the textboxDocument
11-Aug-2020-05:45:29 [DemoProject1.ComponentHelper.GenericHelper] [INFO] [IsElemetPresent] -  Checking for the element By.XPath: //label[contains(text(),'Attach file')]
11-Aug-2020-05:45:29 [DemoProject1.ComponentHelper.GenericHelper] [INFO] [GetWebdriverWait] -  Wait Object Created 
11-Aug-2020-05:45:29 [DemoProject1.ComponentHelper.GenericHelper] [INFO] [WaitForWebElement] -  Setting the Explicit wait Configured value 
11-Aug-2020-05:45:29 [DemoProject1.ComponentHelper.LinkHelper] [INFO] [ClickLink] -  Clicking on link : By.XPath: //label[contains(text(),'Attach file')]
11-Aug-2020-05:45:34 [DemoProject1.ComponentHelper.GenericHelper] [INFO] [IsElemetPresent] -  Checking for the element By.XPath: //label[contains(text(),'Attach file')]
11-Aug-2020-05:45:34 [DemoProject1.ComponentHelper.GenericHelper] [INFO] [GetWebdriverWait] -  Wait Object Created 
11-Aug-2020-05:45:34 [DemoProject1.ComponentHelper.GenericHelper] [INFO] [WaitForWebElement] -  Setting the Explicit wait Configured value 
11-Aug-2020-05:45:34 [DemoProject1.ComponentHelper.LinkHelper] [INFO] [ClickLink] -  Clicking on link : By.XPath: //label[contains(text(),'Attach file')]
11-Aug-2020-05:45:38 [DemoProject1.ComponentHelper.GenericHelper] [INFO] [IsElemetPresent] -  Checking for the element By.XPath: //label[contains(text(),'Attach file')]
11-Aug-2020-05:45:38 [DemoProject1.ComponentHelper.GenericHelper] [INFO] [GetWebdriverWait] -  Wait Object Created 
11-Aug-2020-05:45:38 [DemoProject1.ComponentHelper.GenericHelper] [INFO] [WaitForWebElement] -  Setting the Explicit wait Configured value 
11-Aug-2020-05:45:38 [DemoProject1.ComponentHelper.LinkHelper] [INFO] [ClickLink] -  Clicking on link : By.XPath: //label[contains(text(),'Attach file')]
11-Aug-2020-05:45:48 [DemoProject1.ComponentHelper.GenericHelper] [INFO] [IsElemetPresent] -  Checking for the element By.XPath: //span[text()='Save']
11-Aug-2020-05:45:48 [DemoProject1.ComponentHelper.ButtonHelper] [INFO] [ClickOnButton] -  Button Click @ By.XPath: //span[text()='Save']
11-Aug-2020-05:46:11 [DemoProject1.ComponentHelper.AssertHelper] [INFO] [AreEqual] - Actaual result is not equal to expected result
11-Aug-2020-05:46:14 [DemoProject1.ComponentHelper.GenericHelper] [INFO] [IsElemetPresent] -  Checking for the element By.XPath: //span[contains(text(),'Email Template')]
11-Aug-2020-05:46:14 [DemoProject1.ComponentHelper.GenericHelper] [INFO] [GetWebdriverWait] -  Wait Object Created 
11-Aug-2020-05:46:14 [DemoProject1.ComponentHelper.GenericHelper] [INFO] [WaitForWebElement] -  Setting the Explicit wait Configured value 
11-Aug-2020-05:46:14 [DemoProject1.ComponentHelper.LinkHelper] [INFO] [ClickLink] -  Clicking on link : By.XPath: //span[contains(text(),'Email Template')]
11-Aug-2020-05:46:16 [DemoProject1.ComponentHelper.GenericHelper] [INFO] [IsElemetPresent] -  Checking for the element By.XPath: //span[contains(text(),'Word Template')]
11-Aug-2020-05:46:16 [DemoProject1.ComponentHelper.GenericHelper] [INFO] [GetWebdriverWait] -  Wait Object Created 
11-Aug-2020-05:46:16 [DemoProject1.ComponentHelper.GenericHelper] [INFO] [WaitForWebElement] -  Setting the Explicit wait Configured value 
11-Aug-2020-05:46:16 [DemoProject1.ComponentHelper.LinkHelper] [INFO] [ClickLink] -  Clicking on link : By.XPath: //span[contains(text(),'Word Template')]
11-Aug-2020-05:46:18 [DemoProject1.ComponentHelper.GenericHelper] [INFO] [IsElemetPresent] -  Checking for the element By.XPath: (//mat-select)[2]
11-Aug-2020-05:46:18 [DemoProject1.ComponentHelper.GenericHelper] [INFO] [GetWebdriverWait] -  Wait Object Created 
11-Aug-2020-05:46:18 [DemoProject1.ComponentHelper.GenericHelper] [INFO] [WaitForWebElement] -  Setting the Explicit wait Configured value 
11-Aug-2020-05:46:20 [DemoProject1.ComponentHelper.TakeScreenShots] [INFO] [CaptureScreenshoots] -  ScreenShot Taken : 2  Ability to delete a word template.jpeg2020-08-11-46-20
11-Aug-2020-05:46:21 [DemoProject1.BaseClass.BaseClass] [INFO] [TearDown] -  Stopping the Driver  
