21-Jul-2020-08:26:37 [DemoProject1.ComponentHelper.BrowserHelper] [INFO] [BrowserMaximize] - Browser Maximize
21-Jul-2020-08:26:38 [DemoProject1.ComponentHelper.NavigationHelper] [INFO] [NavigateToUrl] -  Navigate To Page http://disability-dts-sandbox.primussoft.com/
21-Jul-2020-08:26:45 [DemoProject1.ComponentHelper.GenericHelper] [INFO] [IsElemetPresent] -  Checking for the element By.XPath: //a[contains(text(),'Email Template')]
21-Jul-2020-08:27:26 [DemoProject1.ComponentHelper.TakeScreenShots] [INFO] [CaptureScreenshoots] -  ScreenShot Taken : Email Template Properties with Attachment.jpeg2020-07-21-27-26
21-Jul-2020-08:27:26 [DemoProject1.ComponentHelper.NavigationHelper] [INFO] [NavigateToUrl] -  Navigate To Page http://disability-dts-sandbox.primussoft.com/
21-Jul-2020-08:27:30 [DemoProject1.ComponentHelper.GenericHelper] [INFO] [IsElemetPresent] -  Checking for the element By.XPath: //a[contains(text(),'Email Template')]
21-Jul-2020-08:27:30 [DemoProject1.ComponentHelper.LinkHelper] [INFO] [ClickLink] -  Clicking on link : By.XPath: //a[contains(text(),'Email Template')]
21-Jul-2020-08:27:32 [DemoProject1.ComponentHelper.GenericHelper] [INFO] [IsElemetPresent] -  Checking for the element By.XPath: //input[@id='mat-input-0']
21-Jul-2020-08:27:33 [DemoProject1.ComponentHelper.TextBoxHelper] [INFO] [TypeInTexBox] - Type in the textboxRandy
21-Jul-2020-08:27:34 [DemoProject1.ComponentHelper.GenericHelper] [INFO] [IsElemetPresent] -  Checking for the element By.XPath: //input[@id='mat-input-2']
21-Jul-2020-08:27:34 [DemoProject1.ComponentHelper.TextBoxHelper] [INFO] [TypeInTexBox] - Type in the textboxPrimustest
21-Jul-2020-08:27:35 [DemoProject1.ComponentHelper.GenericHelper] [INFO] [IsElemetPresent] -  Checking for the element By.XPath: //textarea[@id='mat-input-3']
21-Jul-2020-08:27:35 [DemoProject1.ComponentHelper.TextBoxHelper] [INFO] [TypeInTexBox] - Type in the textboxtest
21-Jul-2020-08:27:36 [DemoProject1.ComponentHelper.GenericHelper] [INFO] [IsElemetPresent] -  Checking for the element By.XPath: //input[@ng-reflect-placeholder='From']
21-Jul-2020-08:27:36 [DemoProject1.ComponentHelper.TextBoxHelper] [INFO] [TypeInTexBox] - Type in the textboxabc@gmail.com
21-Jul-2020-08:27:37 [DemoProject1.ComponentHelper.GenericHelper] [INFO] [IsElemetPresent] -  Checking for the element By.XPath: //input[@ng-reflect-placeholder='To']
21-Jul-2020-08:27:38 [DemoProject1.ComponentHelper.TextBoxHelper] [INFO] [TypeInTexBox] - Type in the textboxxyz@gmail.com
21-Jul-2020-08:27:39 [DemoProject1.ComponentHelper.GenericHelper] [INFO] [IsElemetPresent] -  Checking for the element By.XPath: //input[@ng-reflect-placeholder='Cc']
21-Jul-2020-08:27:39 [DemoProject1.ComponentHelper.TextBoxHelper] [INFO] [TypeInTexBox] - Type in the textboxxyz@gmail.com
21-Jul-2020-08:27:40 [DemoProject1.ComponentHelper.GenericHelper] [INFO] [IsElemetPresent] -  Checking for the element By.XPath: //input[@ng-reflect-placeholder='Subject']
21-Jul-2020-08:27:40 [DemoProject1.ComponentHelper.TextBoxHelper] [INFO] [TypeInTexBox] - Type in the textboxLeave Request
21-Jul-2020-08:27:42 [DemoProject1.ComponentHelper.GenericHelper] [INFO] [IsElemetPresent] -  Checking for the element By.XPath: //input[@id='mat-checkbox-1-input']
21-Jul-2020-08:28:23 [DemoProject1.ComponentHelper.TakeScreenShots] [INFO] [CaptureScreenshoots] -  ScreenShot Taken : Email Template Properties without Attachment.jpeg2020-07-21-28-23
21-Jul-2020-08:28:23 [DemoProject1.ComponentHelper.NavigationHelper] [INFO] [NavigateToUrl] -  Navigate To Page http://disability-dts-sandbox.primussoft.com/
21-Jul-2020-08:28:27 [DemoProject1.ComponentHelper.GenericHelper] [INFO] [IsElemetPresent] -  Checking for the element By.XPath: //a[contains(text(),'Email Template')]
21-Jul-2020-08:28:27 [DemoProject1.ComponentHelper.LinkHelper] [INFO] [ClickLink] -  Clicking on link : By.XPath: //a[contains(text(),'Email Template')]
21-Jul-2020-08:28:29 [DemoProject1.ComponentHelper.GenericHelper] [INFO] [IsElemetPresent] -  Checking for the element By.XPath: //input[@id='mat-input-0']
21-Jul-2020-08:28:29 [DemoProject1.ComponentHelper.TextBoxHelper] [INFO] [TypeInTexBox] - Type in the textboxRandy
21-Jul-2020-08:28:30 [DemoProject1.ComponentHelper.GenericHelper] [INFO] [IsElemetPresent] -  Checking for the element By.XPath: //input[@id='mat-input-2']
21-Jul-2020-08:28:31 [DemoProject1.ComponentHelper.TextBoxHelper] [INFO] [TypeInTexBox] - Type in the textboxPrimustest
21-Jul-2020-08:28:32 [DemoProject1.ComponentHelper.GenericHelper] [INFO] [IsElemetPresent] -  Checking for the element By.XPath: //textarea[@id='mat-input-3']
21-Jul-2020-08:28:32 [DemoProject1.ComponentHelper.TextBoxHelper] [INFO] [TypeInTexBox] - Type in the textboxtest
21-Jul-2020-08:28:33 [DemoProject1.ComponentHelper.GenericHelper] [INFO] [IsElemetPresent] -  Checking for the element By.XPath: //input[@ng-reflect-placeholder='From']
21-Jul-2020-08:28:33 [DemoProject1.ComponentHelper.TextBoxHelper] [INFO] [TypeInTexBox] - Type in the textboxabc@gmail.com
21-Jul-2020-08:28:34 [DemoProject1.ComponentHelper.GenericHelper] [INFO] [IsElemetPresent] -  Checking for the element By.XPath: //input[@ng-reflect-placeholder='To']
21-Jul-2020-08:28:34 [DemoProject1.ComponentHelper.TextBoxHelper] [INFO] [TypeInTexBox] - Type in the textboxxyz@gmail.com
21-Jul-2020-08:28:35 [DemoProject1.ComponentHelper.GenericHelper] [INFO] [IsElemetPresent] -  Checking for the element By.XPath: //input[@ng-reflect-placeholder='Cc']
21-Jul-2020-08:28:36 [DemoProject1.ComponentHelper.TextBoxHelper] [INFO] [TypeInTexBox] - Type in the textboxxyz@gmail.com
21-Jul-2020-08:28:37 [DemoProject1.ComponentHelper.GenericHelper] [INFO] [IsElemetPresent] -  Checking for the element By.XPath: //input[@ng-reflect-placeholder='Subject']
21-Jul-2020-08:28:37 [DemoProject1.ComponentHelper.TextBoxHelper] [INFO] [TypeInTexBox] - Type in the textboxLeave Request
21-Jul-2020-08:29:16 [DemoProject1.ComponentHelper.GenericHelper] [INFO] [IsElemetPresent] -  Checking for the element By.XPath: //button[@class='mat-focus-indicator light btn mat-raised-button mat-button-base ng-star-inserted']
21-Jul-2020-08:29:57 [DemoProject1.ComponentHelper.TakeScreenShots] [INFO] [CaptureScreenshoots] -  ScreenShot Taken : 3 Merge Fields selection ability from Merge Fields list in Template Body and Subject.jpeg2020-07-21-29-57
21-Jul-2020-08:29:57 [DemoProject1.BaseClass.BaseClass] [INFO] [TearDown] -  Stopping the Driver  
