18-Aug-2020-06:35:01 [DemoProject1.ComponentHelper.BrowserHelper] [INFO] [BrowserMaximize] - Browser Maximize
18-Aug-2020-06:35:02 [DemoProject1.ComponentHelper.NavigationHelper] [INFO] [NavigateToUrl] -  Navigate To Page http://disability-dts-sandbox.primussoft.com/?_token=2
18-Aug-2020-06:35:11 [DemoProject1.ComponentHelper.GenericHelper] [INFO] [IsElemetPresent] -  Checking for the element By.XPath: //a[contains(text(),'Script')]
18-Aug-2020-06:35:11 [DemoProject1.ComponentHelper.GenericHelper] [INFO] [GetWebdriverWait] -  Wait Object Created 
18-Aug-2020-06:35:11 [DemoProject1.ComponentHelper.GenericHelper] [INFO] [WaitForWebElement] -  Setting the Explicit wait Configured value 
18-Aug-2020-06:35:11 [DemoProject1.ComponentHelper.LinkHelper] [INFO] [ClickLink] -  Clicking on link : By.XPath: //a[contains(text(),'Script')]
18-Aug-2020-06:35:11 [DemoProject1.ComponentHelper.GenericHelper] [INFO] [IsElemetPresent] -  Checking for the element By.XPath: //input[@name='templateName']
18-Aug-2020-06:35:12 [DemoProject1.DTS_StepDefination.CreateNewScriptTemplate] [INFO] [ThenIShouldBeOnScriptTemplatePage] - I am on the script templete page
18-Aug-2020-06:35:12 [DemoProject1.ComponentHelper.GenericHelper] [INFO] [IsElemetPresent] -  Checking for the element By.XPath: //input[@id='mat-input-0']
18-Aug-2020-06:35:12 [DemoProject1.ComponentHelper.TextBoxHelper] [INFO] [TypeInTexBox] - Type in the textboxScript0818_0635
18-Aug-2020-06:35:13 [DemoProject1.ComponentHelper.GenericHelper] [INFO] [IsElemetPresent] -  Checking for the element By.XPath: //input[@id='mat-input-2']
18-Aug-2020-06:35:13 [DemoProject1.ComponentHelper.TextBoxHelper] [INFO] [TypeInTexBox] - Type in the textboxPrimusTest
18-Aug-2020-06:35:13 [DemoProject1.ComponentHelper.GenericHelper] [INFO] [IsElemetPresent] -  Checking for the element By.XPath: (//mat-option)[1]
18-Aug-2020-06:35:15 [DemoProject1.ComponentHelper.GenericHelper] [INFO] [GetWebdriverWait] -  Wait Object Created 
18-Aug-2020-06:35:15 [DemoProject1.ComponentHelper.GenericHelper] [INFO] [WaitForWebElement] -  Setting the Explicit wait Configured value 
18-Aug-2020-06:35:15 [DemoProject1.ComponentHelper.LinkHelper] [INFO] [ClickLink] -  Clicking on link : By.XPath: (//mat-option)[1]
18-Aug-2020-06:35:16 [DemoProject1.ComponentHelper.GenericHelper] [INFO] [IsElemetPresent] -  Checking for the element By.XPath: //input[@id='mat-input-3']
18-Aug-2020-06:35:16 [DemoProject1.ComponentHelper.TextBoxHelper] [INFO] [TypeInTexBox] - Type in the textboxBA
18-Aug-2020-06:35:16 [DemoProject1.ComponentHelper.GenericHelper] [INFO] [IsElemetPresent] -  Checking for the element By.XPath: (//mat-option)[1]
18-Aug-2020-06:35:17 [DemoProject1.ComponentHelper.GenericHelper] [INFO] [GetWebdriverWait] -  Wait Object Created 
18-Aug-2020-06:35:17 [DemoProject1.ComponentHelper.GenericHelper] [INFO] [WaitForWebElement] -  Setting the Explicit wait Configured value 
18-Aug-2020-06:35:17 [DemoProject1.ComponentHelper.LinkHelper] [INFO] [ClickLink] -  Clicking on link : By.XPath: (//mat-option)[1]
18-Aug-2020-06:35:18 [DemoProject1.ComponentHelper.GenericHelper] [INFO] [IsElemetPresent] -  Checking for the element By.XPath: //textarea[@id='mat-input-4']
18-Aug-2020-06:35:18 [DemoProject1.ComponentHelper.TextBoxHelper] [INFO] [TypeInTexBox] - Type in the textboxThis is test template 
18-Aug-2020-06:35:25 [DemoProject1.ComponentHelper.TakeScreenShots] [INFO] [CaptureScreenshoots] -  ScreenShot Taken : ScriptTemplate Properties without Attachement.jpeg2020-08-18-35-25
18-Aug-2020-06:35:25 [DemoProject1.BaseClass.BaseClass] [INFO] [TearDown] -  Stopping the Driver  
