11-Aug-2020-06:20:28 [DemoProject1.ComponentHelper.BrowserHelper] [INFO] [BrowserMaximize] - Browser Maximize
11-Aug-2020-06:20:28 [DemoProject1.ComponentHelper.NavigationHelper] [INFO] [NavigateToUrl] -  Navigate To Page http://disability-dts-sandbox.primussoft.com/?_token=2
11-Aug-2020-06:20:28 [DemoProject1.ComponentHelper.GenericHelper] [INFO] [GetWebdriverWait] -  Wait Object Created 
11-Aug-2020-06:20:30 [DemoProject1.ComponentHelper.GenericHelper+<>c__DisplayClass1_0] [INFO] [<WaitForWebElementFunc>b__0] -  Waiting for Element : By.XPath: //input[@placeholder='Search in Template...']
11-Aug-2020-06:20:31 [DemoProject1.ComponentHelper.GenericHelper+<>c__DisplayClass1_0] [INFO] [<WaitForWebElementFunc>b__0] -  Waiting for Element : By.XPath: //input[@placeholder='Search in Template...']
11-Aug-2020-06:20:33 [DemoProject1.ComponentHelper.GenericHelper+<>c__DisplayClass1_0] [INFO] [<WaitForWebElementFunc>b__0] -  Waiting for Element : By.XPath: //input[@placeholder='Search in Template...']
11-Aug-2020-06:20:34 [DemoProject1.ComponentHelper.GenericHelper+<>c__DisplayClass1_0] [INFO] [<WaitForWebElementFunc>b__0] -  Waiting for Element : By.XPath: //input[@placeholder='Search in Template...']
11-Aug-2020-06:20:36 [DemoProject1.ComponentHelper.GenericHelper+<>c__DisplayClass1_0] [INFO] [<WaitForWebElementFunc>b__0] -  Waiting for Element : By.XPath: //input[@placeholder='Search in Template...']
11-Aug-2020-06:20:37 [DemoProject1.ComponentHelper.GenericHelper+<>c__DisplayClass1_0] [INFO] [<WaitForWebElementFunc>b__0] -  Waiting for Element : By.XPath: //input[@placeholder='Search in Template...']
11-Aug-2020-06:20:39 [DemoProject1.ComponentHelper.GenericHelper+<>c__DisplayClass1_0] [INFO] [<WaitForWebElementFunc>b__0] -  Waiting for Element : By.XPath: //input[@placeholder='Search in Template...']
11-Aug-2020-06:20:40 [DemoProject1.ComponentHelper.GenericHelper+<>c__DisplayClass1_0] [INFO] [<WaitForWebElementFunc>b__0] -  Waiting for Element : By.XPath: //input[@placeholder='Search in Template...']
11-Aug-2020-06:20:42 [DemoProject1.ComponentHelper.GenericHelper+<>c__DisplayClass1_0] [INFO] [<WaitForWebElementFunc>b__0] -  Waiting for Element : By.XPath: //input[@placeholder='Search in Template...']
11-Aug-2020-06:20:43 [DemoProject1.ComponentHelper.GenericHelper+<>c__DisplayClass1_0] [INFO] [<WaitForWebElementFunc>b__0] -  Waiting for Element : By.XPath: //input[@placeholder='Search in Template...']
11-Aug-2020-06:20:45 [DemoProject1.ComponentHelper.GenericHelper+<>c__DisplayClass1_0] [INFO] [<WaitForWebElementFunc>b__0] -  Waiting for Element : By.XPath: //input[@placeholder='Search in Template...']
11-Aug-2020-06:20:46 [DemoProject1.ComponentHelper.GenericHelper+<>c__DisplayClass1_0] [INFO] [<WaitForWebElementFunc>b__0] -  Waiting for Element : By.XPath: //input[@placeholder='Search in Template...']
11-Aug-2020-06:20:48 [DemoProject1.ComponentHelper.GenericHelper+<>c__DisplayClass1_0] [INFO] [<WaitForWebElementFunc>b__0] -  Waiting for Element : By.XPath: //input[@placeholder='Search in Template...']
11-Aug-2020-06:20:49 [DemoProject1.ComponentHelper.GenericHelper+<>c__DisplayClass1_0] [INFO] [<WaitForWebElementFunc>b__0] -  Waiting for Element : By.XPath: //input[@placeholder='Search in Template...']
11-Aug-2020-06:20:50 [DemoProject1.ComponentHelper.GenericHelper] [INFO] [WaitForWebElement] -  Setting the Explicit wait Configured value 
11-Aug-2020-06:20:50 [DemoProject1.ComponentHelper.GenericHelper] [INFO] [IsElemetPresent] -  Checking for the element By.XPath: //input[@placeholder='Search in Template...']
11-Aug-2020-06:20:50 [DemoProject1.ComponentHelper.TextBoxHelper] [INFO] [TypeInTexBox] - Type in the textboxDevtest
11-Aug-2020-06:21:00 [DemoProject1.ComponentHelper.GenericHelper] [INFO] [IsElemetPresent] -  Checking for the element By.XPath: //mat-select[@id='mat-select-1']
11-Aug-2020-06:21:00 [DemoProject1.ComponentHelper.GenericHelper] [INFO] [GetWebdriverWait] -  Wait Object Created 
11-Aug-2020-06:21:00 [DemoProject1.ComponentHelper.GenericHelper] [INFO] [WaitForWebElement] -  Setting the Explicit wait Configured value 
11-Aug-2020-06:21:00 [DemoProject1.ComponentHelper.LinkHelper] [INFO] [ClickLink] -  Clicking on link : By.XPath: //mat-select[@id='mat-select-1']
11-Aug-2020-06:21:02 [DemoProject1.ComponentHelper.GenericHelper] [INFO] [IsElemetPresent] -  Checking for the element By.XPath: //span[@class='mat-option-text'][contains(text(),'Name')]
11-Aug-2020-06:21:03 [DemoProject1.ComponentHelper.GenericHelper] [INFO] [GetWebdriverWait] -  Wait Object Created 
11-Aug-2020-06:21:03 [DemoProject1.ComponentHelper.GenericHelper] [INFO] [WaitForWebElement] -  Setting the Explicit wait Configured value 
11-Aug-2020-06:21:03 [DemoProject1.ComponentHelper.LinkHelper] [INFO] [ClickLink] -  Clicking on link : By.XPath: //span[@class='mat-option-text'][contains(text(),'Name')]
11-Aug-2020-06:21:43 [DemoProject1.ComponentHelper.TakeScreenShots] [INFO] [CaptureScreenshoots] -  ScreenShot Taken : List of template searched by Name.jpeg2020-08-11-21-43
11-Aug-2020-06:21:44 [DemoProject1.BaseClass.BaseClass] [INFO] [TearDown] -  Stopping the Driver  
