26-Aug-2020-07:43:46 [DemoProject1.ComponentHelper.BrowserHelper] [INFO] [BrowserMaximize] - Browser Maximize
26-Aug-2020-07:43:47 [DemoProject1.ComponentHelper.NavigationHelper] [INFO] [NavigateToUrl] -  Navigate To Page http://disability-dts-sandbox.primussoft.com/?_token=2
26-Aug-2020-07:43:55 [DemoProject1.ComponentHelper.GenericHelper] [INFO] [IsElemetPresent] -  Checking for the element By.XPath: //a[contains(text(),'Script')]
26-Aug-2020-07:43:55 [DemoProject1.ComponentHelper.GenericHelper] [INFO] [GetWebdriverWait] -  Wait Object Created 
26-Aug-2020-07:43:55 [DemoProject1.ComponentHelper.GenericHelper] [INFO] [WaitForWebElement] -  Setting the Explicit wait Configured value 
26-Aug-2020-07:43:55 [DemoProject1.ComponentHelper.LinkHelper] [INFO] [ClickLink] -  Clicking on link : By.XPath: //a[contains(text(),'Script')]
26-Aug-2020-07:43:55 [DemoProject1.ComponentHelper.GenericHelper] [INFO] [IsElemetPresent] -  Checking for the element By.XPath: //input[@name='templateName']
26-Aug-2020-07:43:56 [DemoProject1.DTS_StepDefination.CreateNewScriptTemplate] [INFO] [ThenIShouldBeOnScriptTemplatePage] - I am on the script templete page
26-Aug-2020-07:43:56 [DemoProject1.ComponentHelper.GenericHelper] [INFO] [IsElemetPresent] -  Checking for the element By.XPath: //input[@id='mat-input-0']
26-Aug-2020-07:43:56 [DemoProject1.ComponentHelper.TextBoxHelper] [INFO] [TypeInTexBox] - Type in the textboxScript0826_0743
26-Aug-2020-07:43:57 [DemoProject1.ComponentHelper.GenericHelper] [INFO] [IsElemetPresent] -  Checking for the element By.XPath: //input[@id='mat-input-2']
26-Aug-2020-07:43:57 [DemoProject1.ComponentHelper.TextBoxHelper] [INFO] [TypeInTexBox] - Type in the textboxPrimusTest
26-Aug-2020-07:43:57 [DemoProject1.ComponentHelper.GenericHelper] [INFO] [IsElemetPresent] -  Checking for the element By.XPath: (//mat-option)[1]
26-Aug-2020-07:43:59 [DemoProject1.ComponentHelper.GenericHelper] [INFO] [GetWebdriverWait] -  Wait Object Created 
26-Aug-2020-07:43:59 [DemoProject1.ComponentHelper.GenericHelper] [INFO] [WaitForWebElement] -  Setting the Explicit wait Configured value 
26-Aug-2020-07:43:59 [DemoProject1.ComponentHelper.LinkHelper] [INFO] [ClickLink] -  Clicking on link : By.XPath: (//mat-option)[1]
26-Aug-2020-07:44:01 [DemoProject1.ComponentHelper.GenericHelper] [INFO] [IsElemetPresent] -  Checking for the element By.XPath: //textarea[@name='description']
26-Aug-2020-07:44:01 [DemoProject1.ComponentHelper.TextBoxHelper] [INFO] [TypeInTexBox] - Type in the textboxThis is test template 
26-Aug-2020-07:44:11 [DemoProject1.ComponentHelper.GenericHelper] [INFO] [IsElemetPresent] -  Checking for the element By.XPath: //span[text()='Save']
26-Aug-2020-07:44:11 [DemoProject1.ComponentHelper.ButtonHelper] [INFO] [ClickOnButton] -  Button Click @ By.XPath: //span[text()='Save']
26-Aug-2020-07:44:15 [DemoProject1.ComponentHelper.AssertHelper] [INFO] [AreEqual] - Actaual result is equal to expected result
26-Aug-2020-07:44:15 [DemoProject1.BaseClass.BaseClass] [INFO] [TearDown] -  Stopping the Driver  
