10-Aug-2020-09:51:27 [DemoProject1.ComponentHelper.BrowserHelper] [INFO] [BrowserMaximize] - Browser Maximize
10-Aug-2020-09:51:28 [DemoProject1.ComponentHelper.NavigationHelper] [INFO] [NavigateToUrl] -  Navigate To Page http://disability-dts-sandbox.primussoft.com/?_token=1
10-Aug-2020-09:51:52 [DemoProject1.ComponentHelper.GenericHelper] [INFO] [IsElemetPresent] -  Checking for the element By.XPath: //a[contains(text(),'Email Template')]
10-Aug-2020-09:51:52 [DemoProject1.ComponentHelper.GenericHelper] [INFO] [GetWebdriverWait] -  Wait Object Created 
10-Aug-2020-09:51:52 [DemoProject1.ComponentHelper.GenericHelper] [INFO] [WaitForWebElement] -  Setting the Explicit wait Configured value 
10-Aug-2020-09:51:52 [DemoProject1.ComponentHelper.LinkHelper] [INFO] [ClickLink] -  Clicking on link : By.XPath: //a[contains(text(),'Email Template')]
10-Aug-2020-09:51:54 [DemoProject1.ComponentHelper.GenericHelper] [INFO] [IsElemetPresent] -  Checking for the element By.XPath: //input[@id='mat-input-0']
10-Aug-2020-09:51:54 [DemoProject1.ComponentHelper.TextBoxHelper] [INFO] [TypeInTexBox] - Type in the textboxQAAutomation0810_0951
10-Aug-2020-09:51:55 [DemoProject1.ComponentHelper.GenericHelper] [INFO] [IsElemetPresent] -  Checking for the element By.XPath: //input[@id='mat-input-2']
10-Aug-2020-09:51:56 [DemoProject1.ComponentHelper.TextBoxHelper] [INFO] [TypeInTexBox] - Type in the textboxPrimustest
10-Aug-2020-09:51:57 [DemoProject1.ComponentHelper.GenericHelper] [INFO] [IsElemetPresent] -  Checking for the element By.XPath: //textarea[@id='mat-input-4']
10-Aug-2020-09:51:57 [DemoProject1.ComponentHelper.TextBoxHelper] [INFO] [TypeInTexBox] - Type in the textboxtest
10-Aug-2020-09:51:58 [DemoProject1.ComponentHelper.GenericHelper] [INFO] [IsElemetPresent] -  Checking for the element By.XPath: //input[@id='mat-input-3']
10-Aug-2020-09:51:58 [DemoProject1.ComponentHelper.TextBoxHelper] [INFO] [TypeInTexBox] - Type in the textboxBA
10-Aug-2020-09:51:59 [DemoProject1.ComponentHelper.GenericHelper] [INFO] [IsElemetPresent] -  Checking for the element By.XPath: //input[@ng-reflect-placeholder='From']
10-Aug-2020-09:51:59 [DemoProject1.ComponentHelper.TextBoxHelper] [INFO] [TypeInTexBox] - Type in the textboxabc@gmail.com
10-Aug-2020-09:52:00 [DemoProject1.ComponentHelper.GenericHelper] [INFO] [IsElemetPresent] -  Checking for the element By.XPath: //input[@ng-reflect-placeholder='To']
10-Aug-2020-09:52:01 [DemoProject1.ComponentHelper.TextBoxHelper] [INFO] [TypeInTexBox] - Type in the textboxxyz@gmail.com
10-Aug-2020-09:52:02 [DemoProject1.ComponentHelper.GenericHelper] [INFO] [IsElemetPresent] -  Checking for the element By.XPath: //input[@ng-reflect-placeholder='Cc']
10-Aug-2020-09:52:02 [DemoProject1.ComponentHelper.TextBoxHelper] [INFO] [TypeInTexBox] - Type in the textboxxyz@gmail.com
10-Aug-2020-09:52:03 [DemoProject1.ComponentHelper.GenericHelper] [INFO] [IsElemetPresent] -  Checking for the element By.XPath: //input[@ng-reflect-placeholder='Subject']
10-Aug-2020-09:52:03 [DemoProject1.ComponentHelper.TextBoxHelper] [INFO] [TypeInTexBox] - Type in the textboxLeave Request
10-Aug-2020-09:52:05 [DemoProject1.ComponentHelper.GenericHelper] [INFO] [IsElemetPresent] -  Checking for the element By.XPath: //input[@name='attachContainer']
10-Aug-2020-09:52:06 [DemoProject1.ComponentHelper.CheckBoxHelper] [INFO] [IsCheckBoxChecked] -  Is CheckBox Checked : By.XPath: //input[@name='attachContainer']
10-Aug-2020-09:52:06 [DemoProject1.ComponentHelper.GenericHelper] [INFO] [IsElemetPresent] -  Checking for the element By.XPath: //div[@class='mat-checkbox-inner-container mat-checkbox-inner-container-no-side-margin']
10-Aug-2020-09:52:06 [DemoProject1.ComponentHelper.GenericHelper] [INFO] [GetWebdriverWait] -  Wait Object Created 
10-Aug-2020-09:52:06 [DemoProject1.ComponentHelper.GenericHelper] [INFO] [WaitForWebElement] -  Setting the Explicit wait Configured value 
10-Aug-2020-09:52:06 [DemoProject1.ComponentHelper.LinkHelper] [INFO] [ClickLink] -  Clicking on link : By.XPath: //div[@class='mat-checkbox-inner-container mat-checkbox-inner-container-no-side-margin']
10-Aug-2020-09:52:10 [DemoProject1.ComponentHelper.GenericHelper] [INFO] [IsElemetPresent] -  Checking for the element By.XPath: //span[text()='Save']
10-Aug-2020-09:52:10 [DemoProject1.ComponentHelper.ButtonHelper] [INFO] [ClickOnButton] -  Button Click @ By.XPath: //span[text()='Save']
10-Aug-2020-09:52:18 [DemoProject1.ComponentHelper.AssertHelper] [INFO] [AreEqual] - Actaual result is equal to expected result
10-Aug-2020-09:52:18 [DemoProject1.BaseClass.BaseClass] [INFO] [TearDown] -  Stopping the Driver  
