29-Jul-2020-07:04:30 [DemoProject1.ComponentHelper.BrowserHelper] [INFO] [BrowserMaximize] - Browser Maximize
29-Jul-2020-07:04:31 [DemoProject1.ComponentHelper.NavigationHelper] [INFO] [NavigateToUrl] -  Navigate To Page http://disability-dts-sandbox.primussoft.com/?_token=2
29-Jul-2020-07:04:46 [DemoProject1.ComponentHelper.GenericHelper] [INFO] [IsElemetPresent] -  Checking for the element By.XPath: //a[contains(text(),'Word Template')]
29-Jul-2020-07:04:46 [DemoProject1.ComponentHelper.LinkHelper] [INFO] [ClickLink] -  Clicking on link : By.XPath: //a[contains(text(),'Word Template')]
29-Jul-2020-07:04:48 [DemoProject1.ComponentHelper.GenericHelper] [INFO] [IsElemetPresent] -  Checking for the element By.XPath: //input[@name='templateName']
29-Jul-2020-07:04:49 [DemoProject1.ComponentHelper.TextBoxHelper] [INFO] [TypeInTexBox] - Type in the textboxDevtest
29-Jul-2020-07:04:50 [DemoProject1.ComponentHelper.GenericHelper] [INFO] [IsElemetPresent] -  Checking for the element By.XPath: //input[@name='GroupName']
29-Jul-2020-07:04:50 [DemoProject1.ComponentHelper.TextBoxHelper] [INFO] [TypeInTexBox] - Type in the textboxPrimus Test
29-Jul-2020-07:04:51 [DemoProject1.ComponentHelper.GenericHelper] [INFO] [IsElemetPresent] -  Checking for the element By.XPath: //input[@name='secondaryCat']
29-Jul-2020-07:04:51 [DemoProject1.ComponentHelper.TextBoxHelper] [INFO] [TypeInTexBox] - Type in the textboxSingle 
29-Jul-2020-07:04:52 [DemoProject1.ComponentHelper.GenericHelper] [INFO] [IsElemetPresent] -  Checking for the element By.XPath: //textarea[@name='description']
29-Jul-2020-07:04:52 [DemoProject1.ComponentHelper.TextBoxHelper] [INFO] [TypeInTexBox] - Type in the textboxDocument
29-Jul-2020-07:04:54 [DemoProject1.ComponentHelper.GenericHelper] [INFO] [IsElemetPresent] -  Checking for the element By.XPath: //label[contains(text(),'Attach file')]
29-Jul-2020-07:04:54 [DemoProject1.ComponentHelper.LinkHelper] [INFO] [ClickLink] -  Clicking on link : By.XPath: //label[contains(text(),'Attach file')]
29-Jul-2020-07:04:59 [DemoProject1.ComponentHelper.GenericHelper] [INFO] [IsElemetPresent] -  Checking for the element By.XPath: //label[contains(text(),'Attach file')]
29-Jul-2020-07:04:59 [DemoProject1.ComponentHelper.LinkHelper] [INFO] [ClickLink] -  Clicking on link : By.XPath: //label[contains(text(),'Attach file')]
29-Jul-2020-07:05:03 [DemoProject1.ComponentHelper.GenericHelper] [INFO] [IsElemetPresent] -  Checking for the element By.XPath: //label[contains(text(),'Attach file')]
29-Jul-2020-07:05:03 [DemoProject1.ComponentHelper.LinkHelper] [INFO] [ClickLink] -  Clicking on link : By.XPath: //label[contains(text(),'Attach file')]
29-Jul-2020-07:05:11 [DemoProject1.ComponentHelper.GenericHelper] [INFO] [IsElemetPresent] -  Checking for the element By.XPath: //span[text()='Save']
29-Jul-2020-07:05:11 [DemoProject1.ComponentHelper.ButtonHelper] [INFO] [ClickOnButton] -  Button Click @ By.XPath: //span[text()='Save']
29-Jul-2020-07:05:11 [DemoProject1.ComponentHelper.NavigationHelper] [INFO] [NavigateToUrl] -  Navigate To Page http://disability-dts-sandbox.primussoft.com/?_token=2
29-Jul-2020-07:05:20 [DemoProject1.ComponentHelper.GenericHelper] [INFO] [IsElemetPresent] -  Checking for the element By.XPath: //a[contains(text(),'Word Template')]
29-Jul-2020-07:05:20 [DemoProject1.ComponentHelper.LinkHelper] [INFO] [ClickLink] -  Clicking on link : By.XPath: //a[contains(text(),'Word Template')]
29-Jul-2020-07:05:22 [DemoProject1.ComponentHelper.GenericHelper] [INFO] [IsElemetPresent] -  Checking for the element By.XPath: //input[@name='templateName']
29-Jul-2020-07:05:22 [DemoProject1.ComponentHelper.TextBoxHelper] [INFO] [TypeInTexBox] - Type in the textboxDevtest
29-Jul-2020-07:05:23 [DemoProject1.ComponentHelper.GenericHelper] [INFO] [IsElemetPresent] -  Checking for the element By.XPath: //input[@name='GroupName']
29-Jul-2020-07:05:23 [DemoProject1.ComponentHelper.TextBoxHelper] [INFO] [TypeInTexBox] - Type in the textboxPrimus Test
29-Jul-2020-07:05:24 [DemoProject1.ComponentHelper.GenericHelper] [INFO] [IsElemetPresent] -  Checking for the element By.XPath: //input[@name='secondaryCat']
29-Jul-2020-07:05:25 [DemoProject1.ComponentHelper.TextBoxHelper] [INFO] [TypeInTexBox] - Type in the textboxSingle 
29-Jul-2020-07:05:26 [DemoProject1.ComponentHelper.GenericHelper] [INFO] [IsElemetPresent] -  Checking for the element By.XPath: //textarea[@name='description']
29-Jul-2020-07:05:26 [DemoProject1.ComponentHelper.TextBoxHelper] [INFO] [TypeInTexBox] - Type in the textboxDocument
29-Jul-2020-07:05:29 [DemoProject1.ComponentHelper.GenericHelper] [INFO] [IsElemetPresent] -  Checking for the element By.XPath: //span[text()='Save']
29-Jul-2020-07:05:29 [DemoProject1.ComponentHelper.ButtonHelper] [INFO] [ClickOnButton] -  Button Click @ By.XPath: //span[text()='Save']
29-Jul-2020-07:05:29 [DemoProject1.BaseClass.BaseClass] [INFO] [TearDown] -  Stopping the Driver  
