11-Aug-2020-06:22:18 [DemoProject1.ComponentHelper.BrowserHelper] [INFO] [BrowserMaximize] - Browser Maximize
11-Aug-2020-06:22:20 [DemoProject1.ComponentHelper.NavigationHelper] [INFO] [NavigateToUrl] -  Navigate To Page http://disability-dts-sandbox.primussoft.com/?_token=2
11-Aug-2020-06:22:22 [DemoProject1.ComponentHelper.GenericHelper] [INFO] [GetWebdriverWait] -  Wait Object Created 
11-Aug-2020-06:22:23 [DemoProject1.ComponentHelper.GenericHelper+<>c__DisplayClass1_0] [INFO] [<WaitForWebElementFunc>b__0] -  Waiting for Element : By.XPath: //tbody/tr[1]/td[1]
11-Aug-2020-06:22:25 [DemoProject1.ComponentHelper.GenericHelper+<>c__DisplayClass1_0] [INFO] [<WaitForWebElementFunc>b__0] -  Waiting for Element : By.XPath: //tbody/tr[1]/td[1]
11-Aug-2020-06:22:27 [DemoProject1.ComponentHelper.GenericHelper+<>c__DisplayClass1_0] [INFO] [<WaitForWebElementFunc>b__0] -  Waiting for Element : By.XPath: //tbody/tr[1]/td[1]
11-Aug-2020-06:22:28 [DemoProject1.ComponentHelper.GenericHelper+<>c__DisplayClass1_0] [INFO] [<WaitForWebElementFunc>b__0] -  Waiting for Element : By.XPath: //tbody/tr[1]/td[1]
11-Aug-2020-06:22:30 [DemoProject1.ComponentHelper.GenericHelper+<>c__DisplayClass1_0] [INFO] [<WaitForWebElementFunc>b__0] -  Waiting for Element : By.XPath: //tbody/tr[1]/td[1]
11-Aug-2020-06:22:31 [DemoProject1.ComponentHelper.GenericHelper+<>c__DisplayClass1_0] [INFO] [<WaitForWebElementFunc>b__0] -  Waiting for Element : By.XPath: //tbody/tr[1]/td[1]
11-Aug-2020-06:22:33 [DemoProject1.ComponentHelper.GenericHelper+<>c__DisplayClass1_0] [INFO] [<WaitForWebElementFunc>b__0] -  Waiting for Element : By.XPath: //tbody/tr[1]/td[1]
11-Aug-2020-06:22:34 [DemoProject1.ComponentHelper.GenericHelper+<>c__DisplayClass1_0] [INFO] [<WaitForWebElementFunc>b__0] -  Waiting for Element : By.XPath: //tbody/tr[1]/td[1]
11-Aug-2020-06:22:36 [DemoProject1.ComponentHelper.GenericHelper+<>c__DisplayClass1_0] [INFO] [<WaitForWebElementFunc>b__0] -  Waiting for Element : By.XPath: //tbody/tr[1]/td[1]
11-Aug-2020-06:22:37 [DemoProject1.ComponentHelper.GenericHelper+<>c__DisplayClass1_0] [INFO] [<WaitForWebElementFunc>b__0] -  Waiting for Element : By.XPath: //tbody/tr[1]/td[1]
11-Aug-2020-06:22:39 [DemoProject1.ComponentHelper.GenericHelper+<>c__DisplayClass1_0] [INFO] [<WaitForWebElementFunc>b__0] -  Waiting for Element : By.XPath: //tbody/tr[1]/td[1]
11-Aug-2020-06:22:40 [DemoProject1.ComponentHelper.GenericHelper+<>c__DisplayClass1_0] [INFO] [<WaitForWebElementFunc>b__0] -  Waiting for Element : By.XPath: //tbody/tr[1]/td[1]
11-Aug-2020-06:22:42 [DemoProject1.ComponentHelper.GenericHelper+<>c__DisplayClass1_0] [INFO] [<WaitForWebElementFunc>b__0] -  Waiting for Element : By.XPath: //tbody/tr[1]/td[1]
11-Aug-2020-06:22:43 [DemoProject1.ComponentHelper.GenericHelper+<>c__DisplayClass1_0] [INFO] [<WaitForWebElementFunc>b__0] -  Waiting for Element : By.XPath: //tbody/tr[1]/td[1]
11-Aug-2020-06:22:45 [DemoProject1.ComponentHelper.GenericHelper+<>c__DisplayClass1_0] [INFO] [<WaitForWebElementFunc>b__0] -  Waiting for Element : By.XPath: //tbody/tr[1]/td[1]
11-Aug-2020-06:22:46 [DemoProject1.ComponentHelper.GenericHelper+<>c__DisplayClass1_0] [INFO] [<WaitForWebElementFunc>b__0] -  Waiting for Element : By.XPath: //tbody/tr[1]/td[1]
11-Aug-2020-06:22:48 [DemoProject1.ComponentHelper.GenericHelper+<>c__DisplayClass1_0] [INFO] [<WaitForWebElementFunc>b__0] -  Waiting for Element : By.XPath: //tbody/tr[1]/td[1]
11-Aug-2020-06:22:49 [DemoProject1.ComponentHelper.GenericHelper+<>c__DisplayClass1_0] [INFO] [<WaitForWebElementFunc>b__0] -  Waiting for Element : By.XPath: //tbody/tr[1]/td[1]
11-Aug-2020-06:22:51 [DemoProject1.ComponentHelper.GenericHelper+<>c__DisplayClass1_0] [INFO] [<WaitForWebElementFunc>b__0] -  Waiting for Element : By.XPath: //tbody/tr[1]/td[1]
11-Aug-2020-06:22:53 [DemoProject1.ComponentHelper.GenericHelper+<>c__DisplayClass1_0] [INFO] [<WaitForWebElementFunc>b__0] -  Waiting for Element : By.XPath: //tbody/tr[1]/td[1]
11-Aug-2020-06:22:54 [DemoProject1.ComponentHelper.GenericHelper+<>c__DisplayClass1_0] [INFO] [<WaitForWebElementFunc>b__0] -  Waiting for Element : By.XPath: //tbody/tr[1]/td[1]
11-Aug-2020-06:22:56 [DemoProject1.ComponentHelper.GenericHelper+<>c__DisplayClass1_0] [INFO] [<WaitForWebElementFunc>b__0] -  Waiting for Element : By.XPath: //tbody/tr[1]/td[1]
11-Aug-2020-06:22:57 [DemoProject1.ComponentHelper.GenericHelper+<>c__DisplayClass1_0] [INFO] [<WaitForWebElementFunc>b__0] -  Waiting for Element : By.XPath: //tbody/tr[1]/td[1]
11-Aug-2020-06:22:59 [DemoProject1.ComponentHelper.GenericHelper+<>c__DisplayClass1_0] [INFO] [<WaitForWebElementFunc>b__0] -  Waiting for Element : By.XPath: //tbody/tr[1]/td[1]
11-Aug-2020-06:23:00 [DemoProject1.ComponentHelper.GenericHelper+<>c__DisplayClass1_0] [INFO] [<WaitForWebElementFunc>b__0] -  Waiting for Element : By.XPath: //tbody/tr[1]/td[1]
11-Aug-2020-06:23:02 [DemoProject1.ComponentHelper.GenericHelper+<>c__DisplayClass1_0] [INFO] [<WaitForWebElementFunc>b__0] -  Waiting for Element : By.XPath: //tbody/tr[1]/td[1]
11-Aug-2020-06:23:03 [DemoProject1.ComponentHelper.GenericHelper+<>c__DisplayClass1_0] [INFO] [<WaitForWebElementFunc>b__0] -  Waiting for Element : By.XPath: //tbody/tr[1]/td[1]
11-Aug-2020-06:23:05 [DemoProject1.ComponentHelper.GenericHelper+<>c__DisplayClass1_0] [INFO] [<WaitForWebElementFunc>b__0] -  Waiting for Element : By.XPath: //tbody/tr[1]/td[1]
11-Aug-2020-06:23:06 [DemoProject1.ComponentHelper.GenericHelper+<>c__DisplayClass1_0] [INFO] [<WaitForWebElementFunc>b__0] -  Waiting for Element : By.XPath: //tbody/tr[1]/td[1]
11-Aug-2020-06:23:08 [DemoProject1.ComponentHelper.GenericHelper+<>c__DisplayClass1_0] [INFO] [<WaitForWebElementFunc>b__0] -  Waiting for Element : By.XPath: //tbody/tr[1]/td[1]
11-Aug-2020-06:23:09 [DemoProject1.ComponentHelper.GenericHelper+<>c__DisplayClass1_0] [INFO] [<WaitForWebElementFunc>b__0] -  Waiting for Element : By.XPath: //tbody/tr[1]/td[1]
11-Aug-2020-06:23:11 [DemoProject1.ComponentHelper.GenericHelper+<>c__DisplayClass1_0] [INFO] [<WaitForWebElementFunc>b__0] -  Waiting for Element : By.XPath: //tbody/tr[1]/td[1]
11-Aug-2020-06:23:12 [DemoProject1.ComponentHelper.GenericHelper+<>c__DisplayClass1_0] [INFO] [<WaitForWebElementFunc>b__0] -  Waiting for Element : By.XPath: //tbody/tr[1]/td[1]
11-Aug-2020-06:23:14 [DemoProject1.ComponentHelper.GenericHelper+<>c__DisplayClass1_0] [INFO] [<WaitForWebElementFunc>b__0] -  Waiting for Element : By.XPath: //tbody/tr[1]/td[1]
11-Aug-2020-06:23:15 [DemoProject1.ComponentHelper.GenericHelper+<>c__DisplayClass1_0] [INFO] [<WaitForWebElementFunc>b__0] -  Waiting for Element : By.XPath: //tbody/tr[1]/td[1]
11-Aug-2020-06:23:17 [DemoProject1.ComponentHelper.GenericHelper+<>c__DisplayClass1_0] [INFO] [<WaitForWebElementFunc>b__0] -  Waiting for Element : By.XPath: //tbody/tr[1]/td[1]
11-Aug-2020-06:23:19 [DemoProject1.ComponentHelper.GenericHelper+<>c__DisplayClass1_0] [INFO] [<WaitForWebElementFunc>b__0] -  Waiting for Element : By.XPath: //tbody/tr[1]/td[1]
11-Aug-2020-06:23:20 [DemoProject1.ComponentHelper.GenericHelper+<>c__DisplayClass1_0] [INFO] [<WaitForWebElementFunc>b__0] -  Waiting for Element : By.XPath: //tbody/tr[1]/td[1]
11-Aug-2020-06:23:22 [DemoProject1.ComponentHelper.GenericHelper+<>c__DisplayClass1_0] [INFO] [<WaitForWebElementFunc>b__0] -  Waiting for Element : By.XPath: //tbody/tr[1]/td[1]
11-Aug-2020-06:23:23 [DemoProject1.ComponentHelper.GenericHelper+<>c__DisplayClass1_0] [INFO] [<WaitForWebElementFunc>b__0] -  Waiting for Element : By.XPath: //tbody/tr[1]/td[1]
11-Aug-2020-06:23:24 [DemoProject1.ComponentHelper.TakeScreenShots] [INFO] [CaptureScreenshoots] -  ScreenShot Taken : Ability to Change/Edit the pre-filled information/data.jpeg2020-08-11-23-24
11-Aug-2020-06:23:25 [DemoProject1.BaseClass.BaseClass] [INFO] [TearDown] -  Stopping the Driver  
