26-May-2020-10:03:31 [DemoProject1.ComponentHelper.BrowserHelper] [INFO] [BrowserMaximize] - Browser Maximize
26-May-2020-10:03:31 [DemoProject1.ComponentHelper.NavigationHelper] [INFO] [NavigateToUrl] -  Navigate To Page http://sandbox-doc-temp-frontend.s3-website-us-east-1.amazonaws.com/
26-May-2020-10:03:31 [DemoProject1.ComponentHelper.GenericHelper] [INFO] [GetWebdriverWait] -  Wait Object Created 
26-May-2020-10:03:32 [DemoProject1.ComponentHelper.GenericHelper+<>c__DisplayClass1_0] [INFO] [<WaitForWebElementFunc>b__0] -  Waiting for Element : By.XPath: //button[text()=' Name ']
26-May-2020-10:03:34 [DemoProject1.ComponentHelper.GenericHelper+<>c__DisplayClass1_0] [INFO] [<WaitForWebElementFunc>b__0] -  Waiting for Element : By.XPath: //button[text()=' Name ']
26-May-2020-10:03:35 [DemoProject1.ComponentHelper.GenericHelper+<>c__DisplayClass1_0] [INFO] [<WaitForWebElementFunc>b__0] -  Waiting for Element : By.XPath: //button[text()=' Name ']
26-May-2020-10:03:37 [DemoProject1.ComponentHelper.GenericHelper+<>c__DisplayClass1_0] [INFO] [<WaitForWebElementFunc>b__0] -  Waiting for Element : By.XPath: //button[text()=' Name ']
26-May-2020-10:03:38 [DemoProject1.ComponentHelper.GenericHelper+<>c__DisplayClass1_0] [INFO] [<WaitForWebElementFunc>b__0] -  Waiting for Element : By.XPath: //button[text()=' Name ']
26-May-2020-10:03:40 [DemoProject1.ComponentHelper.GenericHelper+<>c__DisplayClass1_0] [INFO] [<WaitForWebElementFunc>b__0] -  Waiting for Element : By.XPath: //button[text()=' Name ']
26-May-2020-10:03:41 [DemoProject1.ComponentHelper.GenericHelper+<>c__DisplayClass1_0] [INFO] [<WaitForWebElementFunc>b__0] -  Waiting for Element : By.XPath: //button[text()=' Name ']
26-May-2020-10:03:43 [DemoProject1.ComponentHelper.GenericHelper+<>c__DisplayClass1_0] [INFO] [<WaitForWebElementFunc>b__0] -  Waiting for Element : By.XPath: //button[text()=' Name ']
26-May-2020-10:03:45 [DemoProject1.ComponentHelper.GenericHelper+<>c__DisplayClass1_0] [INFO] [<WaitForWebElementFunc>b__0] -  Waiting for Element : By.XPath: //button[text()=' Name ']
26-May-2020-10:03:46 [DemoProject1.ComponentHelper.GenericHelper+<>c__DisplayClass1_0] [INFO] [<WaitForWebElementFunc>b__0] -  Waiting for Element : By.XPath: //button[text()=' Name ']
26-May-2020-10:03:48 [DemoProject1.ComponentHelper.GenericHelper+<>c__DisplayClass1_0] [INFO] [<WaitForWebElementFunc>b__0] -  Waiting for Element : By.XPath: //button[text()=' Name ']
26-May-2020-10:03:49 [DemoProject1.ComponentHelper.GenericHelper+<>c__DisplayClass1_0] [INFO] [<WaitForWebElementFunc>b__0] -  Waiting for Element : By.XPath: //button[text()=' Name ']
26-May-2020-10:03:51 [DemoProject1.ComponentHelper.GenericHelper+<>c__DisplayClass1_0] [INFO] [<WaitForWebElementFunc>b__0] -  Waiting for Element : By.XPath: //button[text()=' Name ']
26-May-2020-10:03:52 [DemoProject1.ComponentHelper.GenericHelper+<>c__DisplayClass1_0] [INFO] [<WaitForWebElementFunc>b__0] -  Waiting for Element : By.XPath: //button[text()=' Name ']
26-May-2020-10:03:54 [DemoProject1.ComponentHelper.GenericHelper+<>c__DisplayClass1_0] [INFO] [<WaitForWebElementFunc>b__0] -  Waiting for Element : By.XPath: //button[text()=' Name ']
26-May-2020-10:03:55 [DemoProject1.ComponentHelper.GenericHelper+<>c__DisplayClass1_0] [INFO] [<WaitForWebElementFunc>b__0] -  Waiting for Element : By.XPath: //button[text()=' Name ']
26-May-2020-10:03:57 [DemoProject1.ComponentHelper.GenericHelper+<>c__DisplayClass1_0] [INFO] [<WaitForWebElementFunc>b__0] -  Waiting for Element : By.XPath: //button[text()=' Name ']
26-May-2020-10:03:58 [DemoProject1.ComponentHelper.GenericHelper+<>c__DisplayClass1_0] [INFO] [<WaitForWebElementFunc>b__0] -  Waiting for Element : By.XPath: //button[text()=' Name ']
26-May-2020-10:04:00 [DemoProject1.ComponentHelper.GenericHelper+<>c__DisplayClass1_0] [INFO] [<WaitForWebElementFunc>b__0] -  Waiting for Element : By.XPath: //button[text()=' Name ']
26-May-2020-10:04:02 [DemoProject1.ComponentHelper.GenericHelper+<>c__DisplayClass1_0] [INFO] [<WaitForWebElementFunc>b__0] -  Waiting for Element : By.XPath: //button[text()=' Name ']
26-May-2020-10:04:03 [DemoProject1.ComponentHelper.GenericHelper+<>c__DisplayClass1_0] [INFO] [<WaitForWebElementFunc>b__0] -  Waiting for Element : By.XPath: //button[text()=' Name ']
26-May-2020-10:04:05 [DemoProject1.ComponentHelper.GenericHelper+<>c__DisplayClass1_0] [INFO] [<WaitForWebElementFunc>b__0] -  Waiting for Element : By.XPath: //button[text()=' Name ']
26-May-2020-10:04:06 [DemoProject1.ComponentHelper.GenericHelper+<>c__DisplayClass1_0] [INFO] [<WaitForWebElementFunc>b__0] -  Waiting for Element : By.XPath: //button[text()=' Name ']
26-May-2020-10:04:08 [DemoProject1.ComponentHelper.GenericHelper+<>c__DisplayClass1_0] [INFO] [<WaitForWebElementFunc>b__0] -  Waiting for Element : By.XPath: //button[text()=' Name ']
26-May-2020-10:04:09 [DemoProject1.ComponentHelper.GenericHelper+<>c__DisplayClass1_0] [INFO] [<WaitForWebElementFunc>b__0] -  Waiting for Element : By.XPath: //button[text()=' Name ']
26-May-2020-10:04:11 [DemoProject1.ComponentHelper.GenericHelper+<>c__DisplayClass1_0] [INFO] [<WaitForWebElementFunc>b__0] -  Waiting for Element : By.XPath: //button[text()=' Name ']
26-May-2020-10:04:12 [DemoProject1.ComponentHelper.GenericHelper+<>c__DisplayClass1_0] [INFO] [<WaitForWebElementFunc>b__0] -  Waiting for Element : By.XPath: //button[text()=' Name ']
26-May-2020-10:04:13 [DemoProject1.ComponentHelper.GenericHelper] [INFO] [WaitForWebElement] -  Setting the Explicit wait Configured value 
26-May-2020-10:04:15 [DemoProject1.ComponentHelper.GenericHelper] [INFO] [IsElemetPresent] -  Checking for the element By.XPath: //tbody/tr[1]/td[1]
26-May-2020-10:04:15 [DemoProject1.ComponentHelper.LinkHelper] [INFO] [ClickLink] -  Clicking on link : By.XPath: //tbody/tr[1]/td[1]
26-May-2020-10:04:17 [DemoProject1.ComponentHelper.GenericHelper] [INFO] [IsElemetPresent] -  Checking for the element By.XPath: //button//span[text()=' Merge & Email ']
26-May-2020-10:04:17 [DemoProject1.ComponentHelper.LinkHelper] [INFO] [ClickLink] -  Clicking on link : By.XPath: //button//span[text()=' Merge & Email ']
26-May-2020-10:04:17 [DemoProject1.ComponentHelper.GenericHelper] [INFO] [IsElemetPresent] -  Checking for the element By.XPath: //input[@name='from']
26-May-2020-10:04:20 [DemoProject1.ComponentHelper.LinkHelper] [INFO] [ClickLink] -  Clicking on link : By.XPath: //input[@name='from']
26-May-2020-10:04:22 [DemoProject1.ComponentHelper.GenericHelper] [INFO] [IsElemetPresent] -  Checking for the element By.XPath: (//mat-chip/i)[1]
26-May-2020-10:04:22 [DemoProject1.ComponentHelper.JavaScriptExecutor] [INFO] [ExecuteScript] -  Execute Script @ window.scrollTo(0,160)
26-May-2020-10:04:22 [DemoProject1.ComponentHelper.GenericHelper] [INFO] [IsElemetPresent] -  Checking for the element By.XPath: //input[@name='from']
26-May-2020-10:04:22 [DemoProject1.ComponentHelper.TextBoxHelper] [INFO] [TypeInTexBox] - Type in the textboxa1@gmail.com
26-May-2020-10:04:22 [DemoProject1.ComponentHelper.GenericHelper] [INFO] [IsElemetPresent] -  Checking for the element By.XPath: //input[@name='toEmail']
26-May-2020-10:04:22 [DemoProject1.ComponentHelper.LinkHelper] [INFO] [ClickLink] -  Clicking on link : By.XPath: //input[@name='toEmail']
26-May-2020-10:04:22 [DemoProject1.ComponentHelper.GenericHelper] [INFO] [IsElemetPresent] -  Checking for the element By.XPath: (//mat-chip/i)[2]
26-May-2020-10:04:22 [DemoProject1.ComponentHelper.JavaScriptExecutor] [INFO] [ExecuteScript] -  Execute Script @ window.scrollTo(0,251)
26-May-2020-10:04:23 [DemoProject1.ComponentHelper.GenericHelper] [INFO] [IsElemetPresent] -  Checking for the element By.XPath: //input[@name='toEmail']
26-May-2020-10:04:23 [DemoProject1.ComponentHelper.TextBoxHelper] [INFO] [TypeInTexBox] - Type in the textboxa1@gmail.com
26-May-2020-10:04:23 [DemoProject1.ComponentHelper.GenericHelper] [INFO] [IsElemetPresent] -  Checking for the element By.XPath: //input[@placeholder='Cc']
26-May-2020-10:04:23 [DemoProject1.ComponentHelper.LinkHelper] [INFO] [ClickLink] -  Clicking on link : By.XPath: //input[@placeholder='Cc']
26-May-2020-10:04:23 [DemoProject1.ComponentHelper.GenericHelper] [INFO] [IsElemetPresent] -  Checking for the element By.XPath: (//mat-chip/i)[3]
26-May-2020-10:04:23 [DemoProject1.ComponentHelper.JavaScriptExecutor] [INFO] [ExecuteScript] -  Execute Script @ window.scrollTo(0,312)
26-May-2020-10:04:24 [DemoProject1.ComponentHelper.GenericHelper] [INFO] [IsElemetPresent] -  Checking for the element By.XPath: //input[@placeholder='Cc']
26-May-2020-10:04:24 [DemoProject1.ComponentHelper.TextBoxHelper] [INFO] [TypeInTexBox] - Type in the textboxa1@gmail.com
26-May-2020-10:04:24 [DemoProject1.ComponentHelper.GenericHelper] [INFO] [IsElemetPresent] -  Checking for the element By.XPath: //input[@placeholder='Subject']
26-May-2020-10:04:24 [DemoProject1.ComponentHelper.TextBoxHelper] [INFO] [TypeInTexBox] - Type in the textboxsub1
26-May-2020-10:04:24 [DemoProject1.ComponentHelper.GenericHelper] [INFO] [IsElemetPresent] -  Checking for the element By.XPath: //span[text()='Send']
26-May-2020-10:04:24 [DemoProject1.ComponentHelper.LinkHelper] [INFO] [ClickLink] -  Clicking on link : By.XPath: //span[text()='Send']
26-May-2020-10:04:26 [DemoProject1.ComponentHelper.GenericHelper] [INFO] [IsElemetPresent] -  Checking for the element By.XPath: //button//span[text()=' Merge & Email ']
26-May-2020-10:04:26 [DemoProject1.ComponentHelper.LinkHelper] [INFO] [ClickLink] -  Clicking on link : By.XPath: //button//span[text()=' Merge & Email ']
26-May-2020-10:04:29 [DemoProject1.BaseClass.BaseClass] [INFO] [TearDown] -  Stopping the Driver  
