11-Aug-2020-06:36:55 [DemoProject1.ComponentHelper.BrowserHelper] [INFO] [BrowserMaximize] - Browser Maximize
11-Aug-2020-06:36:55 [DemoProject1.ComponentHelper.NavigationHelper] [INFO] [NavigateToUrl] -  Navigate To Page http://disability-dts-sandbox.primussoft.com/?_token=2
11-Aug-2020-06:36:57 [DemoProject1.ComponentHelper.GenericHelper] [INFO] [GetWebdriverWait] -  Wait Object Created 
11-Aug-2020-06:36:58 [DemoProject1.ComponentHelper.GenericHelper+<>c__DisplayClass1_0] [INFO] [<WaitForWebElementFunc>b__0] -  Waiting for Element : By.XPath: //tbody/tr[1]/td[1]
11-Aug-2020-06:37:00 [DemoProject1.ComponentHelper.GenericHelper+<>c__DisplayClass1_0] [INFO] [<WaitForWebElementFunc>b__0] -  Waiting for Element : By.XPath: //tbody/tr[1]/td[1]
11-Aug-2020-06:37:01 [DemoProject1.ComponentHelper.GenericHelper+<>c__DisplayClass1_0] [INFO] [<WaitForWebElementFunc>b__0] -  Waiting for Element : By.XPath: //tbody/tr[1]/td[1]
11-Aug-2020-06:37:03 [DemoProject1.ComponentHelper.GenericHelper+<>c__DisplayClass1_0] [INFO] [<WaitForWebElementFunc>b__0] -  Waiting for Element : By.XPath: //tbody/tr[1]/td[1]
11-Aug-2020-06:37:04 [DemoProject1.ComponentHelper.GenericHelper+<>c__DisplayClass1_0] [INFO] [<WaitForWebElementFunc>b__0] -  Waiting for Element : By.XPath: //tbody/tr[1]/td[1]
11-Aug-2020-06:37:06 [DemoProject1.ComponentHelper.GenericHelper+<>c__DisplayClass1_0] [INFO] [<WaitForWebElementFunc>b__0] -  Waiting for Element : By.XPath: //tbody/tr[1]/td[1]
11-Aug-2020-06:37:07 [DemoProject1.ComponentHelper.GenericHelper+<>c__DisplayClass1_0] [INFO] [<WaitForWebElementFunc>b__0] -  Waiting for Element : By.XPath: //tbody/tr[1]/td[1]
11-Aug-2020-06:37:09 [DemoProject1.ComponentHelper.GenericHelper+<>c__DisplayClass1_0] [INFO] [<WaitForWebElementFunc>b__0] -  Waiting for Element : By.XPath: //tbody/tr[1]/td[1]
11-Aug-2020-06:37:11 [DemoProject1.ComponentHelper.GenericHelper+<>c__DisplayClass1_0] [INFO] [<WaitForWebElementFunc>b__0] -  Waiting for Element : By.XPath: //tbody/tr[1]/td[1]
11-Aug-2020-06:37:12 [DemoProject1.ComponentHelper.GenericHelper+<>c__DisplayClass1_0] [INFO] [<WaitForWebElementFunc>b__0] -  Waiting for Element : By.XPath: //tbody/tr[1]/td[1]
11-Aug-2020-06:37:14 [DemoProject1.ComponentHelper.GenericHelper+<>c__DisplayClass1_0] [INFO] [<WaitForWebElementFunc>b__0] -  Waiting for Element : By.XPath: //tbody/tr[1]/td[1]
11-Aug-2020-06:37:15 [DemoProject1.ComponentHelper.GenericHelper+<>c__DisplayClass1_0] [INFO] [<WaitForWebElementFunc>b__0] -  Waiting for Element : By.XPath: //tbody/tr[1]/td[1]
11-Aug-2020-06:37:17 [DemoProject1.ComponentHelper.GenericHelper+<>c__DisplayClass1_0] [INFO] [<WaitForWebElementFunc>b__0] -  Waiting for Element : By.XPath: //tbody/tr[1]/td[1]
11-Aug-2020-06:37:18 [DemoProject1.ComponentHelper.GenericHelper+<>c__DisplayClass1_0] [INFO] [<WaitForWebElementFunc>b__0] -  Waiting for Element : By.XPath: //tbody/tr[1]/td[1]
11-Aug-2020-06:37:20 [DemoProject1.ComponentHelper.GenericHelper+<>c__DisplayClass1_0] [INFO] [<WaitForWebElementFunc>b__0] -  Waiting for Element : By.XPath: //tbody/tr[1]/td[1]
11-Aug-2020-06:37:21 [DemoProject1.ComponentHelper.GenericHelper+<>c__DisplayClass1_0] [INFO] [<WaitForWebElementFunc>b__0] -  Waiting for Element : By.XPath: //tbody/tr[1]/td[1]
11-Aug-2020-06:37:23 [DemoProject1.ComponentHelper.GenericHelper+<>c__DisplayClass1_0] [INFO] [<WaitForWebElementFunc>b__0] -  Waiting for Element : By.XPath: //tbody/tr[1]/td[1]
11-Aug-2020-06:37:24 [DemoProject1.ComponentHelper.GenericHelper+<>c__DisplayClass1_0] [INFO] [<WaitForWebElementFunc>b__0] -  Waiting for Element : By.XPath: //tbody/tr[1]/td[1]
11-Aug-2020-06:37:26 [DemoProject1.ComponentHelper.GenericHelper+<>c__DisplayClass1_0] [INFO] [<WaitForWebElementFunc>b__0] -  Waiting for Element : By.XPath: //tbody/tr[1]/td[1]
11-Aug-2020-06:37:27 [DemoProject1.ComponentHelper.GenericHelper+<>c__DisplayClass1_0] [INFO] [<WaitForWebElementFunc>b__0] -  Waiting for Element : By.XPath: //tbody/tr[1]/td[1]
11-Aug-2020-06:37:29 [DemoProject1.ComponentHelper.GenericHelper+<>c__DisplayClass1_0] [INFO] [<WaitForWebElementFunc>b__0] -  Waiting for Element : By.XPath: //tbody/tr[1]/td[1]
11-Aug-2020-06:37:30 [DemoProject1.ComponentHelper.GenericHelper+<>c__DisplayClass1_0] [INFO] [<WaitForWebElementFunc>b__0] -  Waiting for Element : By.XPath: //tbody/tr[1]/td[1]
11-Aug-2020-06:37:32 [DemoProject1.ComponentHelper.GenericHelper+<>c__DisplayClass1_0] [INFO] [<WaitForWebElementFunc>b__0] -  Waiting for Element : By.XPath: //tbody/tr[1]/td[1]
11-Aug-2020-06:37:34 [DemoProject1.ComponentHelper.GenericHelper+<>c__DisplayClass1_0] [INFO] [<WaitForWebElementFunc>b__0] -  Waiting for Element : By.XPath: //tbody/tr[1]/td[1]
11-Aug-2020-06:37:35 [DemoProject1.ComponentHelper.GenericHelper+<>c__DisplayClass1_0] [INFO] [<WaitForWebElementFunc>b__0] -  Waiting for Element : By.XPath: //tbody/tr[1]/td[1]
11-Aug-2020-06:37:37 [DemoProject1.ComponentHelper.GenericHelper+<>c__DisplayClass1_0] [INFO] [<WaitForWebElementFunc>b__0] -  Waiting for Element : By.XPath: //tbody/tr[1]/td[1]
11-Aug-2020-06:37:38 [DemoProject1.ComponentHelper.GenericHelper+<>c__DisplayClass1_0] [INFO] [<WaitForWebElementFunc>b__0] -  Waiting for Element : By.XPath: //tbody/tr[1]/td[1]
11-Aug-2020-06:37:40 [DemoProject1.ComponentHelper.GenericHelper+<>c__DisplayClass1_0] [INFO] [<WaitForWebElementFunc>b__0] -  Waiting for Element : By.XPath: //tbody/tr[1]/td[1]
11-Aug-2020-06:37:41 [DemoProject1.ComponentHelper.GenericHelper+<>c__DisplayClass1_0] [INFO] [<WaitForWebElementFunc>b__0] -  Waiting for Element : By.XPath: //tbody/tr[1]/td[1]
11-Aug-2020-06:37:43 [DemoProject1.ComponentHelper.GenericHelper+<>c__DisplayClass1_0] [INFO] [<WaitForWebElementFunc>b__0] -  Waiting for Element : By.XPath: //tbody/tr[1]/td[1]
11-Aug-2020-06:37:44 [DemoProject1.ComponentHelper.GenericHelper+<>c__DisplayClass1_0] [INFO] [<WaitForWebElementFunc>b__0] -  Waiting for Element : By.XPath: //tbody/tr[1]/td[1]
11-Aug-2020-06:37:46 [DemoProject1.ComponentHelper.GenericHelper+<>c__DisplayClass1_0] [INFO] [<WaitForWebElementFunc>b__0] -  Waiting for Element : By.XPath: //tbody/tr[1]/td[1]
11-Aug-2020-06:37:47 [DemoProject1.ComponentHelper.GenericHelper+<>c__DisplayClass1_0] [INFO] [<WaitForWebElementFunc>b__0] -  Waiting for Element : By.XPath: //tbody/tr[1]/td[1]
11-Aug-2020-06:37:49 [DemoProject1.ComponentHelper.GenericHelper+<>c__DisplayClass1_0] [INFO] [<WaitForWebElementFunc>b__0] -  Waiting for Element : By.XPath: //tbody/tr[1]/td[1]
11-Aug-2020-06:37:51 [DemoProject1.ComponentHelper.GenericHelper+<>c__DisplayClass1_0] [INFO] [<WaitForWebElementFunc>b__0] -  Waiting for Element : By.XPath: //tbody/tr[1]/td[1]
11-Aug-2020-06:37:51 [DemoProject1.ComponentHelper.GenericHelper] [INFO] [WaitForWebElement] -  Setting the Explicit wait Configured value 
11-Aug-2020-06:37:51 [DemoProject1.ComponentHelper.GenericHelper] [INFO] [IsElemetPresent] -  Checking for the element By.XPath: //tbody/tr[1]/td[1]
11-Aug-2020-06:37:51 [DemoProject1.ComponentHelper.GenericHelper] [INFO] [GetWebdriverWait] -  Wait Object Created 
11-Aug-2020-06:37:51 [DemoProject1.ComponentHelper.GenericHelper] [INFO] [WaitForWebElement] -  Setting the Explicit wait Configured value 
11-Aug-2020-06:37:51 [DemoProject1.ComponentHelper.LinkHelper] [INFO] [ClickLink] -  Clicking on link : By.XPath: //tbody/tr[1]/td[1]
11-Aug-2020-06:37:56 [DemoProject1.ComponentHelper.GenericHelper] [INFO] [IsElemetPresent] -  Checking for the element By.XPath: //button//span[text()=' Merge & Email ']
11-Aug-2020-06:37:56 [DemoProject1.ComponentHelper.GenericHelper] [INFO] [GetWebdriverWait] -  Wait Object Created 
11-Aug-2020-06:37:56 [DemoProject1.ComponentHelper.GenericHelper] [INFO] [WaitForWebElement] -  Setting the Explicit wait Configured value 
11-Aug-2020-06:37:56 [DemoProject1.ComponentHelper.LinkHelper] [INFO] [ClickLink] -  Clicking on link : By.XPath: //button//span[text()=' Merge & Email ']
11-Aug-2020-06:37:56 [DemoProject1.ComponentHelper.GenericHelper] [INFO] [IsElemetPresent] -  Checking for the element By.XPath: //input[@name='from']
11-Aug-2020-06:38:12 [DemoProject1.ComponentHelper.GenericHelper] [INFO] [GetWebdriverWait] -  Wait Object Created 
11-Aug-2020-06:38:12 [DemoProject1.ComponentHelper.GenericHelper] [INFO] [WaitForWebElement] -  Setting the Explicit wait Configured value 
11-Aug-2020-06:38:12 [DemoProject1.ComponentHelper.LinkHelper] [INFO] [ClickLink] -  Clicking on link : By.XPath: //input[@name='from']
11-Aug-2020-06:38:14 [DemoProject1.ComponentHelper.GenericHelper] [INFO] [IsElemetPresent] -  Checking for the element By.XPath: (//mat-chip/i)[1]
11-Aug-2020-06:38:14 [DemoProject1.ComponentHelper.JavaScriptExecutor] [INFO] [ExecuteScript] -  Execute Script @ window.scrollTo(0,160)
11-Aug-2020-06:38:15 [DemoProject1.ComponentHelper.GenericHelper] [INFO] [IsElemetPresent] -  Checking for the element By.XPath: //input[@name='from']
11-Aug-2020-06:38:15 [DemoProject1.ComponentHelper.TextBoxHelper] [INFO] [TypeInTexBox] - Type in the textboxa1@gmail.com
11-Aug-2020-06:38:15 [DemoProject1.ComponentHelper.GenericHelper] [INFO] [IsElemetPresent] -  Checking for the element By.XPath: //input[@name='toEmail']
11-Aug-2020-06:38:15 [DemoProject1.ComponentHelper.GenericHelper] [INFO] [GetWebdriverWait] -  Wait Object Created 
11-Aug-2020-06:38:15 [DemoProject1.ComponentHelper.GenericHelper] [INFO] [WaitForWebElement] -  Setting the Explicit wait Configured value 
11-Aug-2020-06:38:15 [DemoProject1.ComponentHelper.LinkHelper] [INFO] [ClickLink] -  Clicking on link : By.XPath: //input[@name='toEmail']
11-Aug-2020-06:38:15 [DemoProject1.ComponentHelper.GenericHelper] [INFO] [IsElemetPresent] -  Checking for the element By.XPath: (//mat-chip/i)[2]
11-Aug-2020-06:38:15 [DemoProject1.ComponentHelper.JavaScriptExecutor] [INFO] [ExecuteScript] -  Execute Script @ window.scrollTo(0,251)
11-Aug-2020-06:38:15 [DemoProject1.ComponentHelper.GenericHelper] [INFO] [IsElemetPresent] -  Checking for the element By.XPath: //input[@name='toEmail']
11-Aug-2020-06:38:15 [DemoProject1.ComponentHelper.TextBoxHelper] [INFO] [TypeInTexBox] - Type in the textboxa1@gmail.com
11-Aug-2020-06:38:15 [DemoProject1.ComponentHelper.GenericHelper] [INFO] [IsElemetPresent] -  Checking for the element By.XPath: //input[@placeholder='Cc']
11-Aug-2020-06:38:15 [DemoProject1.ComponentHelper.GenericHelper] [INFO] [GetWebdriverWait] -  Wait Object Created 
11-Aug-2020-06:38:15 [DemoProject1.ComponentHelper.GenericHelper] [INFO] [WaitForWebElement] -  Setting the Explicit wait Configured value 
11-Aug-2020-06:38:15 [DemoProject1.ComponentHelper.LinkHelper] [INFO] [ClickLink] -  Clicking on link : By.XPath: //input[@placeholder='Cc']
11-Aug-2020-06:38:15 [DemoProject1.ComponentHelper.GenericHelper] [INFO] [IsElemetPresent] -  Checking for the element By.XPath: (//mat-chip/i)[3]
11-Aug-2020-06:38:15 [DemoProject1.ComponentHelper.JavaScriptExecutor] [INFO] [ExecuteScript] -  Execute Script @ window.scrollTo(0,312)
11-Aug-2020-06:38:16 [DemoProject1.ComponentHelper.GenericHelper] [INFO] [IsElemetPresent] -  Checking for the element By.XPath: //input[@placeholder='Cc']
11-Aug-2020-06:38:16 [DemoProject1.ComponentHelper.TextBoxHelper] [INFO] [TypeInTexBox] - Type in the textboxa1@gmail.com
11-Aug-2020-06:38:16 [DemoProject1.ComponentHelper.GenericHelper] [INFO] [IsElemetPresent] -  Checking for the element By.XPath: //input[@placeholder='Subject']
11-Aug-2020-06:38:16 [DemoProject1.ComponentHelper.TextBoxHelper] [INFO] [TypeInTexBox] - Type in the textboxsub1
11-Aug-2020-06:38:16 [DemoProject1.ComponentHelper.GenericHelper] [INFO] [IsElemetPresent] -  Checking for the element By.XPath: //span[text()='Send']
11-Aug-2020-06:38:16 [DemoProject1.ComponentHelper.GenericHelper] [INFO] [GetWebdriverWait] -  Wait Object Created 
11-Aug-2020-06:38:16 [DemoProject1.ComponentHelper.GenericHelper] [INFO] [WaitForWebElement] -  Setting the Explicit wait Configured value 
11-Aug-2020-06:38:16 [DemoProject1.ComponentHelper.LinkHelper] [INFO] [ClickLink] -  Clicking on link : By.XPath: //span[text()='Send']
11-Aug-2020-06:38:26 [DemoProject1.ComponentHelper.GenericHelper] [INFO] [IsElemetPresent] -  Checking for the element By.XPath: //button//span[text()=' Merge & Email ']
11-Aug-2020-06:38:26 [DemoProject1.ComponentHelper.GenericHelper] [INFO] [GetWebdriverWait] -  Wait Object Created 
11-Aug-2020-06:38:26 [DemoProject1.ComponentHelper.GenericHelper] [INFO] [WaitForWebElement] -  Setting the Explicit wait Configured value 
11-Aug-2020-06:38:26 [DemoProject1.ComponentHelper.LinkHelper] [INFO] [ClickLink] -  Clicking on link : By.XPath: //button//span[text()=' Merge & Email ']
11-Aug-2020-06:38:32 [DemoProject1.BaseClass.BaseClass] [INFO] [TearDown] -  Stopping the Driver  
