11-Aug-2020-06:25:02 [DemoProject1.ComponentHelper.BrowserHelper] [INFO] [BrowserMaximize] - Browser Maximize
11-Aug-2020-06:25:03 [DemoProject1.ComponentHelper.NavigationHelper] [INFO] [NavigateToUrl] -  Navigate To Page http://disability-dts-sandbox.primussoft.com/?_token=2
11-Aug-2020-06:25:05 [DemoProject1.ComponentHelper.GenericHelper] [INFO] [GetWebdriverWait] -  Wait Object Created 
11-Aug-2020-06:25:06 [DemoProject1.ComponentHelper.GenericHelper+<>c__DisplayClass1_0] [INFO] [<WaitForWebElementFunc>b__0] -  Waiting for Element : By.XPath: //tbody/tr[1]/td[1]
11-Aug-2020-06:25:09 [DemoProject1.ComponentHelper.GenericHelper+<>c__DisplayClass1_0] [INFO] [<WaitForWebElementFunc>b__0] -  Waiting for Element : By.XPath: //tbody/tr[1]/td[1]
11-Aug-2020-06:25:10 [DemoProject1.ComponentHelper.GenericHelper+<>c__DisplayClass1_0] [INFO] [<WaitForWebElementFunc>b__0] -  Waiting for Element : By.XPath: //tbody/tr[1]/td[1]
11-Aug-2020-06:25:12 [DemoProject1.ComponentHelper.GenericHelper+<>c__DisplayClass1_0] [INFO] [<WaitForWebElementFunc>b__0] -  Waiting for Element : By.XPath: //tbody/tr[1]/td[1]
11-Aug-2020-06:25:14 [DemoProject1.ComponentHelper.GenericHelper+<>c__DisplayClass1_0] [INFO] [<WaitForWebElementFunc>b__0] -  Waiting for Element : By.XPath: //tbody/tr[1]/td[1]
11-Aug-2020-06:25:15 [DemoProject1.ComponentHelper.GenericHelper+<>c__DisplayClass1_0] [INFO] [<WaitForWebElementFunc>b__0] -  Waiting for Element : By.XPath: //tbody/tr[1]/td[1]
11-Aug-2020-06:25:17 [DemoProject1.ComponentHelper.GenericHelper+<>c__DisplayClass1_0] [INFO] [<WaitForWebElementFunc>b__0] -  Waiting for Element : By.XPath: //tbody/tr[1]/td[1]
11-Aug-2020-06:25:18 [DemoProject1.ComponentHelper.GenericHelper+<>c__DisplayClass1_0] [INFO] [<WaitForWebElementFunc>b__0] -  Waiting for Element : By.XPath: //tbody/tr[1]/td[1]
11-Aug-2020-06:25:20 [DemoProject1.ComponentHelper.GenericHelper+<>c__DisplayClass1_0] [INFO] [<WaitForWebElementFunc>b__0] -  Waiting for Element : By.XPath: //tbody/tr[1]/td[1]
11-Aug-2020-06:25:21 [DemoProject1.ComponentHelper.GenericHelper+<>c__DisplayClass1_0] [INFO] [<WaitForWebElementFunc>b__0] -  Waiting for Element : By.XPath: //tbody/tr[1]/td[1]
11-Aug-2020-06:25:23 [DemoProject1.ComponentHelper.GenericHelper+<>c__DisplayClass1_0] [INFO] [<WaitForWebElementFunc>b__0] -  Waiting for Element : By.XPath: //tbody/tr[1]/td[1]
11-Aug-2020-06:25:24 [DemoProject1.ComponentHelper.GenericHelper+<>c__DisplayClass1_0] [INFO] [<WaitForWebElementFunc>b__0] -  Waiting for Element : By.XPath: //tbody/tr[1]/td[1]
11-Aug-2020-06:25:26 [DemoProject1.ComponentHelper.GenericHelper+<>c__DisplayClass1_0] [INFO] [<WaitForWebElementFunc>b__0] -  Waiting for Element : By.XPath: //tbody/tr[1]/td[1]
11-Aug-2020-06:25:27 [DemoProject1.ComponentHelper.GenericHelper+<>c__DisplayClass1_0] [INFO] [<WaitForWebElementFunc>b__0] -  Waiting for Element : By.XPath: //tbody/tr[1]/td[1]
11-Aug-2020-06:25:29 [DemoProject1.ComponentHelper.GenericHelper+<>c__DisplayClass1_0] [INFO] [<WaitForWebElementFunc>b__0] -  Waiting for Element : By.XPath: //tbody/tr[1]/td[1]
11-Aug-2020-06:25:30 [DemoProject1.ComponentHelper.GenericHelper+<>c__DisplayClass1_0] [INFO] [<WaitForWebElementFunc>b__0] -  Waiting for Element : By.XPath: //tbody/tr[1]/td[1]
11-Aug-2020-06:25:32 [DemoProject1.ComponentHelper.GenericHelper+<>c__DisplayClass1_0] [INFO] [<WaitForWebElementFunc>b__0] -  Waiting for Element : By.XPath: //tbody/tr[1]/td[1]
11-Aug-2020-06:25:33 [DemoProject1.ComponentHelper.GenericHelper+<>c__DisplayClass1_0] [INFO] [<WaitForWebElementFunc>b__0] -  Waiting for Element : By.XPath: //tbody/tr[1]/td[1]
11-Aug-2020-06:25:35 [DemoProject1.ComponentHelper.GenericHelper+<>c__DisplayClass1_0] [INFO] [<WaitForWebElementFunc>b__0] -  Waiting for Element : By.XPath: //tbody/tr[1]/td[1]
11-Aug-2020-06:25:37 [DemoProject1.ComponentHelper.GenericHelper+<>c__DisplayClass1_0] [INFO] [<WaitForWebElementFunc>b__0] -  Waiting for Element : By.XPath: //tbody/tr[1]/td[1]
11-Aug-2020-06:25:38 [DemoProject1.ComponentHelper.GenericHelper+<>c__DisplayClass1_0] [INFO] [<WaitForWebElementFunc>b__0] -  Waiting for Element : By.XPath: //tbody/tr[1]/td[1]
11-Aug-2020-06:25:40 [DemoProject1.ComponentHelper.GenericHelper+<>c__DisplayClass1_0] [INFO] [<WaitForWebElementFunc>b__0] -  Waiting for Element : By.XPath: //tbody/tr[1]/td[1]
11-Aug-2020-06:25:41 [DemoProject1.ComponentHelper.GenericHelper+<>c__DisplayClass1_0] [INFO] [<WaitForWebElementFunc>b__0] -  Waiting for Element : By.XPath: //tbody/tr[1]/td[1]
11-Aug-2020-06:25:43 [DemoProject1.ComponentHelper.GenericHelper+<>c__DisplayClass1_0] [INFO] [<WaitForWebElementFunc>b__0] -  Waiting for Element : By.XPath: //tbody/tr[1]/td[1]
11-Aug-2020-06:25:44 [DemoProject1.ComponentHelper.GenericHelper+<>c__DisplayClass1_0] [INFO] [<WaitForWebElementFunc>b__0] -  Waiting for Element : By.XPath: //tbody/tr[1]/td[1]
11-Aug-2020-06:25:46 [DemoProject1.ComponentHelper.GenericHelper+<>c__DisplayClass1_0] [INFO] [<WaitForWebElementFunc>b__0] -  Waiting for Element : By.XPath: //tbody/tr[1]/td[1]
11-Aug-2020-06:25:47 [DemoProject1.ComponentHelper.GenericHelper+<>c__DisplayClass1_0] [INFO] [<WaitForWebElementFunc>b__0] -  Waiting for Element : By.XPath: //tbody/tr[1]/td[1]
11-Aug-2020-06:25:49 [DemoProject1.ComponentHelper.GenericHelper+<>c__DisplayClass1_0] [INFO] [<WaitForWebElementFunc>b__0] -  Waiting for Element : By.XPath: //tbody/tr[1]/td[1]
11-Aug-2020-06:25:50 [DemoProject1.ComponentHelper.GenericHelper+<>c__DisplayClass1_0] [INFO] [<WaitForWebElementFunc>b__0] -  Waiting for Element : By.XPath: //tbody/tr[1]/td[1]
11-Aug-2020-06:25:52 [DemoProject1.ComponentHelper.GenericHelper+<>c__DisplayClass1_0] [INFO] [<WaitForWebElementFunc>b__0] -  Waiting for Element : By.XPath: //tbody/tr[1]/td[1]
11-Aug-2020-06:25:53 [DemoProject1.ComponentHelper.GenericHelper+<>c__DisplayClass1_0] [INFO] [<WaitForWebElementFunc>b__0] -  Waiting for Element : By.XPath: //tbody/tr[1]/td[1]
11-Aug-2020-06:25:55 [DemoProject1.ComponentHelper.GenericHelper+<>c__DisplayClass1_0] [INFO] [<WaitForWebElementFunc>b__0] -  Waiting for Element : By.XPath: //tbody/tr[1]/td[1]
11-Aug-2020-06:25:56 [DemoProject1.ComponentHelper.GenericHelper+<>c__DisplayClass1_0] [INFO] [<WaitForWebElementFunc>b__0] -  Waiting for Element : By.XPath: //tbody/tr[1]/td[1]
11-Aug-2020-06:25:58 [DemoProject1.ComponentHelper.GenericHelper+<>c__DisplayClass1_0] [INFO] [<WaitForWebElementFunc>b__0] -  Waiting for Element : By.XPath: //tbody/tr[1]/td[1]
11-Aug-2020-06:25:59 [DemoProject1.ComponentHelper.GenericHelper+<>c__DisplayClass1_0] [INFO] [<WaitForWebElementFunc>b__0] -  Waiting for Element : By.XPath: //tbody/tr[1]/td[1]
11-Aug-2020-06:26:01 [DemoProject1.ComponentHelper.GenericHelper+<>c__DisplayClass1_0] [INFO] [<WaitForWebElementFunc>b__0] -  Waiting for Element : By.XPath: //tbody/tr[1]/td[1]
11-Aug-2020-06:26:03 [DemoProject1.ComponentHelper.GenericHelper+<>c__DisplayClass1_0] [INFO] [<WaitForWebElementFunc>b__0] -  Waiting for Element : By.XPath: //tbody/tr[1]/td[1]
11-Aug-2020-06:26:04 [DemoProject1.ComponentHelper.GenericHelper+<>c__DisplayClass1_0] [INFO] [<WaitForWebElementFunc>b__0] -  Waiting for Element : By.XPath: //tbody/tr[1]/td[1]
11-Aug-2020-06:26:05 [DemoProject1.ComponentHelper.GenericHelper] [INFO] [WaitForWebElement] -  Setting the Explicit wait Configured value 
11-Aug-2020-06:26:05 [DemoProject1.ComponentHelper.GenericHelper] [INFO] [IsElemetPresent] -  Checking for the element By.XPath: //tbody/tr[1]/td[1]
11-Aug-2020-06:26:05 [DemoProject1.ComponentHelper.GenericHelper] [INFO] [GetWebdriverWait] -  Wait Object Created 
11-Aug-2020-06:26:05 [DemoProject1.ComponentHelper.GenericHelper] [INFO] [WaitForWebElement] -  Setting the Explicit wait Configured value 
11-Aug-2020-06:26:05 [DemoProject1.ComponentHelper.LinkHelper] [INFO] [ClickLink] -  Clicking on link : By.XPath: //tbody/tr[1]/td[1]
11-Aug-2020-06:26:10 [DemoProject1.ComponentHelper.GenericHelper] [INFO] [IsElemetPresent] -  Checking for the element By.XPath: //button//span[text()=' Merge & Email ']
11-Aug-2020-06:26:10 [DemoProject1.ComponentHelper.GenericHelper] [INFO] [GetWebdriverWait] -  Wait Object Created 
11-Aug-2020-06:26:11 [DemoProject1.ComponentHelper.GenericHelper] [INFO] [WaitForWebElement] -  Setting the Explicit wait Configured value 
11-Aug-2020-06:26:11 [DemoProject1.ComponentHelper.LinkHelper] [INFO] [ClickLink] -  Clicking on link : By.XPath: //button//span[text()=' Merge & Email ']
11-Aug-2020-06:26:11 [DemoProject1.ComponentHelper.GenericHelper] [INFO] [IsElemetPresent] -  Checking for the element By.XPath: //input[@name='from']
11-Aug-2020-06:26:18 [DemoProject1.ComponentHelper.GenericHelper] [INFO] [GetWebdriverWait] -  Wait Object Created 
11-Aug-2020-06:26:18 [DemoProject1.ComponentHelper.GenericHelper] [INFO] [WaitForWebElement] -  Setting the Explicit wait Configured value 
11-Aug-2020-06:26:18 [DemoProject1.ComponentHelper.LinkHelper] [INFO] [ClickLink] -  Clicking on link : By.XPath: //input[@name='from']
11-Aug-2020-06:26:20 [DemoProject1.ComponentHelper.GenericHelper] [INFO] [IsElemetPresent] -  Checking for the element By.XPath: (//mat-chip/i)[1]
11-Aug-2020-06:26:20 [DemoProject1.ComponentHelper.JavaScriptExecutor] [INFO] [ExecuteScript] -  Execute Script @ window.scrollTo(0,116)
11-Aug-2020-06:26:21 [DemoProject1.ComponentHelper.GenericHelper] [INFO] [IsElemetPresent] -  Checking for the element By.XPath: //input[@name='from']
11-Aug-2020-06:26:21 [DemoProject1.ComponentHelper.TextBoxHelper] [INFO] [TypeInTexBox] - Type in the textboxa1@gmail.com
11-Aug-2020-06:26:21 [DemoProject1.ComponentHelper.GenericHelper] [INFO] [IsElemetPresent] -  Checking for the element By.XPath: //input[@name='toEmail']
11-Aug-2020-06:26:21 [DemoProject1.ComponentHelper.GenericHelper] [INFO] [GetWebdriverWait] -  Wait Object Created 
11-Aug-2020-06:26:21 [DemoProject1.ComponentHelper.GenericHelper] [INFO] [WaitForWebElement] -  Setting the Explicit wait Configured value 
11-Aug-2020-06:26:21 [DemoProject1.ComponentHelper.LinkHelper] [INFO] [ClickLink] -  Clicking on link : By.XPath: //input[@name='toEmail']
11-Aug-2020-06:26:21 [DemoProject1.ComponentHelper.GenericHelper] [INFO] [IsElemetPresent] -  Checking for the element By.XPath: (//mat-chip/i)[2]
11-Aug-2020-06:26:21 [DemoProject1.ComponentHelper.JavaScriptExecutor] [INFO] [ExecuteScript] -  Execute Script @ window.scrollTo(0,207)
11-Aug-2020-06:26:21 [DemoProject1.ComponentHelper.GenericHelper] [INFO] [IsElemetPresent] -  Checking for the element By.XPath: //input[@name='toEmail']
11-Aug-2020-06:26:22 [DemoProject1.ComponentHelper.TextBoxHelper] [INFO] [TypeInTexBox] - Type in the textboxa1@gmail.com
11-Aug-2020-06:26:22 [DemoProject1.ComponentHelper.GenericHelper] [INFO] [IsElemetPresent] -  Checking for the element By.XPath: //input[@placeholder='Cc']
11-Aug-2020-06:26:22 [DemoProject1.ComponentHelper.GenericHelper] [INFO] [GetWebdriverWait] -  Wait Object Created 
11-Aug-2020-06:26:22 [DemoProject1.ComponentHelper.GenericHelper] [INFO] [WaitForWebElement] -  Setting the Explicit wait Configured value 
11-Aug-2020-06:26:22 [DemoProject1.ComponentHelper.LinkHelper] [INFO] [ClickLink] -  Clicking on link : By.XPath: //input[@placeholder='Cc']
11-Aug-2020-06:26:22 [DemoProject1.ComponentHelper.GenericHelper] [INFO] [IsElemetPresent] -  Checking for the element By.XPath: (//mat-chip/i)[3]
11-Aug-2020-06:26:22 [DemoProject1.ComponentHelper.JavaScriptExecutor] [INFO] [ExecuteScript] -  Execute Script @ window.scrollTo(0,268)
11-Aug-2020-06:26:22 [DemoProject1.ComponentHelper.GenericHelper] [INFO] [IsElemetPresent] -  Checking for the element By.XPath: //input[@placeholder='Cc']
11-Aug-2020-06:26:22 [DemoProject1.ComponentHelper.TextBoxHelper] [INFO] [TypeInTexBox] - Type in the textboxa1@gmail.com
11-Aug-2020-06:26:22 [DemoProject1.ComponentHelper.GenericHelper] [INFO] [IsElemetPresent] -  Checking for the element By.XPath: //input[@placeholder='Subject']
11-Aug-2020-06:26:23 [DemoProject1.ComponentHelper.TextBoxHelper] [INFO] [TypeInTexBox] - Type in the textboxsub1
11-Aug-2020-06:26:23 [DemoProject1.ComponentHelper.GenericHelper] [INFO] [IsElemetPresent] -  Checking for the element By.XPath: //span[text()='Send']
11-Aug-2020-06:26:23 [DemoProject1.ComponentHelper.GenericHelper] [INFO] [GetWebdriverWait] -  Wait Object Created 
11-Aug-2020-06:26:23 [DemoProject1.ComponentHelper.GenericHelper] [INFO] [WaitForWebElement] -  Setting the Explicit wait Configured value 
11-Aug-2020-06:26:23 [DemoProject1.ComponentHelper.LinkHelper] [INFO] [ClickLink] -  Clicking on link : By.XPath: //span[text()='Send']
11-Aug-2020-06:26:28 [DemoProject1.ComponentHelper.GenericHelper] [INFO] [IsElemetPresent] -  Checking for the element By.XPath: //button//span[text()=' Merge & Email ']
11-Aug-2020-06:26:29 [DemoProject1.ComponentHelper.GenericHelper] [INFO] [GetWebdriverWait] -  Wait Object Created 
11-Aug-2020-06:26:29 [DemoProject1.ComponentHelper.GenericHelper] [INFO] [WaitForWebElement] -  Setting the Explicit wait Configured value 
11-Aug-2020-06:26:31 [DemoProject1.ComponentHelper.TakeScreenShots] [INFO] [CaptureScreenshoots] -  ScreenShot Taken : Ability to Change/Edit the pre-filled information/data.jpeg2020-08-11-26-31
11-Aug-2020-06:26:32 [DemoProject1.BaseClass.BaseClass] [INFO] [TearDown] -  Stopping the Driver  
