29-Jul-2020-07:48:40 [DemoProject1.ComponentHelper.BrowserHelper] [INFO] [BrowserMaximize] - Browser Maximize
29-Jul-2020-07:48:40 [DemoProject1.ComponentHelper.NavigationHelper] [INFO] [NavigateToUrl] -  Navigate To Page http://disability-dts-sandbox.primussoft.com/?_token=2
29-Jul-2020-07:48:56 [DemoProject1.ComponentHelper.GenericHelper] [INFO] [IsElemetPresent] -  Checking for the element By.XPath: //a[contains(text(),'Email Template')]
29-Jul-2020-07:48:56 [DemoProject1.ComponentHelper.LinkHelper] [INFO] [ClickLink] -  Clicking on link : By.XPath: //a[contains(text(),'Email Template')]
29-Jul-2020-07:48:59 [DemoProject1.ComponentHelper.GenericHelper] [INFO] [IsElemetPresent] -  Checking for the element By.XPath: //input[@id='mat-input-0']
29-Jul-2020-07:48:59 [DemoProject1.ComponentHelper.TextBoxHelper] [INFO] [TypeInTexBox] - Type in the textboxQAAutomation@291
29-Jul-2020-07:49:00 [DemoProject1.ComponentHelper.GenericHelper] [INFO] [IsElemetPresent] -  Checking for the element By.XPath: //input[@id='mat-input-2']
29-Jul-2020-07:49:00 [DemoProject1.ComponentHelper.TextBoxHelper] [INFO] [TypeInTexBox] - Type in the textboxPrimustest
29-Jul-2020-07:49:01 [DemoProject1.ComponentHelper.GenericHelper] [INFO] [IsElemetPresent] -  Checking for the element By.XPath: //textarea[@id='mat-input-4']
29-Jul-2020-07:49:02 [DemoProject1.ComponentHelper.TextBoxHelper] [INFO] [TypeInTexBox] - Type in the textboxtest
29-Jul-2020-07:49:03 [DemoProject1.ComponentHelper.GenericHelper] [INFO] [IsElemetPresent] -  Checking for the element By.XPath: //input[@id='mat-input-3']
29-Jul-2020-07:49:03 [DemoProject1.ComponentHelper.TextBoxHelper] [INFO] [TypeInTexBox] - Type in the textboxBA
29-Jul-2020-07:49:04 [DemoProject1.ComponentHelper.GenericHelper] [INFO] [IsElemetPresent] -  Checking for the element By.XPath: //input[@ng-reflect-placeholder='From']
29-Jul-2020-07:49:04 [DemoProject1.ComponentHelper.TextBoxHelper] [INFO] [TypeInTexBox] - Type in the textboxabc@gmail.com
29-Jul-2020-07:49:05 [DemoProject1.ComponentHelper.GenericHelper] [INFO] [IsElemetPresent] -  Checking for the element By.XPath: //input[@ng-reflect-placeholder='To']
29-Jul-2020-07:49:06 [DemoProject1.ComponentHelper.TextBoxHelper] [INFO] [TypeInTexBox] - Type in the textboxxyz@gmail.com
29-Jul-2020-07:49:07 [DemoProject1.ComponentHelper.GenericHelper] [INFO] [IsElemetPresent] -  Checking for the element By.XPath: //input[@ng-reflect-placeholder='Cc']
29-Jul-2020-07:49:07 [DemoProject1.ComponentHelper.TextBoxHelper] [INFO] [TypeInTexBox] - Type in the textboxxyz@gmail.com
29-Jul-2020-07:49:08 [DemoProject1.ComponentHelper.GenericHelper] [INFO] [IsElemetPresent] -  Checking for the element By.XPath: //input[@ng-reflect-placeholder='Subject']
29-Jul-2020-07:49:08 [DemoProject1.ComponentHelper.TextBoxHelper] [INFO] [TypeInTexBox] - Type in the textboxLeave Request
29-Jul-2020-07:49:08 [DemoProject1.ComponentHelper.GenericHelper] [INFO] [IsElemetPresent] -  Checking for the element By.XPath: //span[text()='Add attachment']
29-Jul-2020-07:49:08 [DemoProject1.ComponentHelper.LinkHelper] [INFO] [ClickLink] -  Clicking on link : By.XPath: //span[text()='Add attachment']
29-Jul-2020-07:49:09 [DemoProject1.ComponentHelper.GenericHelper] [INFO] [IsElemetPresent] -  Checking for the element By.XPath: //label[contains(text(),'Attach file')]
29-Jul-2020-07:49:09 [DemoProject1.ComponentHelper.LinkHelper] [INFO] [ClickLink] -  Clicking on link : By.XPath: //label[contains(text(),'Attach file')]
29-Jul-2020-07:49:15 [DemoProject1.ComponentHelper.GenericHelper] [INFO] [IsElemetPresent] -  Checking for the element By.XPath: //label[contains(text(),'Attach file')]
29-Jul-2020-07:49:15 [DemoProject1.ComponentHelper.LinkHelper] [INFO] [ClickLink] -  Clicking on link : By.XPath: //label[contains(text(),'Attach file')]
29-Jul-2020-07:49:19 [DemoProject1.ComponentHelper.GenericHelper] [INFO] [IsElemetPresent] -  Checking for the element By.XPath: //label[contains(text(),'Attach file')]
29-Jul-2020-07:49:19 [DemoProject1.ComponentHelper.LinkHelper] [INFO] [ClickLink] -  Clicking on link : By.XPath: //label[contains(text(),'Attach file')]
29-Jul-2020-07:49:25 [DemoProject1.ComponentHelper.GenericHelper] [INFO] [IsElemetPresent] -  Checking for the element By.XPath: //span[contains(text(),'continue')]
29-Jul-2020-07:49:25 [DemoProject1.ComponentHelper.LinkHelper] [INFO] [ClickLink] -  Clicking on link : By.XPath: //span[contains(text(),'continue')]
29-Jul-2020-07:49:29 [DemoProject1.ComponentHelper.GenericHelper] [INFO] [IsElemetPresent] -  Checking for the element By.XPath: //span[text()='Save']
29-Jul-2020-07:49:29 [DemoProject1.ComponentHelper.ButtonHelper] [INFO] [ClickOnButton] -  Button Click @ By.XPath: //span[text()='Save']
