21-Jul-2020-08:58:50 [DemoProject1.ComponentHelper.BrowserHelper] [INFO] [BrowserMaximize] - Browser Maximize
21-Jul-2020-08:58:50 [DemoProject1.ComponentHelper.NavigationHelper] [INFO] [NavigateToUrl] -  Navigate To Page http://disability-dts-sandbox.primussoft.com/
21-Jul-2020-08:58:57 [DemoProject1.ComponentHelper.GenericHelper] [INFO] [IsElemetPresent] -  Checking for the element By.XPath: //a[contains(text(),'Email Template')]
21-Jul-2020-08:59:38 [DemoProject1.ComponentHelper.TakeScreenShots] [INFO] [CaptureScreenshoots] -  ScreenShot Taken : Email Template Properties with Attachment.jpeg2020-07-21-59-38
21-Jul-2020-08:59:38 [DemoProject1.ComponentHelper.NavigationHelper] [INFO] [NavigateToUrl] -  Navigate To Page http://disability-dts-sandbox.primussoft.com/
21-Jul-2020-08:59:44 [DemoProject1.ComponentHelper.GenericHelper] [INFO] [IsElemetPresent] -  Checking for the element By.XPath: //a[contains(text(),'Email Template')]
21-Jul-2020-08:59:44 [DemoProject1.ComponentHelper.LinkHelper] [INFO] [ClickLink] -  Clicking on link : By.XPath: //a[contains(text(),'Email Template')]
21-Jul-2020-08:59:46 [DemoProject1.ComponentHelper.GenericHelper] [INFO] [IsElemetPresent] -  Checking for the element By.XPath: //input[@id='mat-input-0']
21-Jul-2020-08:59:46 [DemoProject1.ComponentHelper.TextBoxHelper] [INFO] [TypeInTexBox] - Type in the textboxRandy
21-Jul-2020-08:59:47 [DemoProject1.ComponentHelper.GenericHelper] [INFO] [IsElemetPresent] -  Checking for the element By.XPath: //input[@id='mat-input-2']
21-Jul-2020-08:59:48 [DemoProject1.ComponentHelper.TextBoxHelper] [INFO] [TypeInTexBox] - Type in the textboxPrimustest
21-Jul-2020-08:59:49 [DemoProject1.ComponentHelper.GenericHelper] [INFO] [IsElemetPresent] -  Checking for the element By.XPath: //textarea[@id='mat-input-3']
21-Jul-2020-08:59:49 [DemoProject1.ComponentHelper.TextBoxHelper] [INFO] [TypeInTexBox] - Type in the textboxtest
21-Jul-2020-08:59:50 [DemoProject1.ComponentHelper.GenericHelper] [INFO] [IsElemetPresent] -  Checking for the element By.XPath: //input[@ng-reflect-placeholder='From']
21-Jul-2020-08:59:50 [DemoProject1.ComponentHelper.TextBoxHelper] [INFO] [TypeInTexBox] - Type in the textboxabc@gmail.com
21-Jul-2020-08:59:51 [DemoProject1.ComponentHelper.GenericHelper] [INFO] [IsElemetPresent] -  Checking for the element By.XPath: //input[@ng-reflect-placeholder='To']
21-Jul-2020-08:59:51 [DemoProject1.ComponentHelper.TextBoxHelper] [INFO] [TypeInTexBox] - Type in the textboxxyz@gmail.com
21-Jul-2020-08:59:52 [DemoProject1.ComponentHelper.GenericHelper] [INFO] [IsElemetPresent] -  Checking for the element By.XPath: //input[@ng-reflect-placeholder='Cc']
21-Jul-2020-08:59:53 [DemoProject1.ComponentHelper.TextBoxHelper] [INFO] [TypeInTexBox] - Type in the textboxxyz@gmail.com
21-Jul-2020-08:59:54 [DemoProject1.ComponentHelper.GenericHelper] [INFO] [IsElemetPresent] -  Checking for the element By.XPath: //input[@ng-reflect-placeholder='Subject']
21-Jul-2020-08:59:54 [DemoProject1.ComponentHelper.TextBoxHelper] [INFO] [TypeInTexBox] - Type in the textboxLeave Request
21-Jul-2020-08:59:56 [DemoProject1.ComponentHelper.GenericHelper] [INFO] [IsElemetPresent] -  Checking for the element By.XPath: //input[@name='attachContainer']
21-Jul-2020-08:59:56 [DemoProject1.ComponentHelper.CheckBoxHelper] [INFO] [IsCheckBoxChecked] -  Is CheckBox Checked : By.XPath: //input[@name='attachContainer']
21-Jul-2020-08:59:56 [DemoProject1.ComponentHelper.GenericHelper] [INFO] [IsElemetPresent] -  Checking for the element By.XPath: //div[@class='mat-checkbox-inner-container mat-checkbox-inner-container-no-side-margin']
21-Jul-2020-08:59:56 [DemoProject1.ComponentHelper.LinkHelper] [INFO] [ClickLink] -  Clicking on link : By.XPath: //div[@class='mat-checkbox-inner-container mat-checkbox-inner-container-no-side-margin']
21-Jul-2020-08:59:58 [DemoProject1.ComponentHelper.GenericHelper] [INFO] [IsElemetPresent] -  Checking for the element By.XPath: //span[text()='Save']
21-Jul-2020-08:59:58 [DemoProject1.ComponentHelper.ButtonHelper] [INFO] [ClickOnButton] -  Button Click @ By.XPath: //span[text()='Save']
21-Jul-2020-08:59:58 [DemoProject1.ComponentHelper.NavigationHelper] [INFO] [NavigateToUrl] -  Navigate To Page http://disability-dts-sandbox.primussoft.com/
21-Jul-2020-09:00:04 [DemoProject1.ComponentHelper.GenericHelper] [INFO] [IsElemetPresent] -  Checking for the element By.XPath: //a[contains(text(),'Email Template')]
21-Jul-2020-09:00:05 [DemoProject1.ComponentHelper.LinkHelper] [INFO] [ClickLink] -  Clicking on link : By.XPath: //a[contains(text(),'Email Template')]
21-Jul-2020-09:00:07 [DemoProject1.ComponentHelper.GenericHelper] [INFO] [IsElemetPresent] -  Checking for the element By.XPath: //input[@id='mat-input-0']
21-Jul-2020-09:00:07 [DemoProject1.ComponentHelper.TextBoxHelper] [INFO] [TypeInTexBox] - Type in the textboxRandy
21-Jul-2020-09:00:08 [DemoProject1.ComponentHelper.GenericHelper] [INFO] [IsElemetPresent] -  Checking for the element By.XPath: //input[@id='mat-input-2']
21-Jul-2020-09:00:08 [DemoProject1.ComponentHelper.TextBoxHelper] [INFO] [TypeInTexBox] - Type in the textboxPrimustest
21-Jul-2020-09:00:09 [DemoProject1.ComponentHelper.GenericHelper] [INFO] [IsElemetPresent] -  Checking for the element By.XPath: //textarea[@id='mat-input-3']
21-Jul-2020-09:00:09 [DemoProject1.ComponentHelper.TextBoxHelper] [INFO] [TypeInTexBox] - Type in the textboxtest
21-Jul-2020-09:00:10 [DemoProject1.ComponentHelper.GenericHelper] [INFO] [IsElemetPresent] -  Checking for the element By.XPath: //input[@ng-reflect-placeholder='From']
21-Jul-2020-09:00:11 [DemoProject1.ComponentHelper.TextBoxHelper] [INFO] [TypeInTexBox] - Type in the textboxabc@gmail.com
21-Jul-2020-09:00:12 [DemoProject1.ComponentHelper.GenericHelper] [INFO] [IsElemetPresent] -  Checking for the element By.XPath: //input[@ng-reflect-placeholder='To']
21-Jul-2020-09:00:12 [DemoProject1.ComponentHelper.TextBoxHelper] [INFO] [TypeInTexBox] - Type in the textboxxyz@gmail.com
21-Jul-2020-09:00:13 [DemoProject1.ComponentHelper.GenericHelper] [INFO] [IsElemetPresent] -  Checking for the element By.XPath: //input[@ng-reflect-placeholder='Cc']
21-Jul-2020-09:00:13 [DemoProject1.ComponentHelper.TextBoxHelper] [INFO] [TypeInTexBox] - Type in the textboxxyz@gmail.com
21-Jul-2020-09:00:14 [DemoProject1.ComponentHelper.GenericHelper] [INFO] [IsElemetPresent] -  Checking for the element By.XPath: //input[@ng-reflect-placeholder='Subject']
21-Jul-2020-09:00:14 [DemoProject1.ComponentHelper.TextBoxHelper] [INFO] [TypeInTexBox] - Type in the textboxLeave Request
21-Jul-2020-09:00:33 [DemoProject1.ComponentHelper.GenericHelper] [INFO] [IsElemetPresent] -  Checking for the element By.XPath: //button[@class='mat-focus-indicator light btn mat-raised-button mat-button-base ng-star-inserted']
21-Jul-2020-09:01:13 [DemoProject1.ComponentHelper.TakeScreenShots] [INFO] [CaptureScreenshoots] -  ScreenShot Taken : 3 Merge Fields selection ability from Merge Fields list in Template Body and Subject.jpeg2020-07-21-01-13
21-Jul-2020-09:01:14 [DemoProject1.BaseClass.BaseClass] [INFO] [TearDown] -  Stopping the Driver  
