04-Sep-2020-05:03:06 [DemoProject1.ComponentHelper.BrowserHelper] [INFO] [BrowserMaximize] - Browser Maximize
04-Sep-2020-05:03:08 [DemoProject1.ComponentHelper.NavigationHelper] [INFO] [NavigateToUrl] -  Navigate To Page https://disability-dts-sandbox.primussoft.com/?_token=2
04-Sep-2020-05:03:19 [DemoProject1.ComponentHelper.LinkHelper] [INFO] [click] -  Clicking on link : Element (id = 13d82c32-f264-49d7-a858-e689766a7577)
04-Sep-2020-05:03:22 [DemoProject1.DTS_StepDefination.CreateNewCategory] [INFO] [ThenIShouldBeOnCategoryPopup] - Category page is open
04-Sep-2020-05:03:23 [DemoProject1.ComponentHelper.TextBoxHelper] [INFO] [Sendkeys] - Type in the textboxPrimus_Test
04-Sep-2020-05:03:23 [DemoProject1.DTS_StepDefination.CreateNewCategory] [INFO] [WhenIEnterTheCategoryNameInTheCategoryTextBox] - Entering data in the category text box
04-Sep-2020-05:03:25 [DemoProject1.ComponentHelper.TextBoxHelper] [INFO] [Sendkeys] - Type in the textboxPrimus_Test
04-Sep-2020-05:03:25 [DemoProject1.DTS_StepDefination.CreateNewCategory] [INFO] [ThenCategoryShouldBeAddedInListingPage] - Searching for the category in the listing
04-Sep-2020-05:04:10 [DemoProject1.ComponentHelper.TakeScreenShots] [INFO] [CaptureScreenshoots] -  ScreenShot Taken : Create new category.jpeg2020-09-04-04-10
04-Sep-2020-05:04:10 [DemoProject1.BaseClass.BaseClass] [INFO] [TearDown] -  Stopping the Driver  
04-Sep-2020-05:06:01 [DemoProject1.ComponentHelper.BrowserHelper] [INFO] [BrowserMaximize] - Browser Maximize
04-Sep-2020-05:06:02 [DemoProject1.ComponentHelper.NavigationHelper] [INFO] [NavigateToUrl] -  Navigate To Page https://disability-dts-sandbox.primussoft.com/?_token=2
04-Sep-2020-05:06:09 [DemoProject1.ComponentHelper.LinkHelper] [INFO] [click] -  Clicking on link : Element (id = 0e9140dc-22f6-47d3-a86e-a92f292fa414)
04-Sep-2020-05:06:13 [DemoProject1.DTS_StepDefination.CreateNewCategory] [INFO] [ThenIShouldBeOnCategoryPopup] - Category page is open
04-Sep-2020-05:06:13 [DemoProject1.ComponentHelper.TextBoxHelper] [INFO] [Sendkeys] - Type in the textboxPrimus_Test
04-Sep-2020-05:06:13 [DemoProject1.DTS_StepDefination.CreateNewCategory] [INFO] [WhenIEnterTheCategoryNameInTheCategoryTextBox] - Entering data in the category text box
04-Sep-2020-05:06:18 [DemoProject1.ComponentHelper.TextBoxHelper] [INFO] [Sendkeys] - Type in the textboxPrimus_Test
04-Sep-2020-05:06:18 [DemoProject1.DTS_StepDefination.CreateNewCategory] [INFO] [ThenCategoryShouldBeAddedInListingPage] - Searching for the category in the listing
04-Sep-2020-05:08:28 [DemoProject1.ComponentHelper.BrowserHelper] [INFO] [BrowserMaximize] - Browser Maximize
04-Sep-2020-05:08:28 [DemoProject1.ComponentHelper.NavigationHelper] [INFO] [NavigateToUrl] -  Navigate To Page https://disability-dts-sandbox.primussoft.com/?_token=2
04-Sep-2020-05:08:36 [DemoProject1.ComponentHelper.LinkHelper] [INFO] [click] -  Clicking on link : Element (id = 506fcbaf-d644-491e-8d42-3954d54576af)
04-Sep-2020-05:08:39 [DemoProject1.DTS_StepDefination.CreateNewCategory] [INFO] [ThenIShouldBeOnCategoryPopup] - Category page is open
04-Sep-2020-05:08:39 [DemoProject1.ComponentHelper.TextBoxHelper] [INFO] [Sendkeys] - Type in the textboxPrimus_Test
04-Sep-2020-05:08:39 [DemoProject1.DTS_StepDefination.CreateNewCategory] [INFO] [WhenIEnterTheCategoryNameInTheCategoryTextBox] - Entering data in the category text box
04-Sep-2020-05:08:45 [DemoProject1.ComponentHelper.TextBoxHelper] [INFO] [Sendkeys] - Type in the textboxPrimus_Test
04-Sep-2020-05:08:45 [DemoProject1.DTS_StepDefination.CreateNewCategory] [INFO] [ThenCategoryShouldBeAddedInListingPage] - Searching for the category in the listing
04-Sep-2020-05:09:30 [DemoProject1.ComponentHelper.TakeScreenShots] [INFO] [CaptureScreenshoots] -  ScreenShot Taken : Create new category.jpeg2020-09-04-09-30
04-Sep-2020-05:09:30 [DemoProject1.BaseClass.BaseClass] [INFO] [TearDown] -  Stopping the Driver  
04-Sep-2020-05:11:21 [DemoProject1.ComponentHelper.BrowserHelper] [INFO] [BrowserMaximize] - Browser Maximize
04-Sep-2020-05:11:21 [DemoProject1.ComponentHelper.NavigationHelper] [INFO] [NavigateToUrl] -  Navigate To Page https://disability-dts-sandbox.primussoft.com/?_token=2
04-Sep-2020-05:11:30 [DemoProject1.ComponentHelper.LinkHelper] [INFO] [click] -  Clicking on link : Element (id = f2606f2e-1ed1-4b33-b31f-dd15ce931c66)
04-Sep-2020-05:11:32 [DemoProject1.DTS_StepDefination.CreateNewCategory] [INFO] [ThenIShouldBeOnCategoryPopup] - Category page is open
04-Sep-2020-05:11:33 [DemoProject1.ComponentHelper.TextBoxHelper] [INFO] [Sendkeys] - Type in the textboxPrimus_test
04-Sep-2020-05:11:33 [DemoProject1.DTS_StepDefination.CreateNewCategory] [INFO] [WhenIEnterTheCategoryNameInTheCategoryTextBox] - Entering data in the category text box
04-Sep-2020-05:11:38 [DemoProject1.ComponentHelper.TextBoxHelper] [INFO] [Sendkeys] - Type in the textboxPrimus_test
04-Sep-2020-05:11:38 [DemoProject1.DTS_StepDefination.CreateNewCategory] [INFO] [ThenCategoryShouldBeAddedInListingPage] - Searching for the category in the listing
04-Sep-2020-05:11:42 [DemoProject1.BaseClass.BaseClass] [INFO] [TearDown] -  Stopping the Driver  
04-Sep-2020-05:32:27 [DemoProject1.ComponentHelper.BrowserHelper] [INFO] [BrowserMaximize] - Browser Maximize
04-Sep-2020-05:32:27 [DemoProject1.ComponentHelper.NavigationHelper] [INFO] [NavigateToUrl] -  Navigate To Page https://disability-dts-sandbox.primussoft.com/?_token=2
04-Sep-2020-05:32:34 [DemoProject1.ComponentHelper.TextBoxHelper] [INFO] [Sendkeys] - Type in the textboxPrimus_test
04-Sep-2020-05:32:37 [DemoProject1.ComponentHelper.GenericHelper] [INFO] [IsElemetPresent] -  Checking for the element By.XPath: (//span[@class='mat-button-wrapper']//i)[1]
04-Sep-2020-05:32:37 [DemoProject1.ComponentHelper.GenericHelper] [INFO] [GetWebdriverWait] -  Wait Object Created 
04-Sep-2020-05:32:37 [DemoProject1.ComponentHelper.GenericHelper] [INFO] [WaitForWebElement] -  Setting the Explicit wait Configured value 
04-Sep-2020-05:32:37 [DemoProject1.ComponentHelper.LinkHelper] [INFO] [ClickLink] -  Clicking on link : By.XPath: (//span[@class='mat-button-wrapper']//i)[1]
04-Sep-2020-05:32:38 [DemoProject1.ComponentHelper.GenericHelper] [INFO] [IsElemetPresent] -  Checking for the element By.XPath: //div/button[4]/text()
04-Sep-2020-05:33:19 [DemoProject1.ComponentHelper.TakeScreenShots] [INFO] [CaptureScreenshoots] -  ScreenShot Taken : Create new category.jpeg2020-09-04-33-19
04-Sep-2020-05:33:19 [DemoProject1.BaseClass.BaseClass] [INFO] [TearDown] -  Stopping the Driver  
04-Sep-2020-05:34:18 [DemoProject1.ComponentHelper.BrowserHelper] [INFO] [BrowserMaximize] - Browser Maximize
04-Sep-2020-05:34:19 [DemoProject1.ComponentHelper.NavigationHelper] [INFO] [NavigateToUrl] -  Navigate To Page https://disability-dts-sandbox.primussoft.com/?_token=2
04-Sep-2020-05:34:25 [DemoProject1.ComponentHelper.TextBoxHelper] [INFO] [Sendkeys] - Type in the textboxPrimus_test
04-Sep-2020-05:34:27 [DemoProject1.ComponentHelper.GenericHelper] [INFO] [IsElemetPresent] -  Checking for the element By.XPath: (//span[@class='mat-button-wrapper']//i)[1]
04-Sep-2020-05:34:27 [DemoProject1.ComponentHelper.GenericHelper] [INFO] [GetWebdriverWait] -  Wait Object Created 
04-Sep-2020-05:34:27 [DemoProject1.ComponentHelper.GenericHelper] [INFO] [WaitForWebElement] -  Setting the Explicit wait Configured value 
04-Sep-2020-05:34:27 [DemoProject1.ComponentHelper.LinkHelper] [INFO] [ClickLink] -  Clicking on link : By.XPath: (//span[@class='mat-button-wrapper']//i)[1]
04-Sep-2020-05:34:28 [DemoProject1.ComponentHelper.GenericHelper] [INFO] [IsElemetPresent] -  Checking for the element By.XPath: //div/button[3]/text()
04-Sep-2020-05:34:29 [DemoProject1.ComponentHelper.TakeScreenShots] [INFO] [CaptureScreenshoots] -  ScreenShot Taken : Create new category.jpeg2020-09-04-34-29
04-Sep-2020-05:34:29 [DemoProject1.BaseClass.BaseClass] [INFO] [TearDown] -  Stopping the Driver  
04-Sep-2020-05:35:01 [DemoProject1.ComponentHelper.BrowserHelper] [INFO] [BrowserMaximize] - Browser Maximize
04-Sep-2020-05:35:01 [DemoProject1.ComponentHelper.NavigationHelper] [INFO] [NavigateToUrl] -  Navigate To Page https://disability-dts-sandbox.primussoft.com/?_token=2
04-Sep-2020-05:35:08 [DemoProject1.ComponentHelper.TextBoxHelper] [INFO] [Sendkeys] - Type in the textboxPrimus_test
04-Sep-2020-05:35:10 [DemoProject1.ComponentHelper.GenericHelper] [INFO] [IsElemetPresent] -  Checking for the element By.XPath: (//span[@class='mat-button-wrapper']//i)[1]
04-Sep-2020-05:35:10 [DemoProject1.ComponentHelper.GenericHelper] [INFO] [GetWebdriverWait] -  Wait Object Created 
04-Sep-2020-05:35:10 [DemoProject1.ComponentHelper.GenericHelper] [INFO] [WaitForWebElement] -  Setting the Explicit wait Configured value 
04-Sep-2020-05:35:10 [DemoProject1.ComponentHelper.LinkHelper] [INFO] [ClickLink] -  Clicking on link : By.XPath: (//span[@class='mat-button-wrapper']//i)[1]
04-Sep-2020-05:35:12 [DemoProject1.ComponentHelper.GenericHelper] [INFO] [IsElemetPresent] -  Checking for the element By.XPath: //div/button[3]/text()
04-Sep-2020-05:35:13 [DemoProject1.ComponentHelper.TakeScreenShots] [INFO] [CaptureScreenshoots] -  ScreenShot Taken : Create new category.jpeg2020-09-04-35-13
04-Sep-2020-05:35:13 [DemoProject1.BaseClass.BaseClass] [INFO] [TearDown] -  Stopping the Driver  
04-Sep-2020-06:30:28 [DemoProject1.ComponentHelper.BrowserHelper] [INFO] [BrowserMaximize] - Browser Maximize
04-Sep-2020-06:30:29 [DemoProject1.ComponentHelper.NavigationHelper] [INFO] [NavigateToUrl] -  Navigate To Page https://disability-dts-sandbox.primussoft.com/?_token=2
04-Sep-2020-06:30:50 [DemoProject1.ComponentHelper.LinkHelper] [INFO] [click] -  Clicking on link : Element (id = 7318f817-6702-4403-a7e9-ae2247628c2b)
04-Sep-2020-06:30:52 [DemoProject1.DTS_StepDefination.CreateNewCategory] [INFO] [ThenIShouldBeOnCategoryPopup] - Category page is open
04-Sep-2020-06:30:53 [DemoProject1.ComponentHelper.TextBoxHelper] [INFO] [Sendkeys] - Type in the textboxPrimus_test
04-Sep-2020-06:30:53 [DemoProject1.DTS_StepDefination.CreateNewCategory] [INFO] [WhenIEnterTheCategoryNameInTheCategoryTextBox] - Entering data in the category text box
04-Sep-2020-06:30:58 [DemoProject1.ComponentHelper.TextBoxHelper] [INFO] [Sendkeys] - Type in the textboxPrimus_test
04-Sep-2020-06:30:58 [DemoProject1.DTS_StepDefination.CreateNewCategory] [INFO] [ThenCategoryShouldBeAddedInListingPage] - Searching for the category in the listing
04-Sep-2020-06:31:02 [DemoProject1.BaseClass.BaseClass] [INFO] [TearDown] -  Stopping the Driver  
04-Sep-2020-06:31:44 [DemoProject1.ComponentHelper.BrowserHelper] [INFO] [BrowserMaximize] - Browser Maximize
04-Sep-2020-06:31:45 [DemoProject1.ComponentHelper.NavigationHelper] [INFO] [NavigateToUrl] -  Navigate To Page https://disability-dts-sandbox.primussoft.com/?_token=2
04-Sep-2020-06:31:59 [DemoProject1.ComponentHelper.LinkHelper] [INFO] [click] -  Clicking on link : Element (id = 57f9c435-f4c2-4fc3-b246-434c9b9a7349)
04-Sep-2020-06:32:01 [DemoProject1.DTS_StepDefination.CreateNewCategory] [INFO] [ThenIShouldBeOnCategoryPopup] - Category page is open
04-Sep-2020-06:32:01 [DemoProject1.ComponentHelper.TextBoxHelper] [INFO] [Sendkeys] - Type in the textboxPrimus_test
04-Sep-2020-06:32:01 [DemoProject1.DTS_StepDefination.CreateNewCategory] [INFO] [WhenIEnterTheCategoryNameInTheCategoryTextBox] - Entering data in the category text box
04-Sep-2020-06:32:06 [DemoProject1.ComponentHelper.TextBoxHelper] [INFO] [Sendkeys] - Type in the textboxPrimus_test
04-Sep-2020-06:32:06 [DemoProject1.DTS_StepDefination.CreateNewCategory] [INFO] [ThenCategoryShouldBeAddedInListingPage] - Searching for the category in the listing
04-Sep-2020-06:32:11 [DemoProject1.BaseClass.BaseClass] [INFO] [TearDown] -  Stopping the Driver  
04-Sep-2020-06:36:37 [DemoProject1.ComponentHelper.BrowserHelper] [INFO] [BrowserMaximize] - Browser Maximize
04-Sep-2020-06:36:38 [DemoProject1.ComponentHelper.NavigationHelper] [INFO] [NavigateToUrl] -  Navigate To Page https://disability-dts-sandbox.primussoft.com/?_token=2
04-Sep-2020-06:36:52 [DemoProject1.ComponentHelper.LinkHelper] [INFO] [click] -  Clicking on link : Element (id = 49edeb81-24e0-4335-8777-36d1561f3801)
04-Sep-2020-06:36:55 [DemoProject1.DTS_StepDefination.CreateNewCategory] [INFO] [ThenIShouldBeOnCategoryPopup] - Category page is open
04-Sep-2020-06:36:55 [DemoProject1.ComponentHelper.TextBoxHelper] [INFO] [Sendkeys] - Type in the textboxPrimus_test
04-Sep-2020-06:36:55 [DemoProject1.DTS_StepDefination.CreateNewCategory] [INFO] [WhenIEnterTheCategoryNameInTheCategoryTextBox] - Entering data in the category text box
04-Sep-2020-06:37:00 [DemoProject1.ComponentHelper.GenericHelper] [INFO] [IsElemetPresent] -  Checking for the element By.XPath: //span[text()='Category added successfully!']
04-Sep-2020-06:41:49 [DemoProject1.ComponentHelper.BrowserHelper] [INFO] [BrowserMaximize] - Browser Maximize
04-Sep-2020-06:41:49 [DemoProject1.ComponentHelper.NavigationHelper] [INFO] [NavigateToUrl] -  Navigate To Page https://disability-dts-sandbox.primussoft.com/?_token=2
04-Sep-2020-06:41:49 [DemoProject1.ComponentHelper.GenericHelper] [INFO] [GetWebdriverWait] -  Wait Object Created 
04-Sep-2020-06:42:09 [DemoProject1.ComponentHelper.GenericHelper] [INFO] [WaitForWebElementInPage] -  Setting the Explicit wait Configured value 
04-Sep-2020-06:42:10 [DemoProject1.ComponentHelper.GenericHelper] [INFO] [IsElemetPresent] -  Checking for the element By.XPath: //button/span/i
04-Sep-2020-06:42:11 [DemoProject1.ComponentHelper.TakeScreenShots] [INFO] [CaptureScreenshoots] -  ScreenShot Taken : Create new category.jpeg2020-09-04-42-11
04-Sep-2020-06:42:11 [DemoProject1.BaseClass.BaseClass] [INFO] [TearDown] -  Stopping the Driver  
04-Sep-2020-06:45:04 [DemoProject1.ComponentHelper.BrowserHelper] [INFO] [BrowserMaximize] - Browser Maximize
04-Sep-2020-06:45:04 [DemoProject1.ComponentHelper.NavigationHelper] [INFO] [NavigateToUrl] -  Navigate To Page https://disability-dts-sandbox.primussoft.com/?_token=2
04-Sep-2020-06:45:04 [DemoProject1.ComponentHelper.GenericHelper] [INFO] [GetWebdriverWait] -  Wait Object Created 
04-Sep-2020-06:45:27 [DemoProject1.ComponentHelper.GenericHelper] [INFO] [WaitForWebElementInPage] -  Setting the Explicit wait Configured value 
04-Sep-2020-06:45:28 [DemoProject1.ComponentHelper.GenericHelper] [INFO] [IsElemetPresent] -  Checking for the element By.XPath: //span[@class='mat-button-wrapper']//i
04-Sep-2020-06:45:29 [DemoProject1.ComponentHelper.TakeScreenShots] [INFO] [CaptureScreenshoots] -  ScreenShot Taken : Create new category.jpeg2020-09-04-45-29
04-Sep-2020-06:45:29 [DemoProject1.BaseClass.BaseClass] [INFO] [TearDown] -  Stopping the Driver  
04-Sep-2020-06:48:32 [DemoProject1.ComponentHelper.BrowserHelper] [INFO] [BrowserMaximize] - Browser Maximize
04-Sep-2020-06:48:33 [DemoProject1.ComponentHelper.NavigationHelper] [INFO] [NavigateToUrl] -  Navigate To Page https://disability-dts-sandbox.primussoft.com/?_token=2
04-Sep-2020-06:48:33 [DemoProject1.ComponentHelper.GenericHelper] [INFO] [GetWebdriverWait] -  Wait Object Created 
04-Sep-2020-06:49:03 [DemoProject1.ComponentHelper.GenericHelper] [INFO] [WaitForWebElementInPage] -  Setting the Explicit wait Configured value 
04-Sep-2020-06:49:04 [DemoProject1.ComponentHelper.GenericHelper] [INFO] [IsElemetPresent] -  Checking for the element By.XPath: //span[@class='mat-button-wrapper']//i
04-Sep-2020-06:49:04 [DemoProject1.ComponentHelper.TakeScreenShots] [INFO] [CaptureScreenshoots] -  ScreenShot Taken : Create new category.jpeg2020-09-04-49-04
04-Sep-2020-06:49:05 [DemoProject1.BaseClass.BaseClass] [INFO] [TearDown] -  Stopping the Driver  
04-Sep-2020-06:53:06 [DemoProject1.ComponentHelper.BrowserHelper] [INFO] [BrowserMaximize] - Browser Maximize
04-Sep-2020-06:53:06 [DemoProject1.ComponentHelper.NavigationHelper] [INFO] [NavigateToUrl] -  Navigate To Page https://disability-dts-sandbox.primussoft.com/?_token=2
04-Sep-2020-06:53:07 [DemoProject1.ComponentHelper.GenericHelper] [INFO] [GetWebdriverWait] -  Wait Object Created 
04-Sep-2020-06:53:25 [DemoProject1.ComponentHelper.GenericHelper] [INFO] [WaitForWebElementInPage] -  Setting the Explicit wait Configured value 
04-Sep-2020-06:53:26 [DemoProject1.ComponentHelper.TextBoxHelper] [INFO] [Sendkeys] - Type in the textboxPrimus_test
04-Sep-2020-06:53:28 [DemoProject1.ComponentHelper.GenericHelper] [INFO] [IsElemetPresent] -  Checking for the element By.XPath: //span[@class='mat-button-wrapper']//i
04-Sep-2020-06:53:28 [DemoProject1.ComponentHelper.GenericHelper] [INFO] [GetWebdriverWait] -  Wait Object Created 
04-Sep-2020-06:53:28 [DemoProject1.ComponentHelper.GenericHelper] [INFO] [WaitForWebElement] -  Setting the Explicit wait Configured value 
04-Sep-2020-06:53:28 [DemoProject1.ComponentHelper.LinkHelper] [INFO] [ClickLink] -  Clicking on link : By.XPath: //span[@class='mat-button-wrapper']//i
04-Sep-2020-06:54:09 [DemoProject1.ComponentHelper.TakeScreenShots] [INFO] [CaptureScreenshoots] -  ScreenShot Taken : Create new category.jpeg2020-09-04-54-09
04-Sep-2020-06:54:10 [DemoProject1.BaseClass.BaseClass] [INFO] [TearDown] -  Stopping the Driver  
04-Sep-2020-06:58:22 [DemoProject1.ComponentHelper.BrowserHelper] [INFO] [BrowserMaximize] - Browser Maximize
04-Sep-2020-06:58:23 [DemoProject1.ComponentHelper.NavigationHelper] [INFO] [NavigateToUrl] -  Navigate To Page https://disability-dts-sandbox.primussoft.com/?_token=2
04-Sep-2020-06:58:23 [DemoProject1.ComponentHelper.GenericHelper] [INFO] [GetWebdriverWait] -  Wait Object Created 
04-Sep-2020-06:58:37 [DemoProject1.ComponentHelper.GenericHelper] [INFO] [WaitForWebElementInPage] -  Setting the Explicit wait Configured value 
04-Sep-2020-06:58:38 [DemoProject1.ComponentHelper.LinkHelper] [INFO] [click] -  Clicking on link : Element (id = 38469b4a-262a-4a99-ba81-2e4bf34ddac3)
04-Sep-2020-06:58:40 [DemoProject1.DTS_StepDefination.CreateNewCategory] [INFO] [ThenIShouldBeOnCategoryPopup] - Category page is open
04-Sep-2020-06:58:40 [DemoProject1.ComponentHelper.TextBoxHelper] [INFO] [Sendkeys] - Type in the textboxPrimus_test
04-Sep-2020-06:58:40 [DemoProject1.DTS_StepDefination.CreateNewCategory] [INFO] [WhenIEnterTheCategoryNameInTheCategoryTextBox] - Entering data in the category text box
04-Sep-2020-06:58:45 [DemoProject1.ComponentHelper.GenericHelper] [INFO] [IsElemetPresent] -  Checking for the element By.XPath: //span[text()='Category added successfully!']
04-Sep-2020-06:59:03 [DemoProject1.BaseClass.BaseClass] [INFO] [TearDown] -  Stopping the Driver  
04-Sep-2020-07:00:05 [DemoProject1.ComponentHelper.BrowserHelper] [INFO] [BrowserMaximize] - Browser Maximize
04-Sep-2020-07:00:05 [DemoProject1.ComponentHelper.NavigationHelper] [INFO] [NavigateToUrl] -  Navigate To Page https://disability-dts-sandbox.primussoft.com/?_token=2
04-Sep-2020-07:00:05 [DemoProject1.ComponentHelper.GenericHelper] [INFO] [GetWebdriverWait] -  Wait Object Created 
04-Sep-2020-07:00:22 [DemoProject1.ComponentHelper.GenericHelper] [INFO] [WaitForWebElementInPage] -  Setting the Explicit wait Configured value 
04-Sep-2020-07:00:22 [DemoProject1.ComponentHelper.TextBoxHelper] [INFO] [Sendkeys] - Type in the textboxPrimus_test
04-Sep-2020-07:00:24 [DemoProject1.ComponentHelper.GenericHelper] [INFO] [IsElemetPresent] -  Checking for the element By.XPath: //span[@class='mat-button-wrapper']//i
04-Sep-2020-07:00:25 [DemoProject1.ComponentHelper.GenericHelper] [INFO] [GetWebdriverWait] -  Wait Object Created 
04-Sep-2020-07:00:25 [DemoProject1.ComponentHelper.GenericHelper] [INFO] [WaitForWebElement] -  Setting the Explicit wait Configured value 
04-Sep-2020-07:00:25 [DemoProject1.ComponentHelper.LinkHelper] [INFO] [ClickLink] -  Clicking on link : By.XPath: //span[@class='mat-button-wrapper']//i
04-Sep-2020-07:00:25 [DemoProject1.ComponentHelper.GenericHelper] [INFO] [IsElemetPresent] -  Checking for the element By.XPath: //button[contains(text(),'Remove')]
04-Sep-2020-07:00:25 [DemoProject1.ComponentHelper.GenericHelper] [INFO] [GetWebdriverWait] -  Wait Object Created 
04-Sep-2020-07:00:25 [DemoProject1.ComponentHelper.GenericHelper] [INFO] [WaitForWebElement] -  Setting the Explicit wait Configured value 
04-Sep-2020-07:00:25 [DemoProject1.ComponentHelper.LinkHelper] [INFO] [ClickLink] -  Clicking on link : By.XPath: //button[contains(text(),'Remove')]
04-Sep-2020-07:01:06 [DemoProject1.ComponentHelper.TakeScreenShots] [INFO] [CaptureScreenshoots] -  ScreenShot Taken : Create new category.jpeg2020-09-04-01-06
04-Sep-2020-07:01:06 [DemoProject1.BaseClass.BaseClass] [INFO] [TearDown] -  Stopping the Driver  
04-Sep-2020-07:08:14 [DemoProject1.ComponentHelper.BrowserHelper] [INFO] [BrowserMaximize] - Browser Maximize
04-Sep-2020-07:08:15 [DemoProject1.ComponentHelper.NavigationHelper] [INFO] [NavigateToUrl] -  Navigate To Page https://disability-dts-sandbox.primussoft.com/?_token=2
04-Sep-2020-07:08:15 [DemoProject1.ComponentHelper.GenericHelper] [INFO] [GetWebdriverWait] -  Wait Object Created 
04-Sep-2020-07:08:46 [DemoProject1.ComponentHelper.TakeScreenShots] [INFO] [CaptureScreenshoots] -  ScreenShot Taken : Create new category.jpeg2020-09-04-08-46
04-Sep-2020-07:08:46 [DemoProject1.BaseClass.BaseClass] [INFO] [TearDown] -  Stopping the Driver  
04-Sep-2020-07:09:08 [DemoProject1.ComponentHelper.BrowserHelper] [INFO] [BrowserMaximize] - Browser Maximize
04-Sep-2020-07:09:09 [DemoProject1.ComponentHelper.NavigationHelper] [INFO] [NavigateToUrl] -  Navigate To Page https://disability-dts-sandbox.primussoft.com/?_token=2
04-Sep-2020-07:09:09 [DemoProject1.ComponentHelper.GenericHelper] [INFO] [GetWebdriverWait] -  Wait Object Created 
04-Sep-2020-07:09:23 [DemoProject1.ComponentHelper.GenericHelper] [INFO] [WaitForWebElementInPage] -  Setting the Explicit wait Configured value 
04-Sep-2020-07:09:33 [DemoProject1.ComponentHelper.LinkHelper] [INFO] [click] -  Clicking on link : Element (id = 96872be3-be96-4e7e-ba70-1e9204bec42e)
04-Sep-2020-07:09:35 [DemoProject1.DTS_StepDefination.CreateNewCategory] [INFO] [ThenIShouldBeOnCategoryPopup] - Category page is open
04-Sep-2020-07:09:35 [DemoProject1.ComponentHelper.TextBoxHelper] [INFO] [Sendkeys] - Type in the textboxPrimus_test
04-Sep-2020-07:09:35 [DemoProject1.DTS_StepDefination.CreateNewCategory] [INFO] [WhenIEnterTheCategoryNameInTheCategoryTextBox] - Entering data in the category text box
04-Sep-2020-07:09:40 [DemoProject1.ComponentHelper.GenericHelper] [INFO] [IsElemetPresent] -  Checking for the element By.XPath: //span[text()='Category added successfully!']
04-Sep-2020-07:09:41 [DemoProject1.BaseClass.BaseClass] [INFO] [TearDown] -  Stopping the Driver  
04-Sep-2020-07:10:09 [DemoProject1.ComponentHelper.BrowserHelper] [INFO] [BrowserMaximize] - Browser Maximize
04-Sep-2020-07:10:09 [DemoProject1.ComponentHelper.NavigationHelper] [INFO] [NavigateToUrl] -  Navigate To Page https://disability-dts-sandbox.primussoft.com/?_token=2
04-Sep-2020-07:10:09 [DemoProject1.ComponentHelper.GenericHelper] [INFO] [GetWebdriverWait] -  Wait Object Created 
04-Sep-2020-07:10:26 [DemoProject1.ComponentHelper.GenericHelper] [INFO] [WaitForWebElementInPage] -  Setting the Explicit wait Configured value 
04-Sep-2020-07:10:29 [DemoProject1.ComponentHelper.GenericHelper] [INFO] [IsElemetPresent] -  Checking for the element By.XPath: //span[@class='mat-button-wrapper']//i
04-Sep-2020-07:10:29 [DemoProject1.ComponentHelper.TakeScreenShots] [INFO] [CaptureScreenshoots] -  ScreenShot Taken : Create new category.jpeg2020-09-04-10-29
04-Sep-2020-07:10:30 [DemoProject1.BaseClass.BaseClass] [INFO] [TearDown] -  Stopping the Driver  
04-Sep-2020-07:13:35 [DemoProject1.ComponentHelper.BrowserHelper] [INFO] [BrowserMaximize] - Browser Maximize
04-Sep-2020-07:13:36 [DemoProject1.ComponentHelper.NavigationHelper] [INFO] [NavigateToUrl] -  Navigate To Page https://disability-dts-sandbox.primussoft.com/?_token=2
04-Sep-2020-07:13:36 [DemoProject1.ComponentHelper.GenericHelper] [INFO] [GetWebdriverWait] -  Wait Object Created 
04-Sep-2020-07:13:57 [DemoProject1.ComponentHelper.GenericHelper] [INFO] [WaitForWebElementInPage] -  Setting the Explicit wait Configured value 
04-Sep-2020-07:13:58 [DemoProject1.ComponentHelper.TextBoxHelper] [INFO] [Sendkeys] - Type in the textboxPrimus_test
04-Sep-2020-07:14:00 [DemoProject1.ComponentHelper.GenericHelper] [INFO] [IsElemetPresent] -  Checking for the element By.XPath: //span[@class='mat-button-wrapper']//i
04-Sep-2020-07:14:01 [DemoProject1.ComponentHelper.LinkHelper] [INFO] [click] -  Clicking on link : Element (id = 243a2345-b3b8-49d0-a28b-95e359fac1d3)
04-Sep-2020-07:14:03 [DemoProject1.DTS_StepDefination.CreateNewCategory] [INFO] [ThenIShouldBeOnCategoryPopup] - Category page is open
04-Sep-2020-07:14:03 [DemoProject1.ComponentHelper.TextBoxHelper] [INFO] [Sendkeys] - Type in the textboxPrimus_test
04-Sep-2020-07:14:03 [DemoProject1.DTS_StepDefination.CreateNewCategory] [INFO] [WhenIEnterTheCategoryNameInTheCategoryTextBox] - Entering data in the category text box
04-Sep-2020-07:14:09 [DemoProject1.ComponentHelper.GenericHelper] [INFO] [IsElemetPresent] -  Checking for the element By.XPath: //span[text()='Category added successfully!']
04-Sep-2020-07:14:49 [DemoProject1.BaseClass.BaseClass] [INFO] [TearDown] -  Stopping the Driver  
04-Sep-2020-07:18:30 [DemoProject1.ComponentHelper.BrowserHelper] [INFO] [BrowserMaximize] - Browser Maximize
04-Sep-2020-07:18:31 [DemoProject1.ComponentHelper.NavigationHelper] [INFO] [NavigateToUrl] -  Navigate To Page https://disability-dts-sandbox.primussoft.com/?_token=2
04-Sep-2020-07:18:31 [DemoProject1.ComponentHelper.GenericHelper] [INFO] [GetWebdriverWait] -  Wait Object Created 
04-Sep-2020-07:18:57 [DemoProject1.ComponentHelper.GenericHelper] [INFO] [WaitForWebElementInPage] -  Setting the Explicit wait Configured value 
04-Sep-2020-07:18:58 [DemoProject1.ComponentHelper.TextBoxHelper] [INFO] [Sendkeys] - Type in the textboxPrimus_test
04-Sep-2020-07:19:00 [DemoProject1.ComponentHelper.GenericHelper] [INFO] [IsElemetPresent] -  Checking for the element By.XPath: //span[@class='mat-button-wrapper']//i
04-Sep-2020-07:19:00 [DemoProject1.ComponentHelper.GenericHelper] [INFO] [GetWebdriverWait] -  Wait Object Created 
04-Sep-2020-07:19:00 [DemoProject1.ComponentHelper.GenericHelper] [INFO] [WaitForWebElement] -  Setting the Explicit wait Configured value 
04-Sep-2020-07:19:00 [DemoProject1.ComponentHelper.LinkHelper] [INFO] [ClickLink] -  Clicking on link : By.XPath: //span[@class='mat-button-wrapper']//i
04-Sep-2020-07:19:02 [DemoProject1.ComponentHelper.GenericHelper] [INFO] [IsElemetPresent] -  Checking for the element By.XPath: //button[contains(text(),'Remove')]
04-Sep-2020-07:19:02 [DemoProject1.ComponentHelper.GenericHelper] [INFO] [GetWebdriverWait] -  Wait Object Created 
04-Sep-2020-07:19:02 [DemoProject1.ComponentHelper.GenericHelper] [INFO] [WaitForWebElement] -  Setting the Explicit wait Configured value 
04-Sep-2020-07:19:02 [DemoProject1.ComponentHelper.LinkHelper] [INFO] [ClickLink] -  Clicking on link : By.XPath: //button[contains(text(),'Remove')]
04-Sep-2020-07:19:43 [DemoProject1.ComponentHelper.LinkHelper] [INFO] [click] -  Clicking on link : Element (id = e0293e4a-55bd-4112-905b-32cc5d605f0e)
04-Sep-2020-07:19:45 [DemoProject1.DTS_StepDefination.CreateNewCategory] [INFO] [ThenIShouldBeOnCategoryPopup] - Category page is open
04-Sep-2020-07:19:45 [DemoProject1.ComponentHelper.TextBoxHelper] [INFO] [Sendkeys] - Type in the textboxPrimus_test
04-Sep-2020-07:19:45 [DemoProject1.DTS_StepDefination.CreateNewCategory] [INFO] [WhenIEnterTheCategoryNameInTheCategoryTextBox] - Entering data in the category text box
04-Sep-2020-07:19:50 [DemoProject1.ComponentHelper.GenericHelper] [INFO] [IsElemetPresent] -  Checking for the element By.XPath: //span[text()='Category added successfully!']
04-Sep-2020-07:19:51 [DemoProject1.BaseClass.BaseClass] [INFO] [TearDown] -  Stopping the Driver  
04-Sep-2020-07:21:36 [DemoProject1.ComponentHelper.BrowserHelper] [INFO] [BrowserMaximize] - Browser Maximize
04-Sep-2020-07:21:36 [DemoProject1.ComponentHelper.NavigationHelper] [INFO] [NavigateToUrl] -  Navigate To Page https://disability-dts-sandbox.primussoft.com/?_token=2
04-Sep-2020-07:21:36 [DemoProject1.ComponentHelper.GenericHelper] [INFO] [GetWebdriverWait] -  Wait Object Created 
04-Sep-2020-07:21:53 [DemoProject1.ComponentHelper.GenericHelper] [INFO] [WaitForWebElementInPage] -  Setting the Explicit wait Configured value 
04-Sep-2020-07:22:03 [DemoProject1.ComponentHelper.LinkHelper] [INFO] [click] -  Clicking on link : Element (id = 324efcf5-b6b2-46fb-82b8-105ca7070697)
04-Sep-2020-07:22:05 [DemoProject1.DTS_StepDefination.CreateNewCategory] [INFO] [ThenIShouldBeOnCategoryPopup] - Category page is open
04-Sep-2020-07:22:05 [DemoProject1.ComponentHelper.TextBoxHelper] [INFO] [Sendkeys] - Type in the textboxPrimus_test
04-Sep-2020-07:22:05 [DemoProject1.DTS_StepDefination.CreateNewCategory] [INFO] [WhenIEnterTheCategoryNameInTheCategoryTextBox] - Entering data in the category text box
04-Sep-2020-07:22:10 [DemoProject1.ComponentHelper.GenericHelper] [INFO] [IsElemetPresent] -  Checking for the element By.XPath: //span[text()='Category added successfully!']
04-Sep-2020-07:22:10 [DemoProject1.BaseClass.BaseClass] [INFO] [TearDown] -  Stopping the Driver  
04-Sep-2020-07:22:21 [DemoProject1.ComponentHelper.BrowserHelper] [INFO] [BrowserMaximize] - Browser Maximize
04-Sep-2020-07:22:22 [DemoProject1.ComponentHelper.NavigationHelper] [INFO] [NavigateToUrl] -  Navigate To Page https://disability-dts-sandbox.primussoft.com/?_token=2
04-Sep-2020-07:22:22 [DemoProject1.ComponentHelper.GenericHelper] [INFO] [GetWebdriverWait] -  Wait Object Created 
04-Sep-2020-07:22:41 [DemoProject1.ComponentHelper.GenericHelper] [INFO] [WaitForWebElementInPage] -  Setting the Explicit wait Configured value 
04-Sep-2020-07:22:42 [DemoProject1.ComponentHelper.TextBoxHelper] [INFO] [Sendkeys] - Type in the textboxPrimus_test
04-Sep-2020-07:22:44 [DemoProject1.ComponentHelper.GenericHelper] [INFO] [IsElemetPresent] -  Checking for the element By.XPath: //span[@class='mat-button-wrapper']//i
04-Sep-2020-07:22:44 [DemoProject1.ComponentHelper.GenericHelper] [INFO] [GetWebdriverWait] -  Wait Object Created 
04-Sep-2020-07:22:44 [DemoProject1.ComponentHelper.GenericHelper] [INFO] [WaitForWebElement] -  Setting the Explicit wait Configured value 
04-Sep-2020-07:22:44 [DemoProject1.ComponentHelper.LinkHelper] [INFO] [ClickLink] -  Clicking on link : By.XPath: //span[@class='mat-button-wrapper']//i
04-Sep-2020-07:22:46 [DemoProject1.ComponentHelper.GenericHelper] [INFO] [IsElemetPresent] -  Checking for the element By.XPath: //button[contains(text(),'Remove')]
04-Sep-2020-07:22:46 [DemoProject1.ComponentHelper.GenericHelper] [INFO] [GetWebdriverWait] -  Wait Object Created 
04-Sep-2020-07:22:46 [DemoProject1.ComponentHelper.GenericHelper] [INFO] [WaitForWebElement] -  Setting the Explicit wait Configured value 
04-Sep-2020-07:22:46 [DemoProject1.ComponentHelper.LinkHelper] [INFO] [ClickLink] -  Clicking on link : By.XPath: //button[contains(text(),'Remove')]
04-Sep-2020-07:23:27 [DemoProject1.ComponentHelper.LinkHelper] [INFO] [click] -  Clicking on link : Element (id = 18d26e4a-a9bb-45c3-a8b0-dc464e25ec61)
04-Sep-2020-07:23:29 [DemoProject1.DTS_StepDefination.CreateNewCategory] [INFO] [ThenIShouldBeOnCategoryPopup] - Category page is open
04-Sep-2020-07:23:29 [DemoProject1.ComponentHelper.TextBoxHelper] [INFO] [Sendkeys] - Type in the textboxPrimus_test
04-Sep-2020-07:23:29 [DemoProject1.DTS_StepDefination.CreateNewCategory] [INFO] [WhenIEnterTheCategoryNameInTheCategoryTextBox] - Entering data in the category text box
04-Sep-2020-07:23:34 [DemoProject1.ComponentHelper.GenericHelper] [INFO] [IsElemetPresent] -  Checking for the element By.XPath: //span[text()='Category added successfully!']
04-Sep-2020-07:23:34 [DemoProject1.BaseClass.BaseClass] [INFO] [TearDown] -  Stopping the Driver  
04-Sep-2020-07:24:11 [DemoProject1.ComponentHelper.BrowserHelper] [INFO] [BrowserMaximize] - Browser Maximize
04-Sep-2020-07:24:11 [DemoProject1.ComponentHelper.NavigationHelper] [INFO] [NavigateToUrl] -  Navigate To Page https://disability-dts-sandbox.primussoft.com/?_token=2
04-Sep-2020-07:24:22 [DemoProject1.ComponentHelper.LinkHelper] [INFO] [click] -  Clicking on link : Element (id = 30a296e2-3a86-44b5-88c3-a3fa7b4ead58)
04-Sep-2020-07:24:22 [DemoProject1.ComponentHelper.GenericHelper] [INFO] [IsElemetPresent] -  Checking for the element By.XPath: //input[@name='templateName']
04-Sep-2020-07:24:23 [DemoProject1.DTS_StepDefination.CreateNewScriptTemplate] [INFO] [ThenIShouldBeOnScriptTemplatePage] - I am on the script templete page
04-Sep-2020-07:24:25 [DemoProject1.ComponentHelper.TextBoxHelper] [INFO] [Sendkeys] - Type in the textboxScript0904_0724
04-Sep-2020-07:24:25 [DemoProject1.ComponentHelper.TextBoxHelper] [INFO] [Sendkeys] - Type in the textboxThis is test template 
04-Sep-2020-07:28:51 [DemoProject1.BaseClass.BaseClass] [INFO] [TearDown] -  Stopping the Driver  
04-Sep-2020-07:29:08 [DemoProject1.ComponentHelper.BrowserHelper] [INFO] [BrowserMaximize] - Browser Maximize
04-Sep-2020-07:29:09 [DemoProject1.ComponentHelper.NavigationHelper] [INFO] [NavigateToUrl] -  Navigate To Page https://disability-dts-sandbox.primussoft.com/?_token=2
04-Sep-2020-07:29:24 [DemoProject1.ComponentHelper.LinkHelper] [INFO] [click] -  Clicking on link : Element (id = 647e7d49-e784-4ec6-81aa-4fd3d1ac81fb)
04-Sep-2020-07:29:27 [DemoProject1.ComponentHelper.TextBoxHelper] [INFO] [Sendkeys] - Type in the textboxQAAutomation0904_0729
04-Sep-2020-07:29:27 [DemoProject1.ComponentHelper.TextBoxHelper] [INFO] [Sendkeys] - Type in the textboxtest
04-Sep-2020-07:29:28 [DemoProject1.ComponentHelper.TextBoxHelper] [INFO] [Sendkeys] - Type in the textboxabc@gmail.com
04-Sep-2020-07:29:28 [DemoProject1.ComponentHelper.TextBoxHelper] [INFO] [Sendkeys] - Type in the textboxxyz@gmail.com
04-Sep-2020-07:29:28 [DemoProject1.ComponentHelper.TextBoxHelper] [INFO] [Sendkeys] - Type in the textboxxyz@gmail.com
04-Sep-2020-07:29:28 [DemoProject1.ComponentHelper.TextBoxHelper] [INFO] [Sendkeys] - Type in the textboxLeave Request
04-Sep-2020-07:29:28 [DemoProject1.ComponentHelper.LinkHelper] [INFO] [click] -  Clicking on link : Element (id = cf75af61-6d2b-4466-8efd-ca5163b266a0)
04-Sep-2020-07:29:31 [DemoProject1.ComponentHelper.LinkHelper] [INFO] [click] -  Clicking on link : Element (id = f4d2dfad-9a22-4650-a617-69caf9611852)
04-Sep-2020-07:29:37 [DemoProject1.ComponentHelper.LinkHelper] [INFO] [click] -  Clicking on link : Element (id = 26174396-a773-4e68-ba5f-6d7ff5f59e38)
04-Sep-2020-07:29:37 [DemoProject1.ComponentHelper.GenericHelper] [INFO] [GetWebdriverWait] -  Wait Object Created 
04-Sep-2020-07:29:37 [DemoProject1.ComponentHelper.GenericHelper] [INFO] [WaitForWebElement] -  Setting the Explicit wait Configured value 
04-Sep-2020-07:29:37 [DemoProject1.ComponentHelper.LinkHelper] [INFO] [click] -  Clicking on link : Element (id = b66d6450-4ce2-4a39-899a-75d25f2e0a09)
04-Sep-2020-07:29:50 [DemoProject1.ComponentHelper.TakeScreenShots] [INFO] [CaptureScreenshoots] -  ScreenShot Taken : Email Template Properties with Attachment.jpeg2020-09-04-29-50
04-Sep-2020-07:29:51 [DemoProject1.BaseClass.BaseClass] [INFO] [TearDown] -  Stopping the Driver  
04-Sep-2020-07:38:26 [DemoProject1.ComponentHelper.BrowserHelper] [INFO] [BrowserMaximize] - Browser Maximize
04-Sep-2020-07:38:26 [DemoProject1.ComponentHelper.NavigationHelper] [INFO] [NavigateToUrl] -  Navigate To Page https://disability-dts-sandbox.primussoft.com/?_token=2
04-Sep-2020-07:38:37 [DemoProject1.ComponentHelper.LinkHelper] [INFO] [click] -  Clicking on link : Element (id = a2edbf6a-8c7b-40ae-85d6-d2b8344b8cbb)
04-Sep-2020-07:38:39 [DemoProject1.ComponentHelper.TextBoxHelper] [INFO] [Sendkeys] - Type in the textboxQAAutomation0904_0738
04-Sep-2020-07:38:39 [DemoProject1.ComponentHelper.TextBoxHelper] [INFO] [Sendkeys] - Type in the textboxtest
04-Sep-2020-07:38:40 [DemoProject1.ComponentHelper.TextBoxHelper] [INFO] [Sendkeys] - Type in the textboxabc@gmail.com
04-Sep-2020-07:38:41 [DemoProject1.ComponentHelper.TextBoxHelper] [INFO] [Sendkeys] - Type in the textboxxyz@gmail.com
04-Sep-2020-07:38:41 [DemoProject1.ComponentHelper.TextBoxHelper] [INFO] [Sendkeys] - Type in the textboxxyz@gmail.com
04-Sep-2020-07:38:41 [DemoProject1.ComponentHelper.TextBoxHelper] [INFO] [Sendkeys] - Type in the textboxLeave Request
04-Sep-2020-07:38:41 [DemoProject1.ComponentHelper.LinkHelper] [INFO] [click] -  Clicking on link : Element (id = 4152021f-5dc0-479d-8369-7d7e321242a5)
04-Sep-2020-07:38:43 [DemoProject1.ComponentHelper.LinkHelper] [INFO] [click] -  Clicking on link : Element (id = e693635c-066c-4550-afb2-93caa066eefc)
04-Sep-2020-07:38:47 [DemoProject1.ComponentHelper.LinkHelper] [INFO] [click] -  Clicking on link : Element (id = e9bf942b-f524-4e5e-bd32-2b93b9cb9bad)
04-Sep-2020-07:38:47 [DemoProject1.ComponentHelper.GenericHelper] [INFO] [GetWebdriverWait] -  Wait Object Created 
04-Sep-2020-07:38:47 [DemoProject1.ComponentHelper.GenericHelper] [INFO] [WaitForWebElement] -  Setting the Explicit wait Configured value 
04-Sep-2020-07:38:47 [DemoProject1.ComponentHelper.LinkHelper] [INFO] [click] -  Clicking on link : Element (id = dc91d815-67ce-4327-bba7-bd4a83509fd4)
04-Sep-2020-07:38:50 [DemoProject1.ComponentHelper.TakeScreenShots] [INFO] [CaptureScreenshoots] -  ScreenShot Taken : Email Template Properties with Attachment.jpeg2020-09-04-38-50
04-Sep-2020-07:38:51 [DemoProject1.BaseClass.BaseClass] [INFO] [TearDown] -  Stopping the Driver  
04-Sep-2020-07:39:46 [DemoProject1.ComponentHelper.BrowserHelper] [INFO] [BrowserMaximize] - Browser Maximize
04-Sep-2020-07:39:47 [DemoProject1.ComponentHelper.NavigationHelper] [INFO] [NavigateToUrl] -  Navigate To Page https://disability-dts-sandbox.primussoft.com/?_token=2
04-Sep-2020-07:39:57 [DemoProject1.ComponentHelper.LinkHelper] [INFO] [click] -  Clicking on link : Element (id = ca2cb179-5813-4464-86e8-b5c0986291b7)
04-Sep-2020-07:39:59 [DemoProject1.ComponentHelper.TextBoxHelper] [INFO] [Sendkeys] - Type in the textboxQAAutomation0904_0739
04-Sep-2020-07:39:59 [DemoProject1.ComponentHelper.TextBoxHelper] [INFO] [Sendkeys] - Type in the textboxtest
04-Sep-2020-07:40:01 [DemoProject1.ComponentHelper.TextBoxHelper] [INFO] [Sendkeys] - Type in the textboxabc@gmail.com
04-Sep-2020-07:40:01 [DemoProject1.ComponentHelper.TextBoxHelper] [INFO] [Sendkeys] - Type in the textboxxyz@gmail.com
04-Sep-2020-07:40:01 [DemoProject1.ComponentHelper.TextBoxHelper] [INFO] [Sendkeys] - Type in the textboxxyz@gmail.com
04-Sep-2020-07:40:01 [DemoProject1.ComponentHelper.TextBoxHelper] [INFO] [Sendkeys] - Type in the textboxLeave Request
04-Sep-2020-07:40:01 [DemoProject1.ComponentHelper.LinkHelper] [INFO] [click] -  Clicking on link : Element (id = 4ed4e983-5f98-4563-a87a-fa64bb3cf074)
04-Sep-2020-07:40:03 [DemoProject1.ComponentHelper.LinkHelper] [INFO] [click] -  Clicking on link : Element (id = 6732856e-0620-40c8-9303-c83a31f024ce)
04-Sep-2020-07:40:07 [DemoProject1.ComponentHelper.LinkHelper] [INFO] [click] -  Clicking on link : Element (id = ee72d198-4b56-42fd-852e-0af3f601ebd8)
04-Sep-2020-07:40:07 [DemoProject1.ComponentHelper.GenericHelper] [INFO] [GetWebdriverWait] -  Wait Object Created 
04-Sep-2020-07:40:07 [DemoProject1.ComponentHelper.GenericHelper] [INFO] [WaitForWebElement] -  Setting the Explicit wait Configured value 
04-Sep-2020-07:40:07 [DemoProject1.ComponentHelper.LinkHelper] [INFO] [click] -  Clicking on link : Element (id = b1b80823-6603-4004-9dfa-5dcecaca0435)
04-Sep-2020-07:40:13 [DemoProject1.BaseClass.BaseClass] [INFO] [TearDown] -  Stopping the Driver  
04-Sep-2020-07:40:26 [DemoProject1.ComponentHelper.BrowserHelper] [INFO] [BrowserMaximize] - Browser Maximize
04-Sep-2020-07:40:27 [DemoProject1.ComponentHelper.NavigationHelper] [INFO] [NavigateToUrl] -  Navigate To Page https://disability-dts-sandbox.primussoft.com/?_token=2
04-Sep-2020-07:40:38 [DemoProject1.ComponentHelper.LinkHelper] [INFO] [click] -  Clicking on link : Element (id = 9abb7921-4d3e-4571-a262-3a95bc485381)
04-Sep-2020-07:40:40 [DemoProject1.ComponentHelper.TextBoxHelper] [INFO] [Sendkeys] - Type in the textboxQAAutomation0904_0740
04-Sep-2020-07:40:41 [DemoProject1.ComponentHelper.TextBoxHelper] [INFO] [Sendkeys] - Type in the textboxtest
04-Sep-2020-07:40:42 [DemoProject1.ComponentHelper.TextBoxHelper] [INFO] [Sendkeys] - Type in the textboxabc@gmail.com
04-Sep-2020-07:40:42 [DemoProject1.ComponentHelper.TextBoxHelper] [INFO] [Sendkeys] - Type in the textboxxyz@gmail.com
04-Sep-2020-07:40:42 [DemoProject1.ComponentHelper.TextBoxHelper] [INFO] [Sendkeys] - Type in the textboxxyz@gmail.com
04-Sep-2020-07:40:42 [DemoProject1.ComponentHelper.TextBoxHelper] [INFO] [Sendkeys] - Type in the textboxLeave Request
04-Sep-2020-07:40:44 [DemoProject1.ComponentHelper.GenericHelper] [INFO] [IsElemetPresent] -  Checking for the element By.XPath: //input[@name='attachContainer']
04-Sep-2020-07:40:44 [DemoProject1.ComponentHelper.CheckBoxHelper] [INFO] [IsCheckBoxChecked] -  Is CheckBox Checked : By.XPath: //input[@name='attachContainer']
04-Sep-2020-07:40:44 [DemoProject1.ComponentHelper.GenericHelper] [INFO] [IsElemetPresent] -  Checking for the element By.XPath: //div[@class='mat-checkbox-inner-container mat-checkbox-inner-container-no-side-margin']
04-Sep-2020-07:40:44 [DemoProject1.ComponentHelper.GenericHelper] [INFO] [GetWebdriverWait] -  Wait Object Created 
04-Sep-2020-07:40:44 [DemoProject1.ComponentHelper.GenericHelper] [INFO] [WaitForWebElement] -  Setting the Explicit wait Configured value 
04-Sep-2020-07:40:44 [DemoProject1.ComponentHelper.LinkHelper] [INFO] [ClickLink] -  Clicking on link : By.XPath: //div[@class='mat-checkbox-inner-container mat-checkbox-inner-container-no-side-margin']
04-Sep-2020-07:40:44 [DemoProject1.ComponentHelper.GenericHelper] [INFO] [GetWebdriverWait] -  Wait Object Created 
04-Sep-2020-07:40:44 [DemoProject1.ComponentHelper.GenericHelper] [INFO] [WaitForWebElement] -  Setting the Explicit wait Configured value 
04-Sep-2020-07:40:44 [DemoProject1.ComponentHelper.LinkHelper] [INFO] [click] -  Clicking on link : Element (id = 3c595484-26d2-4834-b8c5-2804d72b8d81)
04-Sep-2020-07:40:49 [DemoProject1.BaseClass.BaseClass] [INFO] [TearDown] -  Stopping the Driver  
04-Sep-2020-07:45:21 [DemoProject1.ComponentHelper.BrowserHelper] [INFO] [BrowserMaximize] - Browser Maximize
04-Sep-2020-07:45:21 [DemoProject1.ComponentHelper.NavigationHelper] [INFO] [NavigateToUrl] -  Navigate To Page https://disability-dts-sandbox.primussoft.com/?_token=2
04-Sep-2020-07:45:33 [DemoProject1.ComponentHelper.LinkHelper] [INFO] [click] -  Clicking on link : Element (id = e58a9d0a-6fff-48c8-824e-faa89fd23203)
04-Sep-2020-07:45:33 [DemoProject1.ComponentHelper.GenericHelper] [INFO] [IsElemetPresent] -  Checking for the element By.XPath: //input[@name='templateName']
04-Sep-2020-07:45:34 [DemoProject1.DTS_StepDefination.CreateNewScriptTemplate] [INFO] [ThenIShouldBeOnScriptTemplatePage] - I am on the script templete page
04-Sep-2020-07:45:36 [DemoProject1.ComponentHelper.TextBoxHelper] [INFO] [Sendkeys] - Type in the textboxScript0904_0745
04-Sep-2020-07:45:36 [DemoProject1.ComponentHelper.TextBoxHelper] [INFO] [Sendkeys] - Type in the textboxThis is test template 
04-Sep-2020-07:45:39 [DemoProject1.ComponentHelper.GenericHelper] [INFO] [GetWebdriverWait] -  Wait Object Created 
04-Sep-2020-07:45:39 [DemoProject1.ComponentHelper.GenericHelper] [INFO] [WaitForWebElement] -  Setting the Explicit wait Configured value 
04-Sep-2020-07:45:41 [DemoProject1.ComponentHelper.TakeScreenShots] [INFO] [CaptureScreenshoots] -  ScreenShot Taken : ScriptTemplate Properties without Attachement.jpeg2020-09-04-45-41
04-Sep-2020-07:45:41 [DemoProject1.BaseClass.BaseClass] [INFO] [TearDown] -  Stopping the Driver  
04-Sep-2020-07:48:37 [DemoProject1.ComponentHelper.BrowserHelper] [INFO] [BrowserMaximize] - Browser Maximize
04-Sep-2020-07:48:38 [DemoProject1.ComponentHelper.NavigationHelper] [INFO] [NavigateToUrl] -  Navigate To Page https://disability-dts-sandbox.primussoft.com/?_token=2
04-Sep-2020-07:48:48 [DemoProject1.ComponentHelper.LinkHelper] [INFO] [click] -  Clicking on link : Element (id = 1b9b9494-e9de-4660-ad38-4e5e95daa61c)
04-Sep-2020-07:48:48 [DemoProject1.ComponentHelper.GenericHelper] [INFO] [IsElemetPresent] -  Checking for the element By.XPath: //input[@name='templateName']
04-Sep-2020-07:48:48 [DemoProject1.DTS_StepDefination.CreateNewScriptTemplate] [INFO] [ThenIShouldBeOnScriptTemplatePage] - I am on the script templete page
04-Sep-2020-07:48:50 [DemoProject1.ComponentHelper.TextBoxHelper] [INFO] [Sendkeys] - Type in the textboxScript0904_0748
04-Sep-2020-07:48:50 [DemoProject1.ComponentHelper.TextBoxHelper] [INFO] [Sendkeys] - Type in the textboxThis is test template 
04-Sep-2020-07:48:53 [DemoProject1.ComponentHelper.GenericHelper] [INFO] [GetWebdriverWait] -  Wait Object Created 
04-Sep-2020-07:48:53 [DemoProject1.ComponentHelper.GenericHelper] [INFO] [WaitForWebElement] -  Setting the Explicit wait Configured value 
04-Sep-2020-07:48:55 [DemoProject1.ComponentHelper.TakeScreenShots] [INFO] [CaptureScreenshoots] -  ScreenShot Taken : ScriptTemplate Properties without Attachement.jpeg2020-09-04-48-55
04-Sep-2020-07:48:56 [DemoProject1.BaseClass.BaseClass] [INFO] [TearDown] -  Stopping the Driver  
04-Sep-2020-07:55:37 [DemoProject1.ComponentHelper.BrowserHelper] [INFO] [BrowserMaximize] - Browser Maximize
04-Sep-2020-07:55:37 [DemoProject1.ComponentHelper.NavigationHelper] [INFO] [NavigateToUrl] -  Navigate To Page https://disability-dts-sandbox.primussoft.com/?_token=2
04-Sep-2020-07:55:47 [DemoProject1.ComponentHelper.LinkHelper] [INFO] [click] -  Clicking on link : Element (id = 231a5382-7853-4eee-b5c6-31d756c9b5e1)
04-Sep-2020-07:55:47 [DemoProject1.ComponentHelper.GenericHelper] [INFO] [IsElemetPresent] -  Checking for the element By.XPath: //input[@name='templateName']
04-Sep-2020-07:55:47 [DemoProject1.DTS_StepDefination.CreateNewScriptTemplate] [INFO] [ThenIShouldBeOnScriptTemplatePage] - I am on the script templete page
04-Sep-2020-07:55:50 [DemoProject1.ComponentHelper.TextBoxHelper] [INFO] [Sendkeys] - Type in the textboxScript0904_0755
04-Sep-2020-07:55:50 [DemoProject1.ComponentHelper.TextBoxHelper] [INFO] [Sendkeys] - Type in the textboxThis is test template 
04-Sep-2020-07:55:55 [DemoProject1.ComponentHelper.GenericHelper] [INFO] [GetWebdriverWait] -  Wait Object Created 
04-Sep-2020-07:55:55 [DemoProject1.ComponentHelper.GenericHelper] [INFO] [WaitForWebElement] -  Setting the Explicit wait Configured value 
04-Sep-2020-07:55:57 [DemoProject1.ComponentHelper.TakeScreenShots] [INFO] [CaptureScreenshoots] -  ScreenShot Taken : ScriptTemplate Properties without Attachement.jpeg2020-09-04-55-57
04-Sep-2020-07:55:57 [DemoProject1.BaseClass.BaseClass] [INFO] [TearDown] -  Stopping the Driver  
04-Sep-2020-07:58:26 [DemoProject1.ComponentHelper.BrowserHelper] [INFO] [BrowserMaximize] - Browser Maximize
04-Sep-2020-07:58:27 [DemoProject1.ComponentHelper.NavigationHelper] [INFO] [NavigateToUrl] -  Navigate To Page https://disability-dts-sandbox.primussoft.com/?_token=2
04-Sep-2020-07:58:39 [DemoProject1.ComponentHelper.LinkHelper] [INFO] [click] -  Clicking on link : Element (id = baa60680-a40a-4ca9-bd3a-0cc59d6b22e5)
04-Sep-2020-07:58:41 [DemoProject1.ComponentHelper.TextBoxHelper] [INFO] [Sendkeys] - Type in the textboxDevtest0904_0758
04-Sep-2020-07:58:41 [DemoProject1.ComponentHelper.TextBoxHelper] [INFO] [Sendkeys] - Type in the textboxDocument
04-Sep-2020-07:58:41 [DemoProject1.ComponentHelper.LinkHelper] [INFO] [click] -  Clicking on link : Element (id = 7a1691ee-9cee-48a2-b9e6-92bee6a469b1)
04-Sep-2020-07:58:43 [DemoProject1.ComponentHelper.GenericHelper] [INFO] [GetWebdriverWait] -  Wait Object Created 
04-Sep-2020-07:58:43 [DemoProject1.ComponentHelper.GenericHelper] [INFO] [WaitForWebElement] -  Setting the Explicit wait Configured value 
04-Sep-2020-07:58:43 [DemoProject1.ComponentHelper.LinkHelper] [INFO] [click] -  Clicking on link : Element (id = e4c42aaf-ab55-4166-87a5-92cff4f377a5)
04-Sep-2020-07:58:49 [DemoProject1.BaseClass.BaseClass] [INFO] [TearDown] -  Stopping the Driver  
04-Sep-2020-07:59:04 [DemoProject1.ComponentHelper.BrowserHelper] [INFO] [BrowserMaximize] - Browser Maximize
04-Sep-2020-07:59:05 [DemoProject1.ComponentHelper.NavigationHelper] [INFO] [NavigateToUrl] -  Navigate To Page https://disability-dts-sandbox.primussoft.com/?_token=2
04-Sep-2020-07:59:17 [DemoProject1.ComponentHelper.LinkHelper] [INFO] [click] -  Clicking on link : Element (id = aa5f7341-5ac8-4540-b1f9-751a72008168)
04-Sep-2020-07:59:19 [DemoProject1.ComponentHelper.TextBoxHelper] [INFO] [Sendkeys] - Type in the textboxDevtest0904_0759
04-Sep-2020-07:59:19 [DemoProject1.ComponentHelper.TextBoxHelper] [INFO] [Sendkeys] - Type in the textboxDocument
04-Sep-2020-07:59:19 [DemoProject1.ComponentHelper.GenericHelper] [INFO] [GetWebdriverWait] -  Wait Object Created 
04-Sep-2020-07:59:19 [DemoProject1.ComponentHelper.GenericHelper] [INFO] [WaitForWebElement] -  Setting the Explicit wait Configured value 
04-Sep-2020-07:59:20 [DemoProject1.ComponentHelper.LinkHelper] [INFO] [click] -  Clicking on link : Element (id = 7f950762-da91-484a-a683-6e7e80fa302f)
04-Sep-2020-07:59:25 [DemoProject1.BaseClass.BaseClass] [INFO] [TearDown] -  Stopping the Driver  
04-Sep-2020-10:26:15 [DemoProject1.ComponentHelper.BrowserHelper] [INFO] [BrowserMaximize] - Browser Maximize
04-Sep-2020-10:26:16 [DemoProject1.ComponentHelper.NavigationHelper] [INFO] [NavigateToUrl] -  Navigate To Page https://disability-dts-sandbox.primussoft.com/?_token=2
04-Sep-2020-10:26:27 [DemoProject1.ComponentHelper.LinkHelper] [INFO] [click] -  Clicking on link : Element (id = bcbd019f-554d-4fe1-a843-488fcda11441)
04-Sep-2020-10:26:27 [DemoProject1.ComponentHelper.GenericHelper] [INFO] [IsElemetPresent] -  Checking for the element By.XPath: //input[@name='templateName']
04-Sep-2020-10:26:28 [DemoProject1.DTS_StepDefination.CreateNewScriptTemplate] [INFO] [ThenIShouldBeOnScriptTemplatePage] - I am on the script templete page
04-Sep-2020-10:26:30 [DemoProject1.ComponentHelper.TextBoxHelper] [INFO] [Sendkeys] - Type in the textboxScript0904_1026
04-Sep-2020-10:26:30 [DemoProject1.ComponentHelper.TextBoxHelper] [INFO] [Sendkeys] - Type in the textboxThis is test template 
04-Sep-2020-10:26:33 [DemoProject1.ComponentHelper.GenericHelper] [INFO] [GetWebdriverWait] -  Wait Object Created 
04-Sep-2020-10:26:33 [DemoProject1.ComponentHelper.GenericHelper] [INFO] [WaitForWebElement] -  Setting the Explicit wait Configured value 
04-Sep-2020-10:26:35 [DemoProject1.ComponentHelper.TakeScreenShots] [INFO] [CaptureScreenshoots] -  ScreenShot Taken : ScriptTemplate Properties without Attachement.jpeg2020-09-04-26-35
04-Sep-2020-10:26:36 [DemoProject1.BaseClass.BaseClass] [INFO] [TearDown] -  Stopping the Driver  
04-Sep-2020-10:28:15 [DemoProject1.ComponentHelper.BrowserHelper] [INFO] [BrowserMaximize] - Browser Maximize
04-Sep-2020-10:28:15 [DemoProject1.ComponentHelper.NavigationHelper] [INFO] [NavigateToUrl] -  Navigate To Page https://disability-dts-sandbox.primussoft.com/?_token=2
04-Sep-2020-10:28:26 [DemoProject1.ComponentHelper.LinkHelper] [INFO] [click] -  Clicking on link : Element (id = b4afb82c-1e82-4c29-83db-6fc91b24a815)
04-Sep-2020-10:28:26 [DemoProject1.ComponentHelper.GenericHelper] [INFO] [IsElemetPresent] -  Checking for the element By.XPath: //input[@name='templateName']
04-Sep-2020-10:28:27 [DemoProject1.DTS_StepDefination.CreateNewScriptTemplate] [INFO] [ThenIShouldBeOnScriptTemplatePage] - I am on the script templete page
04-Sep-2020-10:28:29 [DemoProject1.ComponentHelper.TextBoxHelper] [INFO] [Sendkeys] - Type in the textboxScript0904_1028
04-Sep-2020-10:28:29 [DemoProject1.ComponentHelper.TextBoxHelper] [INFO] [Sendkeys] - Type in the textboxThis is test template 
04-Sep-2020-10:28:32 [DemoProject1.ComponentHelper.GenericHelper] [INFO] [GetWebdriverWait] -  Wait Object Created 
04-Sep-2020-10:28:32 [DemoProject1.ComponentHelper.GenericHelper] [INFO] [WaitForWebElement] -  Setting the Explicit wait Configured value 
04-Sep-2020-10:28:35 [DemoProject1.ComponentHelper.TakeScreenShots] [INFO] [CaptureScreenshoots] -  ScreenShot Taken : ScriptTemplate Properties without Attachement.jpeg2020-09-04-28-35
04-Sep-2020-10:28:35 [DemoProject1.BaseClass.BaseClass] [INFO] [TearDown] -  Stopping the Driver  
04-Sep-2020-10:38:49 [DemoProject1.ComponentHelper.BrowserHelper] [INFO] [BrowserMaximize] - Browser Maximize
04-Sep-2020-10:38:49 [DemoProject1.ComponentHelper.NavigationHelper] [INFO] [NavigateToUrl] -  Navigate To Page https://disability-dts-sandbox.primussoft.com/?_token=2
04-Sep-2020-10:39:05 [DemoProject1.ComponentHelper.LinkHelper] [INFO] [click] -  Clicking on link : Element (id = 99401e98-992b-49a2-8223-0eb055d4ff34)
04-Sep-2020-10:39:05 [DemoProject1.ComponentHelper.GenericHelper] [INFO] [IsElemetPresent] -  Checking for the element By.XPath: //input[@name='templateName']
04-Sep-2020-10:39:05 [DemoProject1.DTS_StepDefination.CreateNewScriptTemplate] [INFO] [ThenIShouldBeOnScriptTemplatePage] - I am on the script templete page
04-Sep-2020-10:39:07 [DemoProject1.ComponentHelper.TextBoxHelper] [INFO] [Sendkeys] - Type in the textboxScript0904_1038
04-Sep-2020-10:39:08 [DemoProject1.ComponentHelper.TextBoxHelper] [INFO] [Sendkeys] - Type in the textboxThis is test template 
04-Sep-2020-10:39:33 [DemoProject1.ComponentHelper.GenericHelper] [INFO] [GetWebdriverWait] -  Wait Object Created 
04-Sep-2020-10:39:34 [DemoProject1.ComponentHelper.GenericHelper] [INFO] [WaitForWebElement] -  Setting the Explicit wait Configured value 
04-Sep-2020-10:39:34 [DemoProject1.ComponentHelper.LinkHelper] [INFO] [click] -  Clicking on link : Element (id = 0dd1baf4-32e8-416a-9fc5-6b5aab62b363)
04-Sep-2020-10:39:40 [DemoProject1.BaseClass.BaseClass] [INFO] [TearDown] -  Stopping the Driver  
04-Sep-2020-10:45:14 [DemoProject1.ComponentHelper.BrowserHelper] [INFO] [BrowserMaximize] - Browser Maximize
04-Sep-2020-10:45:15 [DemoProject1.ComponentHelper.NavigationHelper] [INFO] [NavigateToUrl] -  Navigate To Page https://disability-dts-sandbox.primussoft.com/?_token=2
04-Sep-2020-10:45:26 [DemoProject1.ComponentHelper.LinkHelper] [INFO] [click] -  Clicking on link : Element (id = f039f1d0-ef9d-44c3-90b6-c229c5a8078d)
04-Sep-2020-10:45:26 [DemoProject1.ComponentHelper.GenericHelper] [INFO] [IsElemetPresent] -  Checking for the element By.XPath: //input[@name='templateName']
04-Sep-2020-10:45:26 [DemoProject1.DTS_StepDefination.CreateNewScriptTemplate] [INFO] [ThenIShouldBeOnScriptTemplatePage] - I am on the script templete page
04-Sep-2020-10:45:29 [DemoProject1.ComponentHelper.TextBoxHelper] [INFO] [Sendkeys] - Type in the textboxScript0904_1045
04-Sep-2020-10:45:29 [DemoProject1.ComponentHelper.TextBoxHelper] [INFO] [Sendkeys] - Type in the textboxThis is test template 
04-Sep-2020-10:46:01 [DemoProject1.ComponentHelper.GenericHelper] [INFO] [GetWebdriverWait] -  Wait Object Created 
04-Sep-2020-10:46:01 [DemoProject1.ComponentHelper.GenericHelper] [INFO] [WaitForWebElement] -  Setting the Explicit wait Configured value 
04-Sep-2020-10:46:01 [DemoProject1.ComponentHelper.LinkHelper] [INFO] [click] -  Clicking on link : Element (id = 99aab682-6220-4ed8-94f1-63c01975747c)
04-Sep-2020-10:46:06 [DemoProject1.BaseClass.BaseClass] [INFO] [TearDown] -  Stopping the Driver  
04-Sep-2020-11:18:34 [DemoProject1.ComponentHelper.BrowserHelper] [INFO] [BrowserMaximize] - Browser Maximize
04-Sep-2020-11:18:35 [DemoProject1.ComponentHelper.NavigationHelper] [INFO] [NavigateToUrl] -  Navigate To Page https://disability-dts-sandbox.primussoft.com/?_token=2
04-Sep-2020-11:18:47 [DemoProject1.ComponentHelper.LinkHelper] [INFO] [click] -  Clicking on link : Element (id = 58f97b3d-ecac-400c-b0b2-ae9f35e0f823)
04-Sep-2020-11:18:47 [DemoProject1.ComponentHelper.GenericHelper] [INFO] [IsElemetPresent] -  Checking for the element By.XPath: //input[@name='templateName']
04-Sep-2020-11:18:47 [DemoProject1.DTS_StepDefination.CreateNewScriptTemplate] [INFO] [ThenIShouldBeOnScriptTemplatePage] - I am on the script templete page
04-Sep-2020-11:18:49 [DemoProject1.ComponentHelper.TextBoxHelper] [INFO] [Sendkeys] - Type in the textboxScript0904_1118
04-Sep-2020-11:18:49 [DemoProject1.ComponentHelper.TextBoxHelper] [INFO] [Sendkeys] - Type in the textboxThis is test template 
04-Sep-2020-11:18:59 [DemoProject1.ComponentHelper.TakeScreenShots] [INFO] [CaptureScreenshoots] -  ScreenShot Taken : ScriptTemplate Properties without Attachement.jpeg2020-09-04-18-59
04-Sep-2020-11:18:59 [DemoProject1.BaseClass.BaseClass] [INFO] [TearDown] -  Stopping the Driver  
04-Sep-2020-11:20:46 [DemoProject1.ComponentHelper.BrowserHelper] [INFO] [BrowserMaximize] - Browser Maximize
04-Sep-2020-11:20:47 [DemoProject1.ComponentHelper.NavigationHelper] [INFO] [NavigateToUrl] -  Navigate To Page https://disability-dts-sandbox.primussoft.com/?_token=2
04-Sep-2020-11:21:00 [DemoProject1.ComponentHelper.LinkHelper] [INFO] [click] -  Clicking on link : Element (id = e921c3ef-9117-4eea-b578-bb4f1f578c1f)
04-Sep-2020-11:21:00 [DemoProject1.ComponentHelper.GenericHelper] [INFO] [IsElemetPresent] -  Checking for the element By.XPath: //input[@name='templateName']
04-Sep-2020-11:21:00 [DemoProject1.DTS_StepDefination.CreateNewScriptTemplate] [INFO] [ThenIShouldBeOnScriptTemplatePage] - I am on the script templete page
04-Sep-2020-11:21:03 [DemoProject1.ComponentHelper.TextBoxHelper] [INFO] [Sendkeys] - Type in the textboxScript0904_1120
04-Sep-2020-11:21:03 [DemoProject1.ComponentHelper.TextBoxHelper] [INFO] [Sendkeys] - Type in the textboxThis is test template 
04-Sep-2020-11:21:12 [DemoProject1.ComponentHelper.TakeScreenShots] [INFO] [CaptureScreenshoots] -  ScreenShot Taken : ScriptTemplate Properties without Attachement.jpeg2020-09-04-21-12
04-Sep-2020-11:21:12 [DemoProject1.BaseClass.BaseClass] [INFO] [TearDown] -  Stopping the Driver  
04-Sep-2020-11:23:32 [DemoProject1.ComponentHelper.BrowserHelper] [INFO] [BrowserMaximize] - Browser Maximize
04-Sep-2020-11:23:33 [DemoProject1.ComponentHelper.NavigationHelper] [INFO] [NavigateToUrl] -  Navigate To Page https://disability-dts-sandbox.primussoft.com/?_token=2
04-Sep-2020-11:23:44 [DemoProject1.ComponentHelper.LinkHelper] [INFO] [click] -  Clicking on link : Element (id = 6fc747f7-97cc-4060-9945-5ec7164ba239)
04-Sep-2020-11:23:44 [DemoProject1.ComponentHelper.GenericHelper] [INFO] [IsElemetPresent] -  Checking for the element By.XPath: //input[@name='templateName']
04-Sep-2020-11:23:44 [DemoProject1.DTS_StepDefination.CreateNewScriptTemplate] [INFO] [ThenIShouldBeOnScriptTemplatePage] - I am on the script templete page
04-Sep-2020-11:23:47 [DemoProject1.ComponentHelper.TextBoxHelper] [INFO] [Sendkeys] - Type in the textboxScript0904_1123
04-Sep-2020-11:23:47 [DemoProject1.ComponentHelper.TextBoxHelper] [INFO] [Sendkeys] - Type in the textboxThis is test template 
04-Sep-2020-11:28:17 [DemoProject1.BaseClass.BaseClass] [INFO] [TearDown] -  Stopping the Driver  
